[2.630s] Invoking command in '/opt/rosmicropy/components/micro_ros_espidf_component/micro_ros_src/src/ros2_tracing/tracetools_trace': PYTHONPATH=/opt/rosmicropy/components/micro_ros_espidf_component/micro_ros_src/build/tracetools_trace/prefix_override:/opt/rosmicropy/components/micro_ros_espidf_component/micro_ros_src/install/lib/python3.8/site-packages:${PYTHONPATH} X_CFLAGS=-mlongcalls X_CXXFLAGS=-mlongcalls /opt/esp/python_env/idf5.1_py3.8_env/bin/python setup.py egg_info --egg-base ../../../build/tracetools_trace build --build-base /opt/rosmicropy/components/micro_ros_espidf_component/micro_ros_src/build/tracetools_trace/build install --record /opt/rosmicropy/components/micro_ros_espidf_component/micro_ros_src/build/tracetools_trace/install.log --single-version-externally-managed
[2.931s] running egg_info
[2.931s] creating ../../../build/tracetools_trace/tracetools_trace.egg-info
[2.931s] writing ../../../build/tracetools_trace/tracetools_trace.egg-info/PKG-INFO
[2.932s] writing dependency_links to ../../../build/tracetools_trace/tracetools_trace.egg-info/dependency_links.txt
[2.932s] writing entry points to ../../../build/tracetools_trace/tracetools_trace.egg-info/entry_points.txt
[2.932s] writing requirements to ../../../build/tracetools_trace/tracetools_trace.egg-info/requires.txt
[2.932s] writing top-level names to ../../../build/tracetools_trace/tracetools_trace.egg-info/top_level.txt
[2.932s] writing manifest file '../../../build/tracetools_trace/tracetools_trace.egg-info/SOURCES.txt'
[2.932s] reading manifest file '../../../build/tracetools_trace/tracetools_trace.egg-info/SOURCES.txt'
[2.932s] writing manifest file '../../../build/tracetools_trace/tracetools_trace.egg-info/SOURCES.txt'
[2.932s] running build
[2.932s] running build_py
[2.932s] creating /opt/rosmicropy/components/micro_ros_espidf_component/micro_ros_src/build/tracetools_trace/build
[2.932s] creating /opt/rosmicropy/components/micro_ros_espidf_component/micro_ros_src/build/tracetools_trace/build/lib
[2.932s] creating /opt/rosmicropy/components/micro_ros_espidf_component/micro_ros_src/build/tracetools_trace/build/lib/tracetools_trace
[2.932s] copying tracetools_trace/__init__.py -> /opt/rosmicropy/components/micro_ros_espidf_component/micro_ros_src/build/tracetools_trace/build/lib/tracetools_trace
[2.932s] copying tracetools_trace/trace.py -> /opt/rosmicropy/components/micro_ros_espidf_component/micro_ros_src/build/tracetools_trace/build/lib/tracetools_trace
[2.932s] creating /opt/rosmicropy/components/micro_ros_espidf_component/micro_ros_src/build/tracetools_trace/build/lib/tracetools_trace/tools
[2.932s] copying tracetools_trace/tools/path.py -> /opt/rosmicropy/components/micro_ros_espidf_component/micro_ros_src/build/tracetools_trace/build/lib/tracetools_trace/tools
[2.932s] copying tracetools_trace/tools/signals.py -> /opt/rosmicropy/components/micro_ros_espidf_component/micro_ros_src/build/tracetools_trace/build/lib/tracetools_trace/tools
[2.932s] copying tracetools_trace/tools/lttng_impl.py -> /opt/rosmicropy/components/micro_ros_espidf_component/micro_ros_src/build/tracetools_trace/build/lib/tracetools_trace/tools
[2.933s] copying tracetools_trace/tools/tracepoints.py -> /opt/rosmicropy/components/micro_ros_espidf_component/micro_ros_src/build/tracetools_trace/build/lib/tracetools_trace/tools
[2.933s] copying tracetools_trace/tools/__init__.py -> /opt/rosmicropy/components/micro_ros_espidf_component/micro_ros_src/build/tracetools_trace/build/lib/tracetools_trace/tools
[2.933s] copying tracetools_trace/tools/args.py -> /opt/rosmicropy/components/micro_ros_espidf_component/micro_ros_src/build/tracetools_trace/build/lib/tracetools_trace/tools
[2.933s] copying tracetools_trace/tools/lttng.py -> /opt/rosmicropy/components/micro_ros_espidf_component/micro_ros_src/build/tracetools_trace/build/lib/tracetools_trace/tools
[2.933s] copying tracetools_trace/tools/lttng_stub.py -> /opt/rosmicropy/components/micro_ros_espidf_component/micro_ros_src/build/tracetools_trace/build/lib/tracetools_trace/tools
[2.933s] copying tracetools_trace/tools/names.py -> /opt/rosmicropy/components/micro_ros_espidf_component/micro_ros_src/build/tracetools_trace/build/lib/tracetools_trace/tools
[2.933s] running install
[2.946s] running install_lib
[2.951s] creating /opt/rosmicropy/components/micro_ros_espidf_component/micro_ros_src/install/lib/python3.8/site-packages/tracetools_trace
[2.951s] copying /opt/rosmicropy/components/micro_ros_espidf_component/micro_ros_src/build/tracetools_trace/build/lib/tracetools_trace/__init__.py -> /opt/rosmicropy/components/micro_ros_espidf_component/micro_ros_src/install/lib/python3.8/site-packages/tracetools_trace
[2.951s] creating /opt/rosmicropy/components/micro_ros_espidf_component/micro_ros_src/install/lib/python3.8/site-packages/tracetools_trace/tools
[2.951s] copying /opt/rosmicropy/components/micro_ros_espidf_component/micro_ros_src/build/tracetools_trace/build/lib/tracetools_trace/tools/path.py -> /opt/rosmicropy/components/micro_ros_espidf_component/micro_ros_src/install/lib/python3.8/site-packages/tracetools_trace/tools
[2.951s] copying /opt/rosmicropy/components/micro_ros_espidf_component/micro_ros_src/build/tracetools_trace/build/lib/tracetools_trace/tools/signals.py -> /opt/rosmicropy/components/micro_ros_espidf_component/micro_ros_src/install/lib/python3.8/site-packages/tracetools_trace/tools
[2.952s] copying /opt/rosmicropy/components/micro_ros_espidf_component/micro_ros_src/build/tracetools_trace/build/lib/tracetools_trace/tools/lttng_impl.py -> /opt/rosmicropy/components/micro_ros_espidf_component/micro_ros_src/install/lib/python3.8/site-packages/tracetools_trace/tools
[2.952s] copying /opt/rosmicropy/components/micro_ros_espidf_component/micro_ros_src/build/tracetools_trace/build/lib/tracetools_trace/tools/tracepoints.py -> /opt/rosmicropy/components/micro_ros_espidf_component/micro_ros_src/install/lib/python3.8/site-packages/tracetools_trace/tools
[3.169s] copying /opt/rosmicropy/components/micro_ros_espidf_component/micro_ros_src/build/tracetools_trace/build/lib/tracetools_trace/tools/__init__.py -> /opt/rosmicropy/components/micro_ros_espidf_component/micro_ros_src/install/lib/python3.8/site-packages/tracetools_trace/tools
[3.169s] copying /opt/rosmicropy/components/micro_ros_espidf_component/micro_ros_src/build/tracetools_trace/build/lib/tracetools_trace/tools/args.py -> /opt/rosmicropy/components/micro_ros_espidf_component/micro_ros_src/install/lib/python3.8/site-packages/tracetools_trace/tools
[3.170s] copying /opt/rosmicropy/components/micro_ros_espidf_component/micro_ros_src/build/tracetools_trace/build/lib/tracetools_trace/tools/lttng.py -> /opt/rosmicropy/components/micro_ros_espidf_component/micro_ros_src/install/lib/python3.8/site-packages/tracetools_trace/tools
[3.170s] copying /opt/rosmicropy/components/micro_ros_espidf_component/micro_ros_src/build/tracetools_trace/build/lib/tracetools_trace/tools/lttng_stub.py -> /opt/rosmicropy/components/micro_ros_espidf_component/micro_ros_src/install/lib/python3.8/site-packages/tracetools_trace/tools
[3.362s] copying /opt/rosmicropy/components/micro_ros_espidf_component/micro_ros_src/build/tracetools_trace/build/lib/tracetools_trace/tools/names.py -> /opt/rosmicropy/components/micro_ros_espidf_component/micro_ros_src/install/lib/python3.8/site-packages/tracetools_trace/tools
[3.362s] copying /opt/rosmicropy/components/micro_ros_espidf_component/micro_ros_src/build/tracetools_trace/build/lib/tracetools_trace/trace.py -> /opt/rosmicropy/components/micro_ros_espidf_component/micro_ros_src/install/lib/python3.8/site-packages/tracetools_trace
[3.362s] byte-compiling /opt/rosmicropy/components/micro_ros_espidf_component/micro_ros_src/install/lib/python3.8/site-packages/tracetools_trace/__init__.py to __init__.cpython-38.pyc
[3.363s] byte-compiling /opt/rosmicropy/components/micro_ros_espidf_component/micro_ros_src/install/lib/python3.8/site-packages/tracetools_trace/tools/path.py to path.cpython-38.pyc
[3.363s] byte-compiling /opt/rosmicropy/components/micro_ros_espidf_component/micro_ros_src/install/lib/python3.8/site-packages/tracetools_trace/tools/signals.py to signals.cpython-38.pyc
[3.363s] byte-compiling /opt/rosmicropy/components/micro_ros_espidf_component/micro_ros_src/install/lib/python3.8/site-packages/tracetools_trace/tools/lttng_impl.py to lttng_impl.cpython-38.pyc
[3.363s] byte-compiling /opt/rosmicropy/components/micro_ros_espidf_component/micro_ros_src/install/lib/python3.8/site-packages/tracetools_trace/tools/tracepoints.py to tracepoints.cpython-38.pyc
[3.363s] byte-compiling /opt/rosmicropy/components/micro_ros_espidf_component/micro_ros_src/install/lib/python3.8/site-packages/tracetools_trace/tools/__init__.py to __init__.cpython-38.pyc
[3.363s] byte-compiling /opt/rosmicropy/components/micro_ros_espidf_component/micro_ros_src/install/lib/python3.8/site-packages/tracetools_trace/tools/args.py to args.cpython-38.pyc
[3.363s] byte-compiling /opt/rosmicropy/components/micro_ros_espidf_component/micro_ros_src/install/lib/python3.8/site-packages/tracetools_trace/tools/lttng.py to lttng.cpython-38.pyc
[3.363s] byte-compiling /opt/rosmicropy/components/micro_ros_espidf_component/micro_ros_src/install/lib/python3.8/site-packages/tracetools_trace/tools/lttng_stub.py to lttng_stub.cpython-38.pyc
[3.364s] byte-compiling /opt/rosmicropy/components/micro_ros_espidf_component/micro_ros_src/install/lib/python3.8/site-packages/tracetools_trace/tools/names.py to names.cpython-38.pyc
[3.364s] byte-compiling /opt/rosmicropy/components/micro_ros_espidf_component/micro_ros_src/install/lib/python3.8/site-packages/tracetools_trace/trace.py to trace.cpython-38.pyc
[3.365s] running install_data
[3.365s] copying package.xml -> /opt/rosmicropy/components/micro_ros_espidf_component/micro_ros_src/install/share/tracetools_trace
[3.365s] copying resource/tracetools_trace -> /opt/rosmicropy/components/micro_ros_espidf_component/micro_ros_src/install/share/ament_index/resource_index/packages
[3.365s] running install_egg_info
[3.366s] Copying ../../../build/tracetools_trace/tracetools_trace.egg-info to /opt/rosmicropy/components/micro_ros_espidf_component/micro_ros_src/install/lib/python3.8/site-packages/tracetools_trace-4.1.1-py3.8.egg-info
[3.366s] running install_scripts
[3.366s] Installing trace script to /opt/rosmicropy/components/micro_ros_espidf_component/micro_ros_src/install/lib/tracetools_trace
[3.366s] writing list of installed files to '/opt/rosmicropy/components/micro_ros_espidf_component/micro_ros_src/build/tracetools_trace/install.log'
[3.371s] /opt/esp/python_env/idf5.1_py3.8_env/lib/python3.8/site-packages/setuptools/_distutils/cmd.py:66: SetuptoolsDeprecationWarning: setup.py install is deprecated.
[3.371s] !!
[3.371s] 
[3.371s]         ********************************************************************************
[3.371s]         Please avoid running ``setup.py`` directly.
[3.371s]         Instead, use pypa/build, pypa/installer or other
[3.372s]         standards-based tools.
[3.372s] 
[3.372s]         See https://blog.ganssle.io/articles/2021/10/setup-py-deprecated.html for details.
[3.372s]         ********************************************************************************
[3.372s] 
[3.372s] !!
[3.372s]   self.initialize_options()
[3.808s] Invoked command in '/opt/rosmicropy/components/micro_ros_espidf_component/micro_ros_src/src/ros2_tracing/tracetools_trace' returned '0': PYTHONPATH=/opt/rosmicropy/components/micro_ros_espidf_component/micro_ros_src/build/tracetools_trace/prefix_override:/opt/rosmicropy/components/micro_ros_espidf_component/micro_ros_src/install/lib/python3.8/site-packages:${PYTHONPATH} X_CFLAGS=-mlongcalls X_CXXFLAGS=-mlongcalls /opt/esp/python_env/idf5.1_py3.8_env/bin/python setup.py egg_info --egg-base ../../../build/tracetools_trace build --build-base /opt/rosmicropy/components/micro_ros_espidf_component/micro_ros_src/build/tracetools_trace/build install --record /opt/rosmicropy/components/micro_ros_espidf_component/micro_ros_src/build/tracetools_trace/install.log --single-version-externally-managed
