Not searching for unused variables given on the command line.
-- The C compiler identification is GNU 12.2.0
-- The CXX compiler identification is GNU 12.2.0
-- Detecting C compiler ABI info
-- Detecting C compiler ABI info - done
-- Check for working C compiler: /opt/esp/tools/xtensa-esp32s3-elf/esp-12.2.0_20230208/xtensa-esp32s3-elf/bin/xtensa-esp32s3-elf-gcc - skipped
-- Detecting C compile features
-- Detecting C compile features - done
-- Detecting CXX compiler ABI info
-- Detecting CXX compiler ABI info - done
-- Check for working CXX compiler: /opt/esp/tools/xtensa-esp32s3-elf/esp-12.2.0_20230208/xtensa-esp32s3-elf/bin/xtensa-esp32s3-elf-g++ - skipped
-- Detecting CXX compile features
-- Detecting CXX compile features - done
-- Found ament_cmake_ros: 0.10.0 (/opt/rosmicropy/components/micro_ros_espidf_component/micro_ros_dev/install/ament_cmake_ros/share/ament_cmake_ros/cmake)
-- Found Python3: /opt/esp/python_env/idf5.1_py3.8_env/bin/python3 (found version "3.8.10") found components: Interpreter 
-- Configuring done
-- Generating done
-- Build files have been written to: /opt/rosmicropy/components/micro_ros_espidf_component/micro_ros_src/build/tracetools
make[1]: Entering directory '/opt/rosmicropy/components/micro_ros_espidf_component/micro_ros_src/build/tracetools'
make[1]: Leaving directory '/opt/rosmicropy/components/micro_ros_espidf_component/micro_ros_src/build/tracetools'
-- Install configuration: "Release"
-- Installing: /opt/rosmicropy/components/micro_ros_espidf_component/micro_ros_src/install/include/tracetools
-- Installing: /opt/rosmicropy/components/micro_ros_espidf_component/micro_ros_src/install/include/tracetools/tracetools
-- Installing: /opt/rosmicropy/components/micro_ros_espidf_component/micro_ros_src/install/include/tracetools/tracetools/config.h
-- Installing: /opt/rosmicropy/components/micro_ros_espidf_component/micro_ros_src/install/include/tracetools/tracetools/tracetools.h
-- Installing: /opt/rosmicropy/components/micro_ros_espidf_component/micro_ros_src/install/include/tracetools/tracetools/visibility_control.hpp
-- Installing: /opt/rosmicropy/components/micro_ros_espidf_component/micro_ros_src/install/include/tracetools/tracetools/utils.hpp
-- Installing: /opt/rosmicropy/components/micro_ros_espidf_component/micro_ros_src/install/share/ament_index/resource_index/package_run_dependencies/tracetools
-- Installing: /opt/rosmicropy/components/micro_ros_espidf_component/micro_ros_src/install/share/ament_index/resource_index/parent_prefix_path/tracetools
-- Installing: /opt/rosmicropy/components/micro_ros_espidf_component/micro_ros_src/install/share/tracetools/environment/ament_prefix_path.sh
-- Installing: /opt/rosmicropy/components/micro_ros_espidf_component/micro_ros_src/install/share/tracetools/environment/ament_prefix_path.dsv
-- Installing: /opt/rosmicropy/components/micro_ros_espidf_component/micro_ros_src/install/share/tracetools/environment/path.sh
-- Installing: /opt/rosmicropy/components/micro_ros_espidf_component/micro_ros_src/install/share/tracetools/environment/path.dsv
-- Installing: /opt/rosmicropy/components/micro_ros_espidf_component/micro_ros_src/install/share/tracetools/local_setup.bash
-- Installing: /opt/rosmicropy/components/micro_ros_espidf_component/micro_ros_src/install/share/tracetools/local_setup.sh
-- Installing: /opt/rosmicropy/components/micro_ros_espidf_component/micro_ros_src/install/share/tracetools/local_setup.zsh
-- Installing: /opt/rosmicropy/components/micro_ros_espidf_component/micro_ros_src/install/share/tracetools/local_setup.dsv
-- Installing: /opt/rosmicropy/components/micro_ros_espidf_component/micro_ros_src/install/share/tracetools/package.dsv
-- Installing: /opt/rosmicropy/components/micro_ros_espidf_component/micro_ros_src/install/share/ament_index/resource_index/packages/tracetools
-- Installing: /opt/rosmicropy/components/micro_ros_espidf_component/micro_ros_src/install/share/tracetools/cmake/tracetools_exportExport.cmake
-- Installing: /opt/rosmicropy/components/micro_ros_espidf_component/micro_ros_src/install/share/tracetools/cmake/ament_cmake_export_targets-extras.cmake
-- Installing: /opt/rosmicropy/components/micro_ros_espidf_component/micro_ros_src/install/share/tracetools/cmake/ament_cmake_export_include_directories-extras.cmake
-- Installing: /opt/rosmicropy/components/micro_ros_espidf_component/micro_ros_src/install/share/tracetools/cmake/tracetoolsConfig.cmake
-- Installing: /opt/rosmicropy/components/micro_ros_espidf_component/micro_ros_src/install/share/tracetools/cmake/tracetoolsConfig-version.cmake
-- Installing: /opt/rosmicropy/components/micro_ros_espidf_component/micro_ros_src/install/share/tracetools/package.xml
