Not searching for unused variables given on the command line.
-- The C compiler identification is GNU 12.2.0
-- The CXX compiler identification is GNU 12.2.0
-- Detecting C compiler ABI info
-- Detecting C compiler ABI info - done
-- Check for working C compiler: /opt/esp/tools/xtensa-esp32s3-elf/esp-12.2.0_20230208/xtensa-esp32s3-elf/bin/xtensa-esp32s3-elf-gcc - skipped
-- Detecting C compile features
-- Detecting C compile features - done
-- Detecting CXX compiler ABI info
-- Detecting CXX compiler ABI info - done
-- Check for working CXX compiler: /opt/esp/tools/xtensa-esp32s3-elf/esp-12.2.0_20230208/xtensa-esp32s3-elf/bin/xtensa-esp32s3-elf-g++ - skipped
-- Detecting CXX compile features
-- Detecting CXX compile features - done
-- Found ament_cmake: 1.3.8 (/opt/rosmicropy/components/micro_ros_espidf_component/micro_ros_dev/install/ament_cmake/share/ament_cmake/cmake)
-- Found Python3: /opt/esp/python_env/idf5.1_py3.8_env/bin/python3 (found version "3.8.10") found components: Interpreter 
-- Found rosidl_default_generators: 1.2.0 (/opt/rosmicropy/components/micro_ros_espidf_component/micro_ros_src/install/share/rosidl_default_generators/cmake)
-- Using all available rosidl_typesupport_c: rosidl_typesupport_introspection_c;rosidl_typesupport_microxrcedds_c
-- Found rosidl_adapter: 3.1.5 (/opt/rosmicropy/components/micro_ros_espidf_component/micro_ros_src/install/share/rosidl_adapter/cmake)
-- Found ament_cmake_ros: 0.10.0 (/opt/rosmicropy/components/micro_ros_espidf_component/micro_ros_dev/install/ament_cmake_ros/share/ament_cmake_ros/cmake)
-- Using all available rosidl_typesupport_c: rosidl_typesupport_introspection_c;rosidl_typesupport_microxrcedds_c
-- Configuring done
-- Generating done
-- Build files have been written to: /opt/rosmicropy/components/micro_ros_espidf_component/micro_ros_src/build/std_srvs
make[1]: Entering directory '/opt/rosmicropy/components/micro_ros_espidf_component/micro_ros_src/build/std_srvs'
make[2]: Entering directory '/opt/rosmicropy/components/micro_ros_espidf_component/micro_ros_src/build/std_srvs'
make[3]: Entering directory '/opt/rosmicropy/components/micro_ros_espidf_component/micro_ros_src/build/std_srvs'
[  5%] Generating C code for ROS interfaces
make[3]: Leaving directory '/opt/rosmicropy/components/micro_ros_espidf_component/micro_ros_src/build/std_srvs'
make[3]: Entering directory '/opt/rosmicropy/components/micro_ros_espidf_component/micro_ros_src/build/std_srvs'
[ 10%] Building C object CMakeFiles/std_srvs__rosidl_generator_c.dir/rosidl_generator_c/std_srvs/srv/detail/empty__functions.c.obj
[ 15%] Building C object CMakeFiles/std_srvs__rosidl_generator_c.dir/rosidl_generator_c/std_srvs/srv/detail/set_bool__functions.c.obj
[ 20%] Building C object CMakeFiles/std_srvs__rosidl_generator_c.dir/rosidl_generator_c/std_srvs/srv/detail/trigger__functions.c.obj
[ 25%] Linking C static library libstd_srvs__rosidl_generator_c.a
make[3]: Leaving directory '/opt/rosmicropy/components/micro_ros_espidf_component/micro_ros_src/build/std_srvs'
[ 25%] Built target std_srvs__rosidl_generator_c
make[3]: Entering directory '/opt/rosmicropy/components/micro_ros_espidf_component/micro_ros_src/build/std_srvs'
[ 30%] Generating C introspection for ROS interfaces
make[3]: Entering directory '/opt/rosmicropy/components/micro_ros_espidf_component/micro_ros_src/build/std_srvs'
make[3]: Entering directory '/opt/rosmicropy/components/micro_ros_espidf_component/micro_ros_src/build/std_srvs'
[ 35%] Generating C type support for eProsima Micro XRCE-DDS
[ 40%] Generating C type support dispatch for ROS interfaces
make[3]: Leaving directory '/opt/rosmicropy/components/micro_ros_espidf_component/micro_ros_src/build/std_srvs'
make[3]: Entering directory '/opt/rosmicropy/components/micro_ros_espidf_component/micro_ros_src/build/std_srvs'
[ 45%] Building C object CMakeFiles/std_srvs__rosidl_typesupport_introspection_c.dir/rosidl_typesupport_introspection_c/std_srvs/srv/detail/empty__type_support.c.obj
[ 50%] Building C object CMakeFiles/std_srvs__rosidl_typesupport_introspection_c.dir/rosidl_typesupport_introspection_c/std_srvs/srv/detail/set_bool__type_support.c.obj
[ 55%] Building C object CMakeFiles/std_srvs__rosidl_typesupport_introspection_c.dir/rosidl_typesupport_introspection_c/std_srvs/srv/detail/trigger__type_support.c.obj
[ 60%] Linking C static library libstd_srvs__rosidl_typesupport_introspection_c.a
make[3]: Leaving directory '/opt/rosmicropy/components/micro_ros_espidf_component/micro_ros_src/build/std_srvs'
[ 60%] Built target std_srvs__rosidl_typesupport_introspection_c
make[3]: Leaving directory '/opt/rosmicropy/components/micro_ros_espidf_component/micro_ros_src/build/std_srvs'
make[3]: Entering directory '/opt/rosmicropy/components/micro_ros_espidf_component/micro_ros_src/build/std_srvs'
[ 65%] Building CXX object CMakeFiles/std_srvs__rosidl_typesupport_c.dir/rosidl_typesupport_c/std_srvs/srv/empty__type_support.cpp.obj
[ 75%] Building CXX object CMakeFiles/std_srvs__rosidl_typesupport_c.dir/rosidl_typesupport_c/std_srvs/srv/trigger__type_support.cpp.obj
[ 75%] Building CXX object CMakeFiles/std_srvs__rosidl_typesupport_c.dir/rosidl_typesupport_c/std_srvs/srv/set_bool__type_support.cpp.obj
make[3]: Leaving directory '/opt/rosmicropy/components/micro_ros_espidf_component/micro_ros_src/build/std_srvs'
make[3]: Entering directory '/opt/rosmicropy/components/micro_ros_espidf_component/micro_ros_src/build/std_srvs'
[ 80%] Building C object CMakeFiles/std_srvs__rosidl_typesupport_microxrcedds_c.dir/rosidl_typesupport_microxrcedds_c/std_srvs/srv/detail/microxrcedds/empty__type_support_c.c.obj
[ 85%] Building C object CMakeFiles/std_srvs__rosidl_typesupport_microxrcedds_c.dir/rosidl_typesupport_microxrcedds_c/std_srvs/srv/detail/microxrcedds/set_bool__type_support_c.c.obj
[ 90%] Building C object CMakeFiles/std_srvs__rosidl_typesupport_microxrcedds_c.dir/rosidl_typesupport_microxrcedds_c/std_srvs/srv/detail/microxrcedds/trigger__type_support_c.c.obj
[ 95%] Linking CXX static library libstd_srvs__rosidl_typesupport_c.a
make[3]: Leaving directory '/opt/rosmicropy/components/micro_ros_espidf_component/micro_ros_src/build/std_srvs'
[ 95%] Built target std_srvs__rosidl_typesupport_c
[100%] Linking C static library libstd_srvs__rosidl_typesupport_microxrcedds_c.a
make[3]: Leaving directory '/opt/rosmicropy/components/micro_ros_espidf_component/micro_ros_src/build/std_srvs'
[100%] Built target std_srvs__rosidl_typesupport_microxrcedds_c
make[3]: Entering directory '/opt/rosmicropy/components/micro_ros_espidf_component/micro_ros_src/build/std_srvs'
make[3]: Leaving directory '/opt/rosmicropy/components/micro_ros_espidf_component/micro_ros_src/build/std_srvs'
[100%] Built target std_srvs
make[2]: Leaving directory '/opt/rosmicropy/components/micro_ros_espidf_component/micro_ros_src/build/std_srvs'
make[1]: Leaving directory '/opt/rosmicropy/components/micro_ros_espidf_component/micro_ros_src/build/std_srvs'
-- Install configuration: "Release"
-- Installing: /opt/rosmicropy/components/micro_ros_espidf_component/micro_ros_src/install/share/ament_index/resource_index/rosidl_interfaces/std_srvs
-- Installing: /opt/rosmicropy/components/micro_ros_espidf_component/micro_ros_src/install/include/std_srvs/std_srvs
-- Installing: /opt/rosmicropy/components/micro_ros_espidf_component/micro_ros_src/install/include/std_srvs/std_srvs/msg
-- Installing: /opt/rosmicropy/components/micro_ros_espidf_component/micro_ros_src/install/include/std_srvs/std_srvs/msg/rosidl_generator_c__visibility_control.h
-- Installing: /opt/rosmicropy/components/micro_ros_espidf_component/micro_ros_src/install/include/std_srvs/std_srvs/srv
-- Installing: /opt/rosmicropy/components/micro_ros_espidf_component/micro_ros_src/install/include/std_srvs/std_srvs/srv/set_bool.h
-- Installing: /opt/rosmicropy/components/micro_ros_espidf_component/micro_ros_src/install/include/std_srvs/std_srvs/srv/empty.h
-- Installing: /opt/rosmicropy/components/micro_ros_espidf_component/micro_ros_src/install/include/std_srvs/std_srvs/srv/trigger.h
-- Installing: /opt/rosmicropy/components/micro_ros_espidf_component/micro_ros_src/install/include/std_srvs/std_srvs/srv/detail
-- Installing: /opt/rosmicropy/components/micro_ros_espidf_component/micro_ros_src/install/include/std_srvs/std_srvs/srv/detail/empty__type_support.h
-- Installing: /opt/rosmicropy/components/micro_ros_espidf_component/micro_ros_src/install/include/std_srvs/std_srvs/srv/detail/trigger__functions.c
-- Installing: /opt/rosmicropy/components/micro_ros_espidf_component/micro_ros_src/install/include/std_srvs/std_srvs/srv/detail/trigger__struct.h
-- Installing: /opt/rosmicropy/components/micro_ros_espidf_component/micro_ros_src/install/include/std_srvs/std_srvs/srv/detail/empty__functions.c
-- Installing: /opt/rosmicropy/components/micro_ros_espidf_component/micro_ros_src/install/include/std_srvs/std_srvs/srv/detail/set_bool__functions.h
-- Installing: /opt/rosmicropy/components/micro_ros_espidf_component/micro_ros_src/install/include/std_srvs/std_srvs/srv/detail/empty__struct.h
-- Installing: /opt/rosmicropy/components/micro_ros_espidf_component/micro_ros_src/install/include/std_srvs/std_srvs/srv/detail/trigger__type_support.h
-- Installing: /opt/rosmicropy/components/micro_ros_espidf_component/micro_ros_src/install/include/std_srvs/std_srvs/srv/detail/set_bool__struct.h
-- Installing: /opt/rosmicropy/components/micro_ros_espidf_component/micro_ros_src/install/include/std_srvs/std_srvs/srv/detail/set_bool__type_support.h
-- Installing: /opt/rosmicropy/components/micro_ros_espidf_component/micro_ros_src/install/include/std_srvs/std_srvs/srv/detail/set_bool__functions.c
-- Installing: /opt/rosmicropy/components/micro_ros_espidf_component/micro_ros_src/install/include/std_srvs/std_srvs/srv/detail/trigger__functions.h
-- Installing: /opt/rosmicropy/components/micro_ros_espidf_component/micro_ros_src/install/include/std_srvs/std_srvs/srv/detail/empty__functions.h
-- Installing: /opt/rosmicropy/components/micro_ros_espidf_component/micro_ros_src/install/share/std_srvs/environment/library_path.sh
-- Installing: /opt/rosmicropy/components/micro_ros_espidf_component/micro_ros_src/install/share/std_srvs/environment/library_path.dsv
-- Installing: /opt/rosmicropy/components/micro_ros_espidf_component/micro_ros_src/install/lib/libstd_srvs__rosidl_generator_c.a
-- Up-to-date: /opt/rosmicropy/components/micro_ros_espidf_component/micro_ros_src/install/include/std_srvs/std_srvs
-- Up-to-date: /opt/rosmicropy/components/micro_ros_espidf_component/micro_ros_src/install/include/std_srvs/std_srvs/msg
-- Installing: /opt/rosmicropy/components/micro_ros_espidf_component/micro_ros_src/install/include/std_srvs/std_srvs/msg/rosidl_typesupport_introspection_c__visibility_control.h
-- Up-to-date: /opt/rosmicropy/components/micro_ros_espidf_component/micro_ros_src/install/include/std_srvs/std_srvs/srv
-- Up-to-date: /opt/rosmicropy/components/micro_ros_espidf_component/micro_ros_src/install/include/std_srvs/std_srvs/srv/detail
-- Installing: /opt/rosmicropy/components/micro_ros_espidf_component/micro_ros_src/install/include/std_srvs/std_srvs/srv/detail/set_bool__rosidl_typesupport_introspection_c.h
-- Installing: /opt/rosmicropy/components/micro_ros_espidf_component/micro_ros_src/install/include/std_srvs/std_srvs/srv/detail/trigger__type_support.c
-- Installing: /opt/rosmicropy/components/micro_ros_espidf_component/micro_ros_src/install/include/std_srvs/std_srvs/srv/detail/empty__rosidl_typesupport_introspection_c.h
-- Installing: /opt/rosmicropy/components/micro_ros_espidf_component/micro_ros_src/install/include/std_srvs/std_srvs/srv/detail/set_bool__type_support.c
-- Installing: /opt/rosmicropy/components/micro_ros_espidf_component/micro_ros_src/install/include/std_srvs/std_srvs/srv/detail/trigger__rosidl_typesupport_introspection_c.h
-- Installing: /opt/rosmicropy/components/micro_ros_espidf_component/micro_ros_src/install/include/std_srvs/std_srvs/srv/detail/empty__type_support.c
-- Installing: /opt/rosmicropy/components/micro_ros_espidf_component/micro_ros_src/install/lib/libstd_srvs__rosidl_typesupport_introspection_c.a
-- Up-to-date: /opt/rosmicropy/components/micro_ros_espidf_component/micro_ros_src/install/include/std_srvs
-- Installing: /opt/rosmicropy/components/micro_ros_espidf_component/micro_ros_src/install/include/std_srvs/msg
-- Installing: /opt/rosmicropy/components/micro_ros_espidf_component/micro_ros_src/install/include/std_srvs/msg/rosidl_typesupport_microxrcedds_c__visibility_control.h
-- Installing: /opt/rosmicropy/components/micro_ros_espidf_component/micro_ros_src/install/include/std_srvs/srv
-- Installing: /opt/rosmicropy/components/micro_ros_espidf_component/micro_ros_src/install/include/std_srvs/srv/detail
-- Installing: /opt/rosmicropy/components/micro_ros_espidf_component/micro_ros_src/install/include/std_srvs/srv/detail/empty__rosidl_typesupport_microxrcedds_c.h
-- Installing: /opt/rosmicropy/components/micro_ros_espidf_component/micro_ros_src/install/include/std_srvs/srv/detail/set_bool__rosidl_typesupport_microxrcedds_c.h
-- Installing: /opt/rosmicropy/components/micro_ros_espidf_component/micro_ros_src/install/include/std_srvs/srv/detail/microxrcedds
-- Installing: /opt/rosmicropy/components/micro_ros_espidf_component/micro_ros_src/install/include/std_srvs/srv/detail/trigger__rosidl_typesupport_microxrcedds_c.h
-- Installing: /opt/rosmicropy/components/micro_ros_espidf_component/micro_ros_src/install/lib/libstd_srvs__rosidl_typesupport_microxrcedds_c.a
-- Installing: /opt/rosmicropy/components/micro_ros_espidf_component/micro_ros_src/install/lib/libstd_srvs__rosidl_typesupport_c.a
-- Installing: /opt/rosmicropy/components/micro_ros_espidf_component/micro_ros_src/install/share/std_srvs/srv/Empty.idl
-- Installing: /opt/rosmicropy/components/micro_ros_espidf_component/micro_ros_src/install/share/std_srvs/srv/SetBool.idl
-- Installing: /opt/rosmicropy/components/micro_ros_espidf_component/micro_ros_src/install/share/std_srvs/srv/Trigger.idl
-- Installing: /opt/rosmicropy/components/micro_ros_espidf_component/micro_ros_src/install/share/std_srvs/srv/Empty.srv
-- Installing: /opt/rosmicropy/components/micro_ros_espidf_component/micro_ros_src/install/share/std_srvs/srv/Empty_Request.msg
-- Installing: /opt/rosmicropy/components/micro_ros_espidf_component/micro_ros_src/install/share/std_srvs/srv/Empty_Response.msg
-- Installing: /opt/rosmicropy/components/micro_ros_espidf_component/micro_ros_src/install/share/std_srvs/srv/SetBool.srv
-- Installing: /opt/rosmicropy/components/micro_ros_espidf_component/micro_ros_src/install/share/std_srvs/srv/SetBool_Request.msg
-- Installing: /opt/rosmicropy/components/micro_ros_espidf_component/micro_ros_src/install/share/std_srvs/srv/SetBool_Response.msg
-- Installing: /opt/rosmicropy/components/micro_ros_espidf_component/micro_ros_src/install/share/std_srvs/srv/Trigger.srv
-- Installing: /opt/rosmicropy/components/micro_ros_espidf_component/micro_ros_src/install/share/std_srvs/srv/Trigger_Request.msg
-- Installing: /opt/rosmicropy/components/micro_ros_espidf_component/micro_ros_src/install/share/std_srvs/srv/Trigger_Response.msg
-- Installing: /opt/rosmicropy/components/micro_ros_espidf_component/micro_ros_src/install/share/ament_index/resource_index/package_run_dependencies/std_srvs
-- Installing: /opt/rosmicropy/components/micro_ros_espidf_component/micro_ros_src/install/share/ament_index/resource_index/parent_prefix_path/std_srvs
-- Installing: /opt/rosmicropy/components/micro_ros_espidf_component/micro_ros_src/install/share/std_srvs/environment/ament_prefix_path.sh
-- Installing: /opt/rosmicropy/components/micro_ros_espidf_component/micro_ros_src/install/share/std_srvs/environment/ament_prefix_path.dsv
-- Installing: /opt/rosmicropy/components/micro_ros_espidf_component/micro_ros_src/install/share/std_srvs/environment/path.sh
-- Installing: /opt/rosmicropy/components/micro_ros_espidf_component/micro_ros_src/install/share/std_srvs/environment/path.dsv
-- Installing: /opt/rosmicropy/components/micro_ros_espidf_component/micro_ros_src/install/share/std_srvs/local_setup.bash
-- Installing: /opt/rosmicropy/components/micro_ros_espidf_component/micro_ros_src/install/share/std_srvs/local_setup.sh
-- Installing: /opt/rosmicropy/components/micro_ros_espidf_component/micro_ros_src/install/share/std_srvs/local_setup.zsh
-- Installing: /opt/rosmicropy/components/micro_ros_espidf_component/micro_ros_src/install/share/std_srvs/local_setup.dsv
-- Installing: /opt/rosmicropy/components/micro_ros_espidf_component/micro_ros_src/install/share/std_srvs/package.dsv
-- Installing: /opt/rosmicropy/components/micro_ros_espidf_component/micro_ros_src/install/share/ament_index/resource_index/packages/std_srvs
-- Installing: /opt/rosmicropy/components/micro_ros_espidf_component/micro_ros_src/install/share/std_srvs/cmake/export_std_srvs__rosidl_generator_cExport.cmake
-- Installing: /opt/rosmicropy/components/micro_ros_espidf_component/micro_ros_src/install/share/std_srvs/cmake/export_std_srvs__rosidl_generator_cExport-release.cmake
-- Installing: /opt/rosmicropy/components/micro_ros_espidf_component/micro_ros_src/install/share/std_srvs/cmake/std_srvs__rosidl_typesupport_introspection_cExport.cmake
-- Installing: /opt/rosmicropy/components/micro_ros_espidf_component/micro_ros_src/install/share/std_srvs/cmake/std_srvs__rosidl_typesupport_introspection_cExport-release.cmake
-- Installing: /opt/rosmicropy/components/micro_ros_espidf_component/micro_ros_src/install/share/std_srvs/cmake/std_srvs__rosidl_typesupport_cExport.cmake
-- Installing: /opt/rosmicropy/components/micro_ros_espidf_component/micro_ros_src/install/share/std_srvs/cmake/std_srvs__rosidl_typesupport_cExport-release.cmake
-- Installing: /opt/rosmicropy/components/micro_ros_espidf_component/micro_ros_src/install/share/std_srvs/cmake/rosidl_cmake-extras.cmake
-- Installing: /opt/rosmicropy/components/micro_ros_espidf_component/micro_ros_src/install/share/std_srvs/cmake/ament_cmake_export_include_directories-extras.cmake
-- Installing: /opt/rosmicropy/components/micro_ros_espidf_component/micro_ros_src/install/share/std_srvs/cmake/ament_cmake_export_libraries-extras.cmake
-- Installing: /opt/rosmicropy/components/micro_ros_espidf_component/micro_ros_src/install/share/std_srvs/cmake/ament_cmake_export_targets-extras.cmake
-- Installing: /opt/rosmicropy/components/micro_ros_espidf_component/micro_ros_src/install/share/std_srvs/cmake/rosidl_cmake_export_typesupport_targets-extras.cmake
-- Installing: /opt/rosmicropy/components/micro_ros_espidf_component/micro_ros_src/install/share/std_srvs/cmake/ament_cmake_export_dependencies-extras.cmake
-- Installing: /opt/rosmicropy/components/micro_ros_espidf_component/micro_ros_src/install/share/std_srvs/cmake/rosidl_cmake_export_typesupport_libraries-extras.cmake
-- Installing: /opt/rosmicropy/components/micro_ros_espidf_component/micro_ros_src/install/share/std_srvs/cmake/std_srvsConfig.cmake
-- Installing: /opt/rosmicropy/components/micro_ros_espidf_component/micro_ros_src/install/share/std_srvs/cmake/std_srvsConfig-version.cmake
-- Installing: /opt/rosmicropy/components/micro_ros_espidf_component/micro_ros_src/install/share/std_srvs/package.xml
