Not searching for unused variables given on the command line.
-- The C compiler identification is GNU 12.2.0
-- The CXX compiler identification is GNU 12.2.0
-- Detecting C compiler ABI info
-- Detecting C compiler ABI info - done
-- Check for working C compiler: /opt/esp/tools/xtensa-esp32s3-elf/esp-12.2.0_20230208/xtensa-esp32s3-elf/bin/xtensa-esp32s3-elf-gcc - skipped
-- Detecting C compile features
-- Detecting C compile features - done
-- Detecting CXX compiler ABI info
-- Detecting CXX compiler ABI info - done
-- Check for working CXX compiler: /opt/esp/tools/xtensa-esp32s3-elf/esp-12.2.0_20230208/xtensa-esp32s3-elf/bin/xtensa-esp32s3-elf-g++ - skipped
-- Detecting CXX compile features
-- Detecting CXX compile features - done
-- Found ament_cmake: 1.3.8 (/opt/rosmicropy/components/micro_ros_espidf_component/micro_ros_dev/install/ament_cmake/share/ament_cmake/cmake)
-- Found Python3: /opt/esp/python_env/idf5.1_py3.8_env/bin/python3 (found version "3.8.10") found components: Interpreter 
-- Found rosidl_default_generators: 1.2.0 (/opt/rosmicropy/components/micro_ros_espidf_component/micro_ros_src/install/share/rosidl_default_generators/cmake)
-- Using all available rosidl_typesupport_c: rosidl_typesupport_introspection_c;rosidl_typesupport_microxrcedds_c
-- Found rosidl_adapter: 3.1.5 (/opt/rosmicropy/components/micro_ros_espidf_component/micro_ros_src/install/share/rosidl_adapter/cmake)
-- Found ament_cmake_ros: 0.10.0 (/opt/rosmicropy/components/micro_ros_espidf_component/micro_ros_dev/install/ament_cmake_ros/share/ament_cmake_ros/cmake)
-- Using all available rosidl_typesupport_c: rosidl_typesupport_introspection_c;rosidl_typesupport_microxrcedds_c
-- Configuring done
-- Generating done
-- Build files have been written to: /opt/rosmicropy/components/micro_ros_espidf_component/micro_ros_src/build/micro_ros_msgs
make[1]: Entering directory '/opt/rosmicropy/components/micro_ros_espidf_component/micro_ros_src/build/micro_ros_msgs'
make[2]: Entering directory '/opt/rosmicropy/components/micro_ros_espidf_component/micro_ros_src/build/micro_ros_msgs'
make[3]: Entering directory '/opt/rosmicropy/components/micro_ros_espidf_component/micro_ros_src/build/micro_ros_msgs'
[  5%] Generating C code for ROS interfaces
make[3]: Leaving directory '/opt/rosmicropy/components/micro_ros_espidf_component/micro_ros_src/build/micro_ros_msgs'
make[3]: Entering directory '/opt/rosmicropy/components/micro_ros_espidf_component/micro_ros_src/build/micro_ros_msgs'
[ 10%] Building C object CMakeFiles/micro_ros_msgs__rosidl_generator_c.dir/rosidl_generator_c/micro_ros_msgs/msg/detail/graph__functions.c.obj
[ 15%] Building C object CMakeFiles/micro_ros_msgs__rosidl_generator_c.dir/rosidl_generator_c/micro_ros_msgs/msg/detail/node__functions.c.obj
[ 20%] Building C object CMakeFiles/micro_ros_msgs__rosidl_generator_c.dir/rosidl_generator_c/micro_ros_msgs/msg/detail/entity__functions.c.obj
[ 25%] Linking C static library libmicro_ros_msgs__rosidl_generator_c.a
make[3]: Leaving directory '/opt/rosmicropy/components/micro_ros_espidf_component/micro_ros_src/build/micro_ros_msgs'
[ 25%] Built target micro_ros_msgs__rosidl_generator_c
make[3]: Entering directory '/opt/rosmicropy/components/micro_ros_espidf_component/micro_ros_src/build/micro_ros_msgs'
make[3]: Entering directory '/opt/rosmicropy/components/micro_ros_espidf_component/micro_ros_src/build/micro_ros_msgs'
make[3]: Entering directory '/opt/rosmicropy/components/micro_ros_espidf_component/micro_ros_src/build/micro_ros_msgs'
[ 30%] Generating C type support dispatch for ROS interfaces
[ 35%] Generating C introspection for ROS interfaces
[ 40%] Generating C type support for eProsima Micro XRCE-DDS
make[3]: Leaving directory '/opt/rosmicropy/components/micro_ros_espidf_component/micro_ros_src/build/micro_ros_msgs'
make[3]: Entering directory '/opt/rosmicropy/components/micro_ros_espidf_component/micro_ros_src/build/micro_ros_msgs'
[ 45%] Building C object CMakeFiles/micro_ros_msgs__rosidl_typesupport_microxrcedds_c.dir/rosidl_typesupport_microxrcedds_c/micro_ros_msgs/msg/detail/microxrcedds/graph__type_support_c.c.obj
[ 50%] Building C object CMakeFiles/micro_ros_msgs__rosidl_typesupport_microxrcedds_c.dir/rosidl_typesupport_microxrcedds_c/micro_ros_msgs/msg/detail/microxrcedds/node__type_support_c.c.obj
[ 55%] Building C object CMakeFiles/micro_ros_msgs__rosidl_typesupport_microxrcedds_c.dir/rosidl_typesupport_microxrcedds_c/micro_ros_msgs/msg/detail/microxrcedds/entity__type_support_c.c.obj
make[3]: Leaving directory '/opt/rosmicropy/components/micro_ros_espidf_component/micro_ros_src/build/micro_ros_msgs'
make[3]: Entering directory '/opt/rosmicropy/components/micro_ros_espidf_component/micro_ros_src/build/micro_ros_msgs'
[ 60%] Building CXX object CMakeFiles/micro_ros_msgs__rosidl_typesupport_c.dir/rosidl_typesupport_c/micro_ros_msgs/msg/graph__type_support.cpp.obj
[ 65%] Building CXX object CMakeFiles/micro_ros_msgs__rosidl_typesupport_c.dir/rosidl_typesupport_c/micro_ros_msgs/msg/node__type_support.cpp.obj
make[3]: Leaving directory '/opt/rosmicropy/components/micro_ros_espidf_component/micro_ros_src/build/micro_ros_msgs'
make[3]: Entering directory '/opt/rosmicropy/components/micro_ros_espidf_component/micro_ros_src/build/micro_ros_msgs'
[ 70%] Building C object CMakeFiles/micro_ros_msgs__rosidl_typesupport_introspection_c.dir/rosidl_typesupport_introspection_c/micro_ros_msgs/msg/detail/node__type_support.c.obj
[ 75%] Building CXX object CMakeFiles/micro_ros_msgs__rosidl_typesupport_c.dir/rosidl_typesupport_c/micro_ros_msgs/msg/entity__type_support.cpp.obj
[ 80%] Building C object CMakeFiles/micro_ros_msgs__rosidl_typesupport_introspection_c.dir/rosidl_typesupport_introspection_c/micro_ros_msgs/msg/detail/graph__type_support.c.obj
[ 85%] Building C object CMakeFiles/micro_ros_msgs__rosidl_typesupport_introspection_c.dir/rosidl_typesupport_introspection_c/micro_ros_msgs/msg/detail/entity__type_support.c.obj
[ 90%] Linking CXX static library libmicro_ros_msgs__rosidl_typesupport_c.a
make[3]: Leaving directory '/opt/rosmicropy/components/micro_ros_espidf_component/micro_ros_src/build/micro_ros_msgs'
[ 90%] Built target micro_ros_msgs__rosidl_typesupport_c
[ 95%] Linking C static library libmicro_ros_msgs__rosidl_typesupport_microxrcedds_c.a
[100%] Linking C static library libmicro_ros_msgs__rosidl_typesupport_introspection_c.a
make[3]: Leaving directory '/opt/rosmicropy/components/micro_ros_espidf_component/micro_ros_src/build/micro_ros_msgs'
make[3]: Leaving directory '/opt/rosmicropy/components/micro_ros_espidf_component/micro_ros_src/build/micro_ros_msgs'
[100%] Built target micro_ros_msgs__rosidl_typesupport_microxrcedds_c
[100%] Built target micro_ros_msgs__rosidl_typesupport_introspection_c
make[3]: Entering directory '/opt/rosmicropy/components/micro_ros_espidf_component/micro_ros_src/build/micro_ros_msgs'
make[3]: Leaving directory '/opt/rosmicropy/components/micro_ros_espidf_component/micro_ros_src/build/micro_ros_msgs'
[100%] Built target micro_ros_msgs
make[2]: Leaving directory '/opt/rosmicropy/components/micro_ros_espidf_component/micro_ros_src/build/micro_ros_msgs'
make[1]: Leaving directory '/opt/rosmicropy/components/micro_ros_espidf_component/micro_ros_src/build/micro_ros_msgs'
-- Install configuration: "Release"
-- Installing: /opt/rosmicropy/components/micro_ros_espidf_component/micro_ros_src/install/share/ament_index/resource_index/rosidl_interfaces/micro_ros_msgs
-- Installing: /opt/rosmicropy/components/micro_ros_espidf_component/micro_ros_src/install/include/micro_ros_msgs/micro_ros_msgs
-- Installing: /opt/rosmicropy/components/micro_ros_espidf_component/micro_ros_src/install/include/micro_ros_msgs/micro_ros_msgs/msg
-- Installing: /opt/rosmicropy/components/micro_ros_espidf_component/micro_ros_src/install/include/micro_ros_msgs/micro_ros_msgs/msg/entity.h
-- Installing: /opt/rosmicropy/components/micro_ros_espidf_component/micro_ros_src/install/include/micro_ros_msgs/micro_ros_msgs/msg/rosidl_generator_c__visibility_control.h
-- Installing: /opt/rosmicropy/components/micro_ros_espidf_component/micro_ros_src/install/include/micro_ros_msgs/micro_ros_msgs/msg/graph.h
-- Installing: /opt/rosmicropy/components/micro_ros_espidf_component/micro_ros_src/install/include/micro_ros_msgs/micro_ros_msgs/msg/node.h
-- Installing: /opt/rosmicropy/components/micro_ros_espidf_component/micro_ros_src/install/include/micro_ros_msgs/micro_ros_msgs/msg/detail
-- Installing: /opt/rosmicropy/components/micro_ros_espidf_component/micro_ros_src/install/include/micro_ros_msgs/micro_ros_msgs/msg/detail/graph__struct.h
-- Installing: /opt/rosmicropy/components/micro_ros_espidf_component/micro_ros_src/install/include/micro_ros_msgs/micro_ros_msgs/msg/detail/entity__functions.c
-- Installing: /opt/rosmicropy/components/micro_ros_espidf_component/micro_ros_src/install/include/micro_ros_msgs/micro_ros_msgs/msg/detail/node__struct.h
-- Installing: /opt/rosmicropy/components/micro_ros_espidf_component/micro_ros_src/install/include/micro_ros_msgs/micro_ros_msgs/msg/detail/entity__functions.h
-- Installing: /opt/rosmicropy/components/micro_ros_espidf_component/micro_ros_src/install/include/micro_ros_msgs/micro_ros_msgs/msg/detail/graph__functions.c
-- Installing: /opt/rosmicropy/components/micro_ros_espidf_component/micro_ros_src/install/include/micro_ros_msgs/micro_ros_msgs/msg/detail/graph__type_support.h
-- Installing: /opt/rosmicropy/components/micro_ros_espidf_component/micro_ros_src/install/include/micro_ros_msgs/micro_ros_msgs/msg/detail/entity__struct.h
-- Installing: /opt/rosmicropy/components/micro_ros_espidf_component/micro_ros_src/install/include/micro_ros_msgs/micro_ros_msgs/msg/detail/node__functions.h
-- Installing: /opt/rosmicropy/components/micro_ros_espidf_component/micro_ros_src/install/include/micro_ros_msgs/micro_ros_msgs/msg/detail/graph__functions.h
-- Installing: /opt/rosmicropy/components/micro_ros_espidf_component/micro_ros_src/install/include/micro_ros_msgs/micro_ros_msgs/msg/detail/node__type_support.h
-- Installing: /opt/rosmicropy/components/micro_ros_espidf_component/micro_ros_src/install/include/micro_ros_msgs/micro_ros_msgs/msg/detail/entity__type_support.h
-- Installing: /opt/rosmicropy/components/micro_ros_espidf_component/micro_ros_src/install/include/micro_ros_msgs/micro_ros_msgs/msg/detail/node__functions.c
-- Installing: /opt/rosmicropy/components/micro_ros_espidf_component/micro_ros_src/install/share/micro_ros_msgs/environment/library_path.sh
-- Installing: /opt/rosmicropy/components/micro_ros_espidf_component/micro_ros_src/install/share/micro_ros_msgs/environment/library_path.dsv
-- Installing: /opt/rosmicropy/components/micro_ros_espidf_component/micro_ros_src/install/lib/libmicro_ros_msgs__rosidl_generator_c.a
-- Up-to-date: /opt/rosmicropy/components/micro_ros_espidf_component/micro_ros_src/install/include/micro_ros_msgs/micro_ros_msgs
-- Up-to-date: /opt/rosmicropy/components/micro_ros_espidf_component/micro_ros_src/install/include/micro_ros_msgs/micro_ros_msgs/msg
-- Installing: /opt/rosmicropy/components/micro_ros_espidf_component/micro_ros_src/install/include/micro_ros_msgs/micro_ros_msgs/msg/rosidl_typesupport_introspection_c__visibility_control.h
-- Up-to-date: /opt/rosmicropy/components/micro_ros_espidf_component/micro_ros_src/install/include/micro_ros_msgs/micro_ros_msgs/msg/detail
-- Installing: /opt/rosmicropy/components/micro_ros_espidf_component/micro_ros_src/install/include/micro_ros_msgs/micro_ros_msgs/msg/detail/graph__rosidl_typesupport_introspection_c.h
-- Installing: /opt/rosmicropy/components/micro_ros_espidf_component/micro_ros_src/install/include/micro_ros_msgs/micro_ros_msgs/msg/detail/node__rosidl_typesupport_introspection_c.h
-- Installing: /opt/rosmicropy/components/micro_ros_espidf_component/micro_ros_src/install/include/micro_ros_msgs/micro_ros_msgs/msg/detail/entity__rosidl_typesupport_introspection_c.h
-- Installing: /opt/rosmicropy/components/micro_ros_espidf_component/micro_ros_src/install/include/micro_ros_msgs/micro_ros_msgs/msg/detail/entity__type_support.c
-- Installing: /opt/rosmicropy/components/micro_ros_espidf_component/micro_ros_src/install/include/micro_ros_msgs/micro_ros_msgs/msg/detail/node__type_support.c
-- Installing: /opt/rosmicropy/components/micro_ros_espidf_component/micro_ros_src/install/include/micro_ros_msgs/micro_ros_msgs/msg/detail/graph__type_support.c
-- Installing: /opt/rosmicropy/components/micro_ros_espidf_component/micro_ros_src/install/lib/libmicro_ros_msgs__rosidl_typesupport_introspection_c.a
-- Up-to-date: /opt/rosmicropy/components/micro_ros_espidf_component/micro_ros_src/install/include/micro_ros_msgs
-- Installing: /opt/rosmicropy/components/micro_ros_espidf_component/micro_ros_src/install/include/micro_ros_msgs/msg
-- Installing: /opt/rosmicropy/components/micro_ros_espidf_component/micro_ros_src/install/include/micro_ros_msgs/msg/rosidl_typesupport_microxrcedds_c__visibility_control.h
-- Installing: /opt/rosmicropy/components/micro_ros_espidf_component/micro_ros_src/install/include/micro_ros_msgs/msg/detail
-- Installing: /opt/rosmicropy/components/micro_ros_espidf_component/micro_ros_src/install/include/micro_ros_msgs/msg/detail/entity__rosidl_typesupport_microxrcedds_c.h
-- Installing: /opt/rosmicropy/components/micro_ros_espidf_component/micro_ros_src/install/include/micro_ros_msgs/msg/detail/graph__rosidl_typesupport_microxrcedds_c.h
-- Installing: /opt/rosmicropy/components/micro_ros_espidf_component/micro_ros_src/install/include/micro_ros_msgs/msg/detail/node__rosidl_typesupport_microxrcedds_c.h
-- Installing: /opt/rosmicropy/components/micro_ros_espidf_component/micro_ros_src/install/include/micro_ros_msgs/msg/detail/microxrcedds
-- Installing: /opt/rosmicropy/components/micro_ros_espidf_component/micro_ros_src/install/lib/libmicro_ros_msgs__rosidl_typesupport_microxrcedds_c.a
-- Installing: /opt/rosmicropy/components/micro_ros_espidf_component/micro_ros_src/install/lib/libmicro_ros_msgs__rosidl_typesupport_c.a
-- Installing: /opt/rosmicropy/components/micro_ros_espidf_component/micro_ros_src/install/share/micro_ros_msgs/msg/Graph.idl
-- Installing: /opt/rosmicropy/components/micro_ros_espidf_component/micro_ros_src/install/share/micro_ros_msgs/msg/Node.idl
-- Installing: /opt/rosmicropy/components/micro_ros_espidf_component/micro_ros_src/install/share/micro_ros_msgs/msg/Entity.idl
-- Installing: /opt/rosmicropy/components/micro_ros_espidf_component/micro_ros_src/install/share/micro_ros_msgs/msg/Graph.msg
-- Installing: /opt/rosmicropy/components/micro_ros_espidf_component/micro_ros_src/install/share/micro_ros_msgs/msg/Node.msg
-- Installing: /opt/rosmicropy/components/micro_ros_espidf_component/micro_ros_src/install/share/micro_ros_msgs/msg/Entity.msg
-- Installing: /opt/rosmicropy/components/micro_ros_espidf_component/micro_ros_src/install/share/ament_index/resource_index/package_run_dependencies/micro_ros_msgs
-- Installing: /opt/rosmicropy/components/micro_ros_espidf_component/micro_ros_src/install/share/ament_index/resource_index/parent_prefix_path/micro_ros_msgs
-- Installing: /opt/rosmicropy/components/micro_ros_espidf_component/micro_ros_src/install/share/micro_ros_msgs/environment/ament_prefix_path.sh
-- Installing: /opt/rosmicropy/components/micro_ros_espidf_component/micro_ros_src/install/share/micro_ros_msgs/environment/ament_prefix_path.dsv
-- Installing: /opt/rosmicropy/components/micro_ros_espidf_component/micro_ros_src/install/share/micro_ros_msgs/environment/path.sh
-- Installing: /opt/rosmicropy/components/micro_ros_espidf_component/micro_ros_src/install/share/micro_ros_msgs/environment/path.dsv
-- Installing: /opt/rosmicropy/components/micro_ros_espidf_component/micro_ros_src/install/share/micro_ros_msgs/local_setup.bash
-- Installing: /opt/rosmicropy/components/micro_ros_espidf_component/micro_ros_src/install/share/micro_ros_msgs/local_setup.sh
-- Installing: /opt/rosmicropy/components/micro_ros_espidf_component/micro_ros_src/install/share/micro_ros_msgs/local_setup.zsh
-- Installing: /opt/rosmicropy/components/micro_ros_espidf_component/micro_ros_src/install/share/micro_ros_msgs/local_setup.dsv
-- Installing: /opt/rosmicropy/components/micro_ros_espidf_component/micro_ros_src/install/share/micro_ros_msgs/package.dsv
-- Installing: /opt/rosmicropy/components/micro_ros_espidf_component/micro_ros_src/install/share/ament_index/resource_index/packages/micro_ros_msgs
-- Installing: /opt/rosmicropy/components/micro_ros_espidf_component/micro_ros_src/install/share/micro_ros_msgs/cmake/export_micro_ros_msgs__rosidl_generator_cExport.cmake
-- Installing: /opt/rosmicropy/components/micro_ros_espidf_component/micro_ros_src/install/share/micro_ros_msgs/cmake/export_micro_ros_msgs__rosidl_generator_cExport-release.cmake
-- Installing: /opt/rosmicropy/components/micro_ros_espidf_component/micro_ros_src/install/share/micro_ros_msgs/cmake/micro_ros_msgs__rosidl_typesupport_introspection_cExport.cmake
-- Installing: /opt/rosmicropy/components/micro_ros_espidf_component/micro_ros_src/install/share/micro_ros_msgs/cmake/micro_ros_msgs__rosidl_typesupport_introspection_cExport-release.cmake
-- Installing: /opt/rosmicropy/components/micro_ros_espidf_component/micro_ros_src/install/share/micro_ros_msgs/cmake/micro_ros_msgs__rosidl_typesupport_cExport.cmake
-- Installing: /opt/rosmicropy/components/micro_ros_espidf_component/micro_ros_src/install/share/micro_ros_msgs/cmake/micro_ros_msgs__rosidl_typesupport_cExport-release.cmake
-- Installing: /opt/rosmicropy/components/micro_ros_espidf_component/micro_ros_src/install/share/micro_ros_msgs/cmake/rosidl_cmake-extras.cmake
-- Installing: /opt/rosmicropy/components/micro_ros_espidf_component/micro_ros_src/install/share/micro_ros_msgs/cmake/ament_cmake_export_include_directories-extras.cmake
-- Installing: /opt/rosmicropy/components/micro_ros_espidf_component/micro_ros_src/install/share/micro_ros_msgs/cmake/ament_cmake_export_libraries-extras.cmake
-- Installing: /opt/rosmicropy/components/micro_ros_espidf_component/micro_ros_src/install/share/micro_ros_msgs/cmake/ament_cmake_export_targets-extras.cmake
-- Installing: /opt/rosmicropy/components/micro_ros_espidf_component/micro_ros_src/install/share/micro_ros_msgs/cmake/rosidl_cmake_export_typesupport_targets-extras.cmake
-- Installing: /opt/rosmicropy/components/micro_ros_espidf_component/micro_ros_src/install/share/micro_ros_msgs/cmake/ament_cmake_export_dependencies-extras.cmake
-- Installing: /opt/rosmicropy/components/micro_ros_espidf_component/micro_ros_src/install/share/micro_ros_msgs/cmake/rosidl_cmake_export_typesupport_libraries-extras.cmake
-- Installing: /opt/rosmicropy/components/micro_ros_espidf_component/micro_ros_src/install/share/micro_ros_msgs/cmake/micro_ros_msgsConfig.cmake
-- Installing: /opt/rosmicropy/components/micro_ros_espidf_component/micro_ros_src/install/share/micro_ros_msgs/cmake/micro_ros_msgsConfig-version.cmake
-- Installing: /opt/rosmicropy/components/micro_ros_espidf_component/micro_ros_src/install/share/micro_ros_msgs/package.xml
