Not searching for unused variables given on the command line.
-- The C compiler identification is GNU 12.2.0
-- Detecting C compiler ABI info
-- Detecting C compiler ABI info - done
-- Check for working C compiler: /opt/esp/tools/xtensa-esp32s3-elf/esp-12.2.0_20230208/xtensa-esp32s3-elf/bin/xtensa-esp32s3-elf-gcc - skipped
-- Detecting C compile features
-- Detecting C compile features - done
-- The CXX compiler identification is GNU 12.2.0
-- Detecting CXX compiler ABI info
-- Detecting CXX compiler ABI info - done
-- Check for working CXX compiler: /opt/esp/tools/xtensa-esp32s3-elf/esp-12.2.0_20230208/xtensa-esp32s3-elf/bin/xtensa-esp32s3-elf-g++ - skipped
-- Detecting CXX compile features
-- Detecting CXX compile features - done
-- Configuring done
-- Generating done
-- Build files have been written to: /opt/rosmicropy/components/micro_ros_espidf_component/micro_ros_src/build/microcdr
make[1]: Entering directory '/opt/rosmicropy/components/micro_ros_espidf_component/micro_ros_src/build/microcdr'
make[2]: Entering directory '/opt/rosmicropy/components/micro_ros_espidf_component/micro_ros_src/build/microcdr'
make[3]: Entering directory '/opt/rosmicropy/components/micro_ros_espidf_component/micro_ros_src/build/microcdr'
make[3]: Leaving directory '/opt/rosmicropy/components/micro_ros_espidf_component/micro_ros_src/build/microcdr'
make[3]: Entering directory '/opt/rosmicropy/components/micro_ros_espidf_component/micro_ros_src/build/microcdr'
[ 12%] Creating directories for 'ucdr'
[ 25%] No download step for 'ucdr'
[ 37%] No update step for 'ucdr'
[ 50%] No patch step for 'ucdr'
[ 62%] Performing configure step for 'ucdr'
loading initial cache file /opt/rosmicropy/components/micro_ros_espidf_component/micro_ros_src/build/microcdr/ucdr-prefix/tmp/ucdr-cache-Release.cmake
-- Configuring done
-- Generating done
-- Build files have been written to: /opt/rosmicropy/components/micro_ros_espidf_component/micro_ros_src/build/microcdr
[ 75%] Performing build step for 'ucdr'
make[4]: Entering directory '/opt/rosmicropy/components/micro_ros_espidf_component/micro_ros_src/build/microcdr'
make[5]: Entering directory '/opt/rosmicropy/components/micro_ros_espidf_component/micro_ros_src/build/microcdr'
make[6]: Entering directory '/opt/rosmicropy/components/micro_ros_espidf_component/micro_ros_src/build/microcdr'
make[6]: Leaving directory '/opt/rosmicropy/components/micro_ros_espidf_component/micro_ros_src/build/microcdr'
make[6]: Entering directory '/opt/rosmicropy/components/micro_ros_espidf_component/micro_ros_src/build/microcdr'
[ 16%] Building C object CMakeFiles/microcdr.dir/src/c/common.c.obj
[ 33%] Building C object CMakeFiles/microcdr.dir/src/c/types/basic.c.obj
[ 50%] Building C object CMakeFiles/microcdr.dir/src/c/types/string.c.obj
[ 66%] Building C object CMakeFiles/microcdr.dir/src/c/types/array.c.obj
[ 83%] Building C object CMakeFiles/microcdr.dir/src/c/types/sequence.c.obj
[100%] Linking C static library libmicrocdr.a
make[6]: Leaving directory '/opt/rosmicropy/components/micro_ros_espidf_component/micro_ros_src/build/microcdr'
[100%] Built target microcdr
make[5]: Leaving directory '/opt/rosmicropy/components/micro_ros_espidf_component/micro_ros_src/build/microcdr'
make[4]: Leaving directory '/opt/rosmicropy/components/micro_ros_espidf_component/micro_ros_src/build/microcdr'
No install step for 'ucdr'
Completed 'ucdr'
make[3]: Leaving directory '/opt/rosmicropy/components/micro_ros_espidf_component/micro_ros_src/build/microcdr'
Built target ucdr
make[2]: Leaving directory '/opt/rosmicropy/components/micro_ros_espidf_component/micro_ros_src/build/microcdr'
make[1]: Leaving directory '/opt/rosmicropy/components/micro_ros_espidf_component/micro_ros_src/build/microcdr'
-- Install configuration: "Release"
-- Installing: /opt/rosmicropy/components/micro_ros_espidf_component/micro_ros_src/install/lib/libmicrocdr.a
-- Installing: /opt/rosmicropy/components/micro_ros_espidf_component/micro_ros_src/install/include/ucdr
-- Installing: /opt/rosmicropy/components/micro_ros_espidf_component/micro_ros_src/install/include/ucdr/visibility.h
-- Installing: /opt/rosmicropy/components/micro_ros_espidf_component/micro_ros_src/install/include/ucdr/microcdr.h
-- Installing: /opt/rosmicropy/components/micro_ros_espidf_component/micro_ros_src/install/include/ucdr/config.h
-- Installing: /opt/rosmicropy/components/micro_ros_espidf_component/micro_ros_src/install/share/microcdr/cmake/microcdrTargets.cmake
-- Installing: /opt/rosmicropy/components/micro_ros_espidf_component/micro_ros_src/install/share/microcdr/cmake/microcdrTargets-release.cmake
-- Installing: /opt/rosmicropy/components/micro_ros_espidf_component/micro_ros_src/install/share/microcdr/cmake/microcdrConfig.cmake
-- Installing: /opt/rosmicropy/components/micro_ros_espidf_component/micro_ros_src/install/share/microcdr/cmake/microcdrConfigVersion.cmake
