running egg_info
creating ../../../build/rosidl_cli/rosidl_cli.egg-info
writing ../../../build/rosidl_cli/rosidl_cli.egg-info/PKG-INFO
writing dependency_links to ../../../build/rosidl_cli/rosidl_cli.egg-info/dependency_links.txt
writing entry points to ../../../build/rosidl_cli/rosidl_cli.egg-info/entry_points.txt
writing requirements to ../../../build/rosidl_cli/rosidl_cli.egg-info/requires.txt
writing top-level names to ../../../build/rosidl_cli/rosidl_cli.egg-info/top_level.txt
writing manifest file '../../../build/rosidl_cli/rosidl_cli.egg-info/SOURCES.txt'
reading manifest file '../../../build/rosidl_cli/rosidl_cli.egg-info/SOURCES.txt'
writing manifest file '../../../build/rosidl_cli/rosidl_cli.egg-info/SOURCES.txt'
running build
running build_py
creating /opt/rosmicropy/components/micro_ros_espidf_component/micro_ros_src/build/rosidl_cli/build
creating /opt/rosmicropy/components/micro_ros_espidf_component/micro_ros_src/build/rosidl_cli/build/lib
creating /opt/rosmicropy/components/micro_ros_espidf_component/micro_ros_src/build/rosidl_cli/build/lib/rosidl_cli
copying rosidl_cli/entry_points.py -> /opt/rosmicropy/components/micro_ros_espidf_component/micro_ros_src/build/rosidl_cli/build/lib/rosidl_cli
copying rosidl_cli/__init__.py -> /opt/rosmicropy/components/micro_ros_espidf_component/micro_ros_src/build/rosidl_cli/build/lib/rosidl_cli
copying rosidl_cli/cli.py -> /opt/rosmicropy/components/micro_ros_espidf_component/micro_ros_src/build/rosidl_cli/build/lib/rosidl_cli
copying rosidl_cli/extensions.py -> /opt/rosmicropy/components/micro_ros_espidf_component/micro_ros_src/build/rosidl_cli/build/lib/rosidl_cli
copying rosidl_cli/common.py -> /opt/rosmicropy/components/micro_ros_espidf_component/micro_ros_src/build/rosidl_cli/build/lib/rosidl_cli
creating /opt/rosmicropy/components/micro_ros_espidf_component/micro_ros_src/build/rosidl_cli/build/lib/rosidl_cli/command
copying rosidl_cli/command/__init__.py -> /opt/rosmicropy/components/micro_ros_espidf_component/micro_ros_src/build/rosidl_cli/build/lib/rosidl_cli/command
copying rosidl_cli/command/helpers.py -> /opt/rosmicropy/components/micro_ros_espidf_component/micro_ros_src/build/rosidl_cli/build/lib/rosidl_cli/command
creating /opt/rosmicropy/components/micro_ros_espidf_component/micro_ros_src/build/rosidl_cli/build/lib/rosidl_cli/command/translate
copying rosidl_cli/command/translate/api.py -> /opt/rosmicropy/components/micro_ros_espidf_component/micro_ros_src/build/rosidl_cli/build/lib/rosidl_cli/command/translate
copying rosidl_cli/command/translate/__init__.py -> /opt/rosmicropy/components/micro_ros_espidf_component/micro_ros_src/build/rosidl_cli/build/lib/rosidl_cli/command/translate
copying rosidl_cli/command/translate/extensions.py -> /opt/rosmicropy/components/micro_ros_espidf_component/micro_ros_src/build/rosidl_cli/build/lib/rosidl_cli/command/translate
creating /opt/rosmicropy/components/micro_ros_espidf_component/micro_ros_src/build/rosidl_cli/build/lib/rosidl_cli/command/generate
copying rosidl_cli/command/generate/api.py -> /opt/rosmicropy/components/micro_ros_espidf_component/micro_ros_src/build/rosidl_cli/build/lib/rosidl_cli/command/generate
copying rosidl_cli/command/generate/__init__.py -> /opt/rosmicropy/components/micro_ros_espidf_component/micro_ros_src/build/rosidl_cli/build/lib/rosidl_cli/command/generate
copying rosidl_cli/command/generate/extensions.py -> /opt/rosmicropy/components/micro_ros_espidf_component/micro_ros_src/build/rosidl_cli/build/lib/rosidl_cli/command/generate
running install
running install_lib
creating /opt/rosmicropy/components/micro_ros_espidf_component/micro_ros_src/install/lib/python3.8/site-packages/rosidl_cli
copying /opt/rosmicropy/components/micro_ros_espidf_component/micro_ros_src/build/rosidl_cli/build/lib/rosidl_cli/entry_points.py -> /opt/rosmicropy/components/micro_ros_espidf_component/micro_ros_src/install/lib/python3.8/site-packages/rosidl_cli
copying /opt/rosmicropy/components/micro_ros_espidf_component/micro_ros_src/build/rosidl_cli/build/lib/rosidl_cli/__init__.py -> /opt/rosmicropy/components/micro_ros_espidf_component/micro_ros_src/install/lib/python3.8/site-packages/rosidl_cli
copying /opt/rosmicropy/components/micro_ros_espidf_component/micro_ros_src/build/rosidl_cli/build/lib/rosidl_cli/cli.py -> /opt/rosmicropy/components/micro_ros_espidf_component/micro_ros_src/install/lib/python3.8/site-packages/rosidl_cli
creating /opt/rosmicropy/components/micro_ros_espidf_component/micro_ros_src/install/lib/python3.8/site-packages/rosidl_cli/command
copying /opt/rosmicropy/components/micro_ros_espidf_component/micro_ros_src/build/rosidl_cli/build/lib/rosidl_cli/command/__init__.py -> /opt/rosmicropy/components/micro_ros_espidf_component/micro_ros_src/install/lib/python3.8/site-packages/rosidl_cli/command
creating /opt/rosmicropy/components/micro_ros_espidf_component/micro_ros_src/install/lib/python3.8/site-packages/rosidl_cli/command/translate
copying /opt/rosmicropy/components/micro_ros_espidf_component/micro_ros_src/build/rosidl_cli/build/lib/rosidl_cli/command/translate/api.py -> /opt/rosmicropy/components/micro_ros_espidf_component/micro_ros_src/install/lib/python3.8/site-packages/rosidl_cli/command/translate
copying /opt/rosmicropy/components/micro_ros_espidf_component/micro_ros_src/build/rosidl_cli/build/lib/rosidl_cli/command/translate/__init__.py -> /opt/rosmicropy/components/micro_ros_espidf_component/micro_ros_src/install/lib/python3.8/site-packages/rosidl_cli/command/translate
copying /opt/rosmicropy/components/micro_ros_espidf_component/micro_ros_src/build/rosidl_cli/build/lib/rosidl_cli/command/translate/extensions.py -> /opt/rosmicropy/components/micro_ros_espidf_component/micro_ros_src/install/lib/python3.8/site-packages/rosidl_cli/command/translate
creating /opt/rosmicropy/components/micro_ros_espidf_component/micro_ros_src/install/lib/python3.8/site-packages/rosidl_cli/command/generate
copying /opt/rosmicropy/components/micro_ros_espidf_component/micro_ros_src/build/rosidl_cli/build/lib/rosidl_cli/command/generate/api.py -> /opt/rosmicropy/components/micro_ros_espidf_component/micro_ros_src/install/lib/python3.8/site-packages/rosidl_cli/command/generate
copying /opt/rosmicropy/components/micro_ros_espidf_component/micro_ros_src/build/rosidl_cli/build/lib/rosidl_cli/command/generate/__init__.py -> /opt/rosmicropy/components/micro_ros_espidf_component/micro_ros_src/install/lib/python3.8/site-packages/rosidl_cli/command/generate
copying /opt/rosmicropy/components/micro_ros_espidf_component/micro_ros_src/build/rosidl_cli/build/lib/rosidl_cli/command/generate/extensions.py -> /opt/rosmicropy/components/micro_ros_espidf_component/micro_ros_src/install/lib/python3.8/site-packages/rosidl_cli/command/generate
copying /opt/rosmicropy/components/micro_ros_espidf_component/micro_ros_src/build/rosidl_cli/build/lib/rosidl_cli/command/helpers.py -> /opt/rosmicropy/components/micro_ros_espidf_component/micro_ros_src/install/lib/python3.8/site-packages/rosidl_cli/command
copying /opt/rosmicropy/components/micro_ros_espidf_component/micro_ros_src/build/rosidl_cli/build/lib/rosidl_cli/extensions.py -> /opt/rosmicropy/components/micro_ros_espidf_component/micro_ros_src/install/lib/python3.8/site-packages/rosidl_cli
copying /opt/rosmicropy/components/micro_ros_espidf_component/micro_ros_src/build/rosidl_cli/build/lib/rosidl_cli/common.py -> /opt/rosmicropy/components/micro_ros_espidf_component/micro_ros_src/install/lib/python3.8/site-packages/rosidl_cli
byte-compiling /opt/rosmicropy/components/micro_ros_espidf_component/micro_ros_src/install/lib/python3.8/site-packages/rosidl_cli/entry_points.py to entry_points.cpython-38.pyc
byte-compiling /opt/rosmicropy/components/micro_ros_espidf_component/micro_ros_src/install/lib/python3.8/site-packages/rosidl_cli/__init__.py to __init__.cpython-38.pyc
byte-compiling /opt/rosmicropy/components/micro_ros_espidf_component/micro_ros_src/install/lib/python3.8/site-packages/rosidl_cli/cli.py to cli.cpython-38.pyc
byte-compiling /opt/rosmicropy/components/micro_ros_espidf_component/micro_ros_src/install/lib/python3.8/site-packages/rosidl_cli/command/__init__.py to __init__.cpython-38.pyc
byte-compiling /opt/rosmicropy/components/micro_ros_espidf_component/micro_ros_src/install/lib/python3.8/site-packages/rosidl_cli/command/translate/api.py to api.cpython-38.pyc
byte-compiling /opt/rosmicropy/components/micro_ros_espidf_component/micro_ros_src/install/lib/python3.8/site-packages/rosidl_cli/command/translate/__init__.py to __init__.cpython-38.pyc
byte-compiling /opt/rosmicropy/components/micro_ros_espidf_component/micro_ros_src/install/lib/python3.8/site-packages/rosidl_cli/command/translate/extensions.py to extensions.cpython-38.pyc
byte-compiling /opt/rosmicropy/components/micro_ros_espidf_component/micro_ros_src/install/lib/python3.8/site-packages/rosidl_cli/command/generate/api.py to api.cpython-38.pyc
byte-compiling /opt/rosmicropy/components/micro_ros_espidf_component/micro_ros_src/install/lib/python3.8/site-packages/rosidl_cli/command/generate/__init__.py to __init__.cpython-38.pyc
byte-compiling /opt/rosmicropy/components/micro_ros_espidf_component/micro_ros_src/install/lib/python3.8/site-packages/rosidl_cli/command/generate/extensions.py to extensions.cpython-38.pyc
byte-compiling /opt/rosmicropy/components/micro_ros_espidf_component/micro_ros_src/install/lib/python3.8/site-packages/rosidl_cli/command/helpers.py to helpers.cpython-38.pyc
byte-compiling /opt/rosmicropy/components/micro_ros_espidf_component/micro_ros_src/install/lib/python3.8/site-packages/rosidl_cli/extensions.py to extensions.cpython-38.pyc
byte-compiling /opt/rosmicropy/components/micro_ros_espidf_component/micro_ros_src/install/lib/python3.8/site-packages/rosidl_cli/common.py to common.cpython-38.pyc
running install_data
copying resource/rosidl_cli -> /opt/rosmicropy/components/micro_ros_espidf_component/micro_ros_src/install/share/ament_index/resource_index/packages
copying package.xml -> /opt/rosmicropy/components/micro_ros_espidf_component/micro_ros_src/install/share/rosidl_cli
copying resource/package.dsv -> /opt/rosmicropy/components/micro_ros_espidf_component/micro_ros_src/install/share/rosidl_cli
creating /opt/rosmicropy/components/micro_ros_espidf_component/micro_ros_src/install/share/rosidl_cli/environment
copying completion/rosidl-argcomplete.bash -> /opt/rosmicropy/components/micro_ros_espidf_component/micro_ros_src/install/share/rosidl_cli/environment
copying completion/rosidl-argcomplete.zsh -> /opt/rosmicropy/components/micro_ros_espidf_component/micro_ros_src/install/share/rosidl_cli/environment
running install_egg_info
Copying ../../../build/rosidl_cli/rosidl_cli.egg-info to /opt/rosmicropy/components/micro_ros_espidf_component/micro_ros_src/install/lib/python3.8/site-packages/rosidl_cli-3.1.5-py3.8.egg-info
running install_scripts
Installing rosidl script to /opt/rosmicropy/components/micro_ros_espidf_component/micro_ros_src/install/bin
writing list of installed files to '/opt/rosmicropy/components/micro_ros_espidf_component/micro_ros_src/build/rosidl_cli/install.log'
/opt/esp/python_env/idf5.1_py3.8_env/lib/python3.8/site-packages/setuptools/_distutils/cmd.py:66: SetuptoolsDeprecationWarning: setup.py install is deprecated.
!!

        ********************************************************************************
        Please avoid running ``setup.py`` directly.
        Instead, use pypa/build, pypa/installer or other
        standards-based tools.

        See https://blog.ganssle.io/articles/2021/10/setup-py-deprecated.html for details.
        ********************************************************************************

!!
  self.initialize_options()
