[2.479s] Invoking command in '/opt/rosmicropy/components/micro_ros_espidf_component/micro_ros_src/src/ros2_tracing/tracetools_read': PYTHONPATH=/opt/rosmicropy/components/micro_ros_espidf_component/micro_ros_src/build/tracetools_read/prefix_override:/opt/rosmicropy/components/micro_ros_espidf_component/micro_ros_src/install/lib/python3.8/site-packages:${PYTHONPATH} X_CFLAGS=-mlongcalls X_CXXFLAGS=-mlongcalls /opt/esp/python_env/idf5.1_py3.8_env/bin/python setup.py egg_info --egg-base ../../../build/tracetools_read build --build-base /opt/rosmicropy/components/micro_ros_espidf_component/micro_ros_src/build/tracetools_read/build install --record /opt/rosmicropy/components/micro_ros_espidf_component/micro_ros_src/build/tracetools_read/install.log --single-version-externally-managed
[2.785s] running egg_info
[2.785s] creating ../../../build/tracetools_read/tracetools_read.egg-info
[2.798s] writing ../../../build/tracetools_read/tracetools_read.egg-info/PKG-INFO
[2.798s] writing dependency_links to ../../../build/tracetools_read/tracetools_read.egg-info/dependency_links.txt
[2.798s] writing requirements to ../../../build/tracetools_read/tracetools_read.egg-info/requires.txt
[2.798s] writing top-level names to ../../../build/tracetools_read/tracetools_read.egg-info/top_level.txt
[2.798s] writing manifest file '../../../build/tracetools_read/tracetools_read.egg-info/SOURCES.txt'
[3.214s] reading manifest file '../../../build/tracetools_read/tracetools_read.egg-info/SOURCES.txt'
[3.214s] writing manifest file '../../../build/tracetools_read/tracetools_read.egg-info/SOURCES.txt'
[3.214s] running build
[3.214s] running build_py
[3.214s] creating /opt/rosmicropy/components/micro_ros_espidf_component/micro_ros_src/build/tracetools_read/build
[3.214s] creating /opt/rosmicropy/components/micro_ros_espidf_component/micro_ros_src/build/tracetools_read/build/lib
[3.215s] creating /opt/rosmicropy/components/micro_ros_espidf_component/micro_ros_src/build/tracetools_read/build/lib/tracetools_read
[3.215s] copying tracetools_read/__init__.py -> /opt/rosmicropy/components/micro_ros_espidf_component/micro_ros_src/build/tracetools_read/build/lib/tracetools_read
[3.215s] copying tracetools_read/trace.py -> /opt/rosmicropy/components/micro_ros_espidf_component/micro_ros_src/build/tracetools_read/build/lib/tracetools_read
[3.215s] running install
[3.215s] running install_lib
[3.216s] creating /opt/rosmicropy/components/micro_ros_espidf_component/micro_ros_src/install/lib/python3.8/site-packages/tracetools_read
[3.216s] copying /opt/rosmicropy/components/micro_ros_espidf_component/micro_ros_src/build/tracetools_read/build/lib/tracetools_read/__init__.py -> /opt/rosmicropy/components/micro_ros_espidf_component/micro_ros_src/install/lib/python3.8/site-packages/tracetools_read
[3.217s] copying /opt/rosmicropy/components/micro_ros_espidf_component/micro_ros_src/build/tracetools_read/build/lib/tracetools_read/trace.py -> /opt/rosmicropy/components/micro_ros_espidf_component/micro_ros_src/install/lib/python3.8/site-packages/tracetools_read
[3.217s] byte-compiling /opt/rosmicropy/components/micro_ros_espidf_component/micro_ros_src/install/lib/python3.8/site-packages/tracetools_read/__init__.py to __init__.cpython-38.pyc
[3.217s] byte-compiling /opt/rosmicropy/components/micro_ros_espidf_component/micro_ros_src/install/lib/python3.8/site-packages/tracetools_read/trace.py to trace.cpython-38.pyc
[3.217s] running install_data
[3.217s] copying package.xml -> /opt/rosmicropy/components/micro_ros_espidf_component/micro_ros_src/install/share/tracetools_read
[3.217s] copying resource/tracetools_read -> /opt/rosmicropy/components/micro_ros_espidf_component/micro_ros_src/install/share/ament_index/resource_index/packages
[3.217s] running install_egg_info
[3.218s] Copying ../../../build/tracetools_read/tracetools_read.egg-info to /opt/rosmicropy/components/micro_ros_espidf_component/micro_ros_src/install/lib/python3.8/site-packages/tracetools_read-4.1.1-py3.8.egg-info
[3.218s] running install_scripts
[3.218s] writing list of installed files to '/opt/rosmicropy/components/micro_ros_espidf_component/micro_ros_src/build/tracetools_read/install.log'
[3.220s] /opt/esp/python_env/idf5.1_py3.8_env/lib/python3.8/site-packages/setuptools/_distutils/cmd.py:66: SetuptoolsDeprecationWarning: setup.py install is deprecated.
[3.220s] !!
[3.220s] 
[3.222s]         ********************************************************************************
[3.222s]         Please avoid running ``setup.py`` directly.
[3.222s]         Instead, use pypa/build, pypa/installer or other
[3.222s]         standards-based tools.
[3.223s] 
[3.223s]         See https://blog.ganssle.io/articles/2021/10/setup-py-deprecated.html for details.
[3.224s]         ********************************************************************************
[3.224s] 
[3.224s] !!
[3.224s]   self.initialize_options()
[3.856s] Invoked command in '/opt/rosmicropy/components/micro_ros_espidf_component/micro_ros_src/src/ros2_tracing/tracetools_read' returned '0': PYTHONPATH=/opt/rosmicropy/components/micro_ros_espidf_component/micro_ros_src/build/tracetools_read/prefix_override:/opt/rosmicropy/components/micro_ros_espidf_component/micro_ros_src/install/lib/python3.8/site-packages:${PYTHONPATH} X_CFLAGS=-mlongcalls X_CXXFLAGS=-mlongcalls /opt/esp/python_env/idf5.1_py3.8_env/bin/python setup.py egg_info --egg-base ../../../build/tracetools_read build --build-base /opt/rosmicropy/components/micro_ros_espidf_component/micro_ros_src/build/tracetools_read/build install --record /opt/rosmicropy/components/micro_ros_espidf_component/micro_ros_src/build/tracetools_read/install.log --single-version-externally-managed
