[0.653s] Invoking command in '/opt/rosmicropy/components/micro_ros_espidf_component/micro_ros_src/build/rcutils': CMAKE_PREFIX_PATH=${CMAKE_PREFIX_PATH}:/opt/rosmicropy/components/micro_ros_espidf_component/micro_ros_dev/install/domain_coordinator:/opt/rosmicropy/components/micro_ros_espidf_component/micro_ros_dev/install/ament_xmllint:/opt/rosmicropy/components/micro_ros_espidf_component/micro_ros_dev/install/ament_uncrustify:/opt/rosmicropy/components/micro_ros_espidf_component/micro_ros_dev/install/ament_pyflakes:/opt/rosmicropy/components/micro_ros_espidf_component/micro_ros_dev/install/ament_pycodestyle:/opt/rosmicropy/components/micro_ros_espidf_component/micro_ros_dev/install/ament_pep257:/opt/rosmicropy/components/micro_ros_espidf_component/micro_ros_dev/install/ament_pclint:/opt/rosmicropy/components/micro_ros_espidf_component/micro_ros_dev/install/ament_package:/opt/rosmicropy/components/micro_ros_espidf_component/micro_ros_dev/install/ament_mypy:/opt/rosmicropy/components/micro_ros_espidf_component/micro_ros_dev/install/ament_lint_cmake:/opt/rosmicropy/components/micro_ros_espidf_component/micro_ros_dev/install/ament_flake8:/opt/rosmicropy/components/micro_ros_espidf_component/micro_ros_dev/install/ament_copyright:/opt/rosmicropy/components/micro_ros_espidf_component/micro_ros_dev/install/ament_lint:/opt/rosmicropy/components/micro_ros_espidf_component/micro_ros_dev/install/ament_index_python:/opt/rosmicropy/components/micro_ros_espidf_component/micro_ros_dev/install/ament_cpplint:/opt/rosmicropy/components/micro_ros_espidf_component/micro_ros_dev/install/ament_cppcheck:/opt/rosmicropy/components/micro_ros_espidf_component/micro_ros_dev/install/ament_clang_tidy:/opt/rosmicropy/components/micro_ros_espidf_component/micro_ros_dev/install/ament_clang_format X_CFLAGS=-mlongcalls X_CXXFLAGS=-mlongcalls /opt/esp/tools/cmake/3.24.0/bin/cmake /opt/rosmicropy/components/micro_ros_espidf_component/micro_ros_src/src/rcutils --no-warn-unused-cli -DCMAKE_POSITION_INDEPENDENT_CODE:BOOL=OFF -DTHIRDPARTY=ON -DBUILD_SHARED_LIBS=OFF -DBUILD_TESTING=OFF -DCMAKE_BUILD_TYPE=Release -DCMAKE_TOOLCHAIN_FILE=/opt/rosmicropy/components/micro_ros_espidf_component/esp32_toolchain.cmake -DCMAKE_VERBOSE_MAKEFILE=OFF -DIDF_INCLUDES=-I/opt/esp/idf/components/xtensa/include -I/opt/esp/idf/components/xtensa/esp32s3/include -I/opt/esp/idf/components/esp_ringbuf/include -I/opt/esp/idf/components/efuse/include -I/opt/esp/idf/components/efuse/esp32s3/include -I/opt/esp/idf/components/driver/include -I/opt/esp/idf/components/driver/deprecated -I/opt/esp/idf/components/driver/analog_comparator/include -I/opt/esp/idf/components/driver/dac/include -I/opt/esp/idf/components/driver/gpio/include -I/opt/esp/idf/components/driver/gptimer/include -I/opt/esp/idf/components/driver/i2c/include -I/opt/esp/idf/components/driver/i2s/include -I/opt/esp/idf/components/driver/ledc/include -I/opt/esp/idf/components/driver/mcpwm/include -I/opt/esp/idf/components/driver/parlio/include -I/opt/esp/idf/components/driver/pcnt/include -I/opt/esp/idf/components/driver/rmt/include -I/opt/esp/idf/components/driver/sdio_slave/include -I/opt/esp/idf/components/driver/sdmmc/include -I/opt/esp/idf/components/driver/sigma_delta/include -I/opt/esp/idf/components/driver/spi/include -I/opt/esp/idf/components/driver/temperature_sensor/include -I/opt/esp/idf/components/driver/touch_sensor/include -I/opt/esp/idf/components/driver/twai/include -I/opt/esp/idf/components/driver/uart/include -I/opt/esp/idf/components/driver/usb_serial_jtag/include -I/opt/esp/idf/components/driver/touch_sensor/esp32s3/include -I/opt/esp/idf/components/esp_pm/include -I/opt/esp/idf/components/mbedtls/port/include -I/opt/esp/idf/components/mbedtls/mbedtls/include -I/opt/esp/idf/components/mbedtls/mbedtls/library -I/opt/esp/idf/components/esp_app_format/include -I/opt/esp/idf/components/bootloader_support/include -I/opt/esp/idf/components/bootloader_support/bootloader_flash/include -I/opt/esp/idf/components/esp_partition/include -I/opt/esp/idf/components/app_update/include -I/opt/esp/idf/components/esp_mm/include -I/opt/esp/idf/components/spi_flash/include -I/opt/esp/idf/components/pthread/include -I/opt/esp/idf/components/esp_system/include -I/opt/esp/idf/components/esp_rom/include -I/opt/esp/idf/components/esp_rom/include/esp32s3 -I/opt/esp/idf/components/esp_rom/esp32s3 -I/opt/esp/idf/components/hal/esp32s3/include -I/opt/esp/idf/components/hal/include -I/opt/esp/idf/components/hal/platform_port/include -I/opt/esp/idf/components/log/include -I/opt/esp/idf/components/heap/include -I/opt/esp/idf/components/soc/include -I/opt/esp/idf/components/soc/esp32s3 -I/opt/esp/idf/components/soc/esp32s3/include -I/opt/esp/idf/components/esp_hw_support/include -I/opt/esp/idf/components/esp_hw_support/include/soc -I/opt/esp/idf/components/esp_hw_support/include/soc/esp32s3 -I/opt/esp/idf/components/freertos/FreeRTOS-Kernel/include -I/opt/esp/idf/components/freertos/FreeRTOS-Kernel/portable/xtensa/include -I/opt/esp/idf/components/freertos/esp_additions/include/freertos -I/opt/esp/idf/components/freertos/esp_additions/include -I/opt/esp/idf/components/freertos/esp_additions/arch/xtensa/include -I/opt/esp/idf/components/newlib/platform_include -I/opt/esp/idf/components/esp_common/include -I/opt/esp/idf/components/esp_timer/include -I/opt/esp/idf/components/app_trace/include -I/opt/esp/idf/components/esp_event/include -I/opt/esp/idf/components/nvs_flash/include -I/opt/esp/idf/components/nvs_flash/../spi_flash/include -I/opt/esp/idf/components/esp_phy/include -I/opt/esp/idf/components/esp_phy/esp32s3/include -I/opt/esp/idf/components/vfs/include -I/opt/esp/idf/components/lwip/include -I/opt/esp/idf/components/lwip/include/apps -I/opt/esp/idf/components/lwip/include/apps/sntp -I/opt/esp/idf/components/lwip/lwip/src/include -I/opt/esp/idf/components/lwip/port/include -I/opt/esp/idf/components/lwip/port/freertos/include/ -I/opt/esp/idf/components/lwip/port/esp32xx/include -I/opt/esp/idf/components/lwip/port/esp32xx/include/arch -I/opt/esp/idf/components/esp_netif/include -I/opt/esp/idf/components/wpa_supplicant/include -I/opt/esp/idf/components/wpa_supplicant/port/include -I/opt/esp/idf/components/wpa_supplicant/esp_supplicant/include -I/opt/esp/idf/components/esp_coex/include -I/opt/esp/idf/components/esp_wifi/include -I/opt/esp/idf/components/esp_wifi/wifi_apps/include -I/opt/esp/idf/components/bt/include/esp32c3/include -I/opt/esp/idf/components/bt/common/osi/include -I/opt/esp/idf/components/bt/common/api/include/api -I/opt/esp/idf/components/bt/common/btc/profile/esp/blufi/include -I/opt/esp/idf/components/bt/common/btc/profile/esp/include -I/opt/esp/idf/components/bt/host/nimble/nimble/nimble/host/include -I/opt/esp/idf/components/bt/host/nimble/nimble/nimble/host/services/ans/include -I/opt/esp/idf/components/bt/host/nimble/nimble/nimble/host/services/bas/include -I/opt/esp/idf/components/bt/host/nimble/nimble/nimble/host/services/dis/include -I/opt/esp/idf/components/bt/host/nimble/nimble/nimble/host/services/gap/include -I/opt/esp/idf/components/bt/host/nimble/nimble/nimble/host/services/gatt/include -I/opt/esp/idf/components/bt/host/nimble/nimble/nimble/host/services/hr/include -I/opt/esp/idf/components/bt/host/nimble/nimble/nimble/host/services/htp/include -I/opt/esp/idf/components/bt/host/nimble/nimble/nimble/host/services/ias/include -I/opt/esp/idf/components/bt/host/nimble/nimble/nimble/host/services/ipss/include -I/opt/esp/idf/components/bt/host/nimble/nimble/nimble/host/services/lls/include -I/opt/esp/idf/components/bt/host/nimble/nimble/nimble/host/services/prox/include -I/opt/esp/idf/components/bt/host/nimble/nimble/nimble/host/services/cts/include -I/opt/esp/idf/components/bt/host/nimble/nimble/nimble/host/services/tps/include -I/opt/esp/idf/components/bt/host/nimble/nimble/nimble/host/services/hid/include -I/opt/esp/idf/components/bt/host/nimble/nimble/nimble/host/services/sps/include -I/opt/esp/idf/components/bt/host/nimble/nimble/nimble/host/util/include -I/opt/esp/idf/components/bt/host/nimble/nimble/nimble/host/store/ram/include -I/opt/esp/idf/components/bt/host/nimble/nimble/nimble/host/store/config/include -I/opt/esp/idf/components/bt/porting/include -I/opt/esp/idf/components/bt/host/nimble/nimble/porting/nimble/include -I/opt/esp/idf/components/bt/host/nimble/port/include -I/opt/esp/idf/components/bt/host/nimble/nimble/nimble/transport/include -I/opt/esp/idf/components/bt/host/nimble/nimble/porting/npl/freertos/include -I/opt/esp/idf/components/bt/host/nimble/nimble/porting/nimble/include -I/opt/esp/idf/components/bt/host/nimble/nimble/nimble/include -I/opt/esp/idf/components/bt/host/nimble/esp-hci/include -I/opt/esp/idf/components/unity/include -I/opt/esp/idf/components/unity/unity/src -I/opt/esp/idf/components/cmock/CMock/src -I/opt/esp/idf/components/console/. -I/opt/esp/idf/components/http_parser/. -I/opt/esp/idf/components/esp-tls/. -I/opt/esp/idf/components/esp-tls/esp-tls-crypto -I/opt/esp/idf/components/esp_adc/include -I/opt/esp/idf/components/esp_adc/interface -I/opt/esp/idf/components/esp_adc/esp32s3/include -I/opt/esp/idf/components/esp_adc/deprecated/include -I/opt/esp/idf/components/esp_eth/include -I/opt/esp/idf/components/esp_gdbstub/include -I/opt/esp/idf/components/esp_hid/include -I/opt/esp/idf/components/tcp_transport/include -I/opt/esp/idf/components/esp_http_client/include -I/opt/esp/idf/components/esp_http_server/include -I/opt/esp/idf/components/esp_https_ota/include -I/opt/esp/idf/components/esp_psram/include -I/opt/esp/idf/components/esp_lcd/include -I/opt/esp/idf/components/esp_lcd/interface -I/opt/esp/idf/components/protobuf-c/protobuf-c -I/opt/esp/idf/components/protocomm/include/common -I/opt/esp/idf/components/protocomm/include/security -I/opt/esp/idf/components/protocomm/include/transports -I/opt/esp/idf/components/protocomm/include/crypto/srp6a -I/opt/esp/idf/components/esp_local_ctrl/include -I/opt/esp/idf/components/espcoredump/include -I/opt/esp/idf/components/espcoredump/include/port/xtensa -I/opt/esp/idf/components/wear_levelling/include -I/opt/esp/idf/components/sdmmc/include -I/opt/esp/idf/components/fatfs/diskio -I/opt/esp/idf/components/fatfs/vfs -I/opt/esp/idf/components/fatfs/src -I/opt/esp/idf/components/idf_test/include -I/opt/esp/idf/components/idf_test/include/esp32s3 -I/opt/esp/idf/components/ieee802154/include -I/opt/esp/idf/components/json/cJSON -I/opt/esp/idf/components/mqtt//opt/esp/idf/components/mqtt/esp-mqtt/include -I/opt/esp/idf/components/perfmon/include -I/opt/esp/idf/components/spiffs/include -I/opt/esp/idf/components/touch_element/include -I/opt/esp/idf/components/ulp/ulp_common/include -I/opt/esp/idf/components/ulp/ulp_common/include/esp32s3 -I/opt/esp/idf/components/ulp/ulp_fsm/include -I/opt/esp/idf/components/ulp/ulp_fsm/include/esp32s3 -I/opt/esp/idf/components/usb/include -I/opt/esp/idf/components/wifi_provisioning/include -I/opt/rosmicropy/micropython/ports/esp32/managed_components/espressif__esp_lcd_touch/include -I/opt/rosmicropy/micropython/ports/esp32/managed_components/espressif__esp_lcd_touch_gt911/include -I/opt/rosmicropy/micropython/ports/esp32/managed_components/espressif__tinyusb/src/ -I/opt/rosmicropy/micropython/ports/esp32/managed_components/espressif__tinyusb//opt/esp/idf/components/freertos/FreeRTOS-Kernel/include/freertos/ -I/opt/rosmicropy/micropython/ports/esp32/managed_components/espressif__esp_tinyusb/include -I/opt/rosmicropy/micropython/ports/esp32/managed_components/espressif__mdns/include -I/opt/rosmicropy/micropython/ports/esp32/managed_components/lvgl__lvgl//opt/rosmicropy/micropython/ports/esp32/managed_components/lvgl__lvgl -I/opt/rosmicropy/micropython/ports/esp32/managed_components/lvgl__lvgl//opt/rosmicropy/micropython/ports/esp32/managed_components/lvgl__lvgl/src -I/opt/rosmicropy/micropython/ports/esp32/managed_components/lvgl__lvgl//opt/rosmicropy/micropython/ports/esp32/managed_components/lvgl__lvgl/../ -I/opt/rosmicropy/micropython/ports/esp32/managed_components/lvgl__lvgl//opt/rosmicropy/micropython/ports/esp32/managed_components/lvgl__lvgl/examples -I/opt/rosmicropy/micropython/ports/esp32/managed_components/lvgl__lvgl//opt/rosmicropy/micropython/ports/esp32/managed_components/lvgl__lvgl/demos -I/opt/rosmicropy/components/micro_ros_espidf_component/network_interfaces -DCMAKE_C_STANDARD=17 -DUCLIENT_C_STANDARD=17 -DBUILD_SHARED=OFF -DENABLE_TESTING=OFF -DRCUTILS_NO_FILESYSTEM=ON -DRCUTILS_NO_THREAD_SUPPORT=ON -DRCUTILS_NO_64_ATOMIC=ON -DRCUTILS_AVOID_DYNAMIC_ALLOCATION=ON -DCMAKE_INSTALL_PREFIX=/opt/rosmicropy/components/micro_ros_espidf_component/micro_ros_src/install
[1.574s] Not searching for unused variables given on the command line.
[1.574s] -- The C compiler identification is GNU 12.2.0
[1.574s] -- The CXX compiler identification is GNU 12.2.0
[1.574s] -- Detecting C compiler ABI info
[1.574s] -- Detecting C compiler ABI info - done
[1.574s] -- Check for working C compiler: /opt/esp/tools/xtensa-esp32s3-elf/esp-12.2.0_20230208/xtensa-esp32s3-elf/bin/xtensa-esp32s3-elf-gcc - skipped
[1.574s] -- Detecting C compile features
[1.574s] -- Detecting C compile features - done
[1.574s] -- Detecting CXX compiler ABI info
[1.574s] -- Detecting CXX compiler ABI info - done
[1.575s] -- Check for working CXX compiler: /opt/esp/tools/xtensa-esp32s3-elf/esp-12.2.0_20230208/xtensa-esp32s3-elf/bin/xtensa-esp32s3-elf-g++ - skipped
[1.575s] -- Detecting CXX compile features
[1.575s] -- Detecting CXX compile features - done
[1.575s] -- Found ament_cmake_python: 1.3.8 (/opt/rosmicropy/components/micro_ros_espidf_component/micro_ros_dev/install/ament_cmake_python/share/ament_cmake_python/cmake)
[1.575s] -- Found ament_cmake_ros: 0.10.0 (/opt/rosmicropy/components/micro_ros_espidf_component/micro_ros_dev/install/ament_cmake_ros/share/ament_cmake_ros/cmake)
[1.575s] -- Found Python3: /opt/esp/python_env/idf5.1_py3.8_env/bin/python3 (found version "3.8.10") found components: Interpreter 
[1.874s] -- Configuring done
[1.874s] -- Generating done
[1.874s] -- Build files have been written to: /opt/rosmicropy/components/micro_ros_espidf_component/micro_ros_src/build/rcutils
[2.066s] Invoked command in '/opt/rosmicropy/components/micro_ros_espidf_component/micro_ros_src/build/rcutils' returned '0': CMAKE_PREFIX_PATH=${CMAKE_PREFIX_PATH}:/opt/rosmicropy/components/micro_ros_espidf_component/micro_ros_dev/install/domain_coordinator:/opt/rosmicropy/components/micro_ros_espidf_component/micro_ros_dev/install/ament_xmllint:/opt/rosmicropy/components/micro_ros_espidf_component/micro_ros_dev/install/ament_uncrustify:/opt/rosmicropy/components/micro_ros_espidf_component/micro_ros_dev/install/ament_pyflakes:/opt/rosmicropy/components/micro_ros_espidf_component/micro_ros_dev/install/ament_pycodestyle:/opt/rosmicropy/components/micro_ros_espidf_component/micro_ros_dev/install/ament_pep257:/opt/rosmicropy/components/micro_ros_espidf_component/micro_ros_dev/install/ament_pclint:/opt/rosmicropy/components/micro_ros_espidf_component/micro_ros_dev/install/ament_package:/opt/rosmicropy/components/micro_ros_espidf_component/micro_ros_dev/install/ament_mypy:/opt/rosmicropy/components/micro_ros_espidf_component/micro_ros_dev/install/ament_lint_cmake:/opt/rosmicropy/components/micro_ros_espidf_component/micro_ros_dev/install/ament_flake8:/opt/rosmicropy/components/micro_ros_espidf_component/micro_ros_dev/install/ament_copyright:/opt/rosmicropy/components/micro_ros_espidf_component/micro_ros_dev/install/ament_lint:/opt/rosmicropy/components/micro_ros_espidf_component/micro_ros_dev/install/ament_index_python:/opt/rosmicropy/components/micro_ros_espidf_component/micro_ros_dev/install/ament_cpplint:/opt/rosmicropy/components/micro_ros_espidf_component/micro_ros_dev/install/ament_cppcheck:/opt/rosmicropy/components/micro_ros_espidf_component/micro_ros_dev/install/ament_clang_tidy:/opt/rosmicropy/components/micro_ros_espidf_component/micro_ros_dev/install/ament_clang_format X_CFLAGS=-mlongcalls X_CXXFLAGS=-mlongcalls /opt/esp/tools/cmake/3.24.0/bin/cmake /opt/rosmicropy/components/micro_ros_espidf_component/micro_ros_src/src/rcutils --no-warn-unused-cli -DCMAKE_POSITION_INDEPENDENT_CODE:BOOL=OFF -DTHIRDPARTY=ON -DBUILD_SHARED_LIBS=OFF -DBUILD_TESTING=OFF -DCMAKE_BUILD_TYPE=Release -DCMAKE_TOOLCHAIN_FILE=/opt/rosmicropy/components/micro_ros_espidf_component/esp32_toolchain.cmake -DCMAKE_VERBOSE_MAKEFILE=OFF -DIDF_INCLUDES=-I/opt/esp/idf/components/xtensa/include -I/opt/esp/idf/components/xtensa/esp32s3/include -I/opt/esp/idf/components/esp_ringbuf/include -I/opt/esp/idf/components/efuse/include -I/opt/esp/idf/components/efuse/esp32s3/include -I/opt/esp/idf/components/driver/include -I/opt/esp/idf/components/driver/deprecated -I/opt/esp/idf/components/driver/analog_comparator/include -I/opt/esp/idf/components/driver/dac/include -I/opt/esp/idf/components/driver/gpio/include -I/opt/esp/idf/components/driver/gptimer/include -I/opt/esp/idf/components/driver/i2c/include -I/opt/esp/idf/components/driver/i2s/include -I/opt/esp/idf/components/driver/ledc/include -I/opt/esp/idf/components/driver/mcpwm/include -I/opt/esp/idf/components/driver/parlio/include -I/opt/esp/idf/components/driver/pcnt/include -I/opt/esp/idf/components/driver/rmt/include -I/opt/esp/idf/components/driver/sdio_slave/include -I/opt/esp/idf/components/driver/sdmmc/include -I/opt/esp/idf/components/driver/sigma_delta/include -I/opt/esp/idf/components/driver/spi/include -I/opt/esp/idf/components/driver/temperature_sensor/include -I/opt/esp/idf/components/driver/touch_sensor/include -I/opt/esp/idf/components/driver/twai/include -I/opt/esp/idf/components/driver/uart/include -I/opt/esp/idf/components/driver/usb_serial_jtag/include -I/opt/esp/idf/components/driver/touch_sensor/esp32s3/include -I/opt/esp/idf/components/esp_pm/include -I/opt/esp/idf/components/mbedtls/port/include -I/opt/esp/idf/components/mbedtls/mbedtls/include -I/opt/esp/idf/components/mbedtls/mbedtls/library -I/opt/esp/idf/components/esp_app_format/include -I/opt/esp/idf/components/bootloader_support/include -I/opt/esp/idf/components/bootloader_support/bootloader_flash/include -I/opt/esp/idf/components/esp_partition/include -I/opt/esp/idf/components/app_update/include -I/opt/esp/idf/components/esp_mm/include -I/opt/esp/idf/components/spi_flash/include -I/opt/esp/idf/components/pthread/include -I/opt/esp/idf/components/esp_system/include -I/opt/esp/idf/components/esp_rom/include -I/opt/esp/idf/components/esp_rom/include/esp32s3 -I/opt/esp/idf/components/esp_rom/esp32s3 -I/opt/esp/idf/components/hal/esp32s3/include -I/opt/esp/idf/components/hal/include -I/opt/esp/idf/components/hal/platform_port/include -I/opt/esp/idf/components/log/include -I/opt/esp/idf/components/heap/include -I/opt/esp/idf/components/soc/include -I/opt/esp/idf/components/soc/esp32s3 -I/opt/esp/idf/components/soc/esp32s3/include -I/opt/esp/idf/components/esp_hw_support/include -I/opt/esp/idf/components/esp_hw_support/include/soc -I/opt/esp/idf/components/esp_hw_support/include/soc/esp32s3 -I/opt/esp/idf/components/freertos/FreeRTOS-Kernel/include -I/opt/esp/idf/components/freertos/FreeRTOS-Kernel/portable/xtensa/include -I/opt/esp/idf/components/freertos/esp_additions/include/freertos -I/opt/esp/idf/components/freertos/esp_additions/include -I/opt/esp/idf/components/freertos/esp_additions/arch/xtensa/include -I/opt/esp/idf/components/newlib/platform_include -I/opt/esp/idf/components/esp_common/include -I/opt/esp/idf/components/esp_timer/include -I/opt/esp/idf/components/app_trace/include -I/opt/esp/idf/components/esp_event/include -I/opt/esp/idf/components/nvs_flash/include -I/opt/esp/idf/components/nvs_flash/../spi_flash/include -I/opt/esp/idf/components/esp_phy/include -I/opt/esp/idf/components/esp_phy/esp32s3/include -I/opt/esp/idf/components/vfs/include -I/opt/esp/idf/components/lwip/include -I/opt/esp/idf/components/lwip/include/apps -I/opt/esp/idf/components/lwip/include/apps/sntp -I/opt/esp/idf/components/lwip/lwip/src/include -I/opt/esp/idf/components/lwip/port/include -I/opt/esp/idf/components/lwip/port/freertos/include/ -I/opt/esp/idf/components/lwip/port/esp32xx/include -I/opt/esp/idf/components/lwip/port/esp32xx/include/arch -I/opt/esp/idf/components/esp_netif/include -I/opt/esp/idf/components/wpa_supplicant/include -I/opt/esp/idf/components/wpa_supplicant/port/include -I/opt/esp/idf/components/wpa_supplicant/esp_supplicant/include -I/opt/esp/idf/components/esp_coex/include -I/opt/esp/idf/components/esp_wifi/include -I/opt/esp/idf/components/esp_wifi/wifi_apps/include -I/opt/esp/idf/components/bt/include/esp32c3/include -I/opt/esp/idf/components/bt/common/osi/include -I/opt/esp/idf/components/bt/common/api/include/api -I/opt/esp/idf/components/bt/common/btc/profile/esp/blufi/include -I/opt/esp/idf/components/bt/common/btc/profile/esp/include -I/opt/esp/idf/components/bt/host/nimble/nimble/nimble/host/include -I/opt/esp/idf/components/bt/host/nimble/nimble/nimble/host/services/ans/include -I/opt/esp/idf/components/bt/host/nimble/nimble/nimble/host/services/bas/include -I/opt/esp/idf/components/bt/host/nimble/nimble/nimble/host/services/dis/include -I/opt/esp/idf/components/bt/host/nimble/nimble/nimble/host/services/gap/include -I/opt/esp/idf/components/bt/host/nimble/nimble/nimble/host/services/gatt/include -I/opt/esp/idf/components/bt/host/nimble/nimble/nimble/host/services/hr/include -I/opt/esp/idf/components/bt/host/nimble/nimble/nimble/host/services/htp/include -I/opt/esp/idf/components/bt/host/nimble/nimble/nimble/host/services/ias/include -I/opt/esp/idf/components/bt/host/nimble/nimble/nimble/host/services/ipss/include -I/opt/esp/idf/components/bt/host/nimble/nimble/nimble/host/services/lls/include -I/opt/esp/idf/components/bt/host/nimble/nimble/nimble/host/services/prox/include -I/opt/esp/idf/components/bt/host/nimble/nimble/nimble/host/services/cts/include -I/opt/esp/idf/components/bt/host/nimble/nimble/nimble/host/services/tps/include -I/opt/esp/idf/components/bt/host/nimble/nimble/nimble/host/services/hid/include -I/opt/esp/idf/components/bt/host/nimble/nimble/nimble/host/services/sps/include -I/opt/esp/idf/components/bt/host/nimble/nimble/nimble/host/util/include -I/opt/esp/idf/components/bt/host/nimble/nimble/nimble/host/store/ram/include -I/opt/esp/idf/components/bt/host/nimble/nimble/nimble/host/store/config/include -I/opt/esp/idf/components/bt/porting/include -I/opt/esp/idf/components/bt/host/nimble/nimble/porting/nimble/include -I/opt/esp/idf/components/bt/host/nimble/port/include -I/opt/esp/idf/components/bt/host/nimble/nimble/nimble/transport/include -I/opt/esp/idf/components/bt/host/nimble/nimble/porting/npl/freertos/include -I/opt/esp/idf/components/bt/host/nimble/nimble/porting/nimble/include -I/opt/esp/idf/components/bt/host/nimble/nimble/nimble/include -I/opt/esp/idf/components/bt/host/nimble/esp-hci/include -I/opt/esp/idf/components/unity/include -I/opt/esp/idf/components/unity/unity/src -I/opt/esp/idf/components/cmock/CMock/src -I/opt/esp/idf/components/console/. -I/opt/esp/idf/components/http_parser/. -I/opt/esp/idf/components/esp-tls/. -I/opt/esp/idf/components/esp-tls/esp-tls-crypto -I/opt/esp/idf/components/esp_adc/include -I/opt/esp/idf/components/esp_adc/interface -I/opt/esp/idf/components/esp_adc/esp32s3/include -I/opt/esp/idf/components/esp_adc/deprecated/include -I/opt/esp/idf/components/esp_eth/include -I/opt/esp/idf/components/esp_gdbstub/include -I/opt/esp/idf/components/esp_hid/include -I/opt/esp/idf/components/tcp_transport/include -I/opt/esp/idf/components/esp_http_client/include -I/opt/esp/idf/components/esp_http_server/include -I/opt/esp/idf/components/esp_https_ota/include -I/opt/esp/idf/components/esp_psram/include -I/opt/esp/idf/components/esp_lcd/include -I/opt/esp/idf/components/esp_lcd/interface -I/opt/esp/idf/components/protobuf-c/protobuf-c -I/opt/esp/idf/components/protocomm/include/common -I/opt/esp/idf/components/protocomm/include/security -I/opt/esp/idf/components/protocomm/include/transports -I/opt/esp/idf/components/protocomm/include/crypto/srp6a -I/opt/esp/idf/components/esp_local_ctrl/include -I/opt/esp/idf/components/espcoredump/include -I/opt/esp/idf/components/espcoredump/include/port/xtensa -I/opt/esp/idf/components/wear_levelling/include -I/opt/esp/idf/components/sdmmc/include -I/opt/esp/idf/components/fatfs/diskio -I/opt/esp/idf/components/fatfs/vfs -I/opt/esp/idf/components/fatfs/src -I/opt/esp/idf/components/idf_test/include -I/opt/esp/idf/components/idf_test/include/esp32s3 -I/opt/esp/idf/components/ieee802154/include -I/opt/esp/idf/components/json/cJSON -I/opt/esp/idf/components/mqtt//opt/esp/idf/components/mqtt/esp-mqtt/include -I/opt/esp/idf/components/perfmon/include -I/opt/esp/idf/components/spiffs/include -I/opt/esp/idf/components/touch_element/include -I/opt/esp/idf/components/ulp/ulp_common/include -I/opt/esp/idf/components/ulp/ulp_common/include/esp32s3 -I/opt/esp/idf/components/ulp/ulp_fsm/include -I/opt/esp/idf/components/ulp/ulp_fsm/include/esp32s3 -I/opt/esp/idf/components/usb/include -I/opt/esp/idf/components/wifi_provisioning/include -I/opt/rosmicropy/micropython/ports/esp32/managed_components/espressif__esp_lcd_touch/include -I/opt/rosmicropy/micropython/ports/esp32/managed_components/espressif__esp_lcd_touch_gt911/include -I/opt/rosmicropy/micropython/ports/esp32/managed_components/espressif__tinyusb/src/ -I/opt/rosmicropy/micropython/ports/esp32/managed_components/espressif__tinyusb//opt/esp/idf/components/freertos/FreeRTOS-Kernel/include/freertos/ -I/opt/rosmicropy/micropython/ports/esp32/managed_components/espressif__esp_tinyusb/include -I/opt/rosmicropy/micropython/ports/esp32/managed_components/espressif__mdns/include -I/opt/rosmicropy/micropython/ports/esp32/managed_components/lvgl__lvgl//opt/rosmicropy/micropython/ports/esp32/managed_components/lvgl__lvgl -I/opt/rosmicropy/micropython/ports/esp32/managed_components/lvgl__lvgl//opt/rosmicropy/micropython/ports/esp32/managed_components/lvgl__lvgl/src -I/opt/rosmicropy/micropython/ports/esp32/managed_components/lvgl__lvgl//opt/rosmicropy/micropython/ports/esp32/managed_components/lvgl__lvgl/../ -I/opt/rosmicropy/micropython/ports/esp32/managed_components/lvgl__lvgl//opt/rosmicropy/micropython/ports/esp32/managed_components/lvgl__lvgl/examples -I/opt/rosmicropy/micropython/ports/esp32/managed_components/lvgl__lvgl//opt/rosmicropy/micropython/ports/esp32/managed_components/lvgl__lvgl/demos -I/opt/rosmicropy/components/micro_ros_espidf_component/network_interfaces -DCMAKE_C_STANDARD=17 -DUCLIENT_C_STANDARD=17 -DBUILD_SHARED=OFF -DENABLE_TESTING=OFF -DRCUTILS_NO_FILESYSTEM=ON -DRCUTILS_NO_THREAD_SUPPORT=ON -DRCUTILS_NO_64_ATOMIC=ON -DRCUTILS_AVOID_DYNAMIC_ALLOCATION=ON -DCMAKE_INSTALL_PREFIX=/opt/rosmicropy/components/micro_ros_espidf_component/micro_ros_src/install
[2.072s] Invoking command in '/opt/rosmicropy/components/micro_ros_espidf_component/micro_ros_src/build/rcutils': CMAKE_PREFIX_PATH=${CMAKE_PREFIX_PATH}:/opt/rosmicropy/components/micro_ros_espidf_component/micro_ros_dev/install/domain_coordinator:/opt/rosmicropy/components/micro_ros_espidf_component/micro_ros_dev/install/ament_xmllint:/opt/rosmicropy/components/micro_ros_espidf_component/micro_ros_dev/install/ament_uncrustify:/opt/rosmicropy/components/micro_ros_espidf_component/micro_ros_dev/install/ament_pyflakes:/opt/rosmicropy/components/micro_ros_espidf_component/micro_ros_dev/install/ament_pycodestyle:/opt/rosmicropy/components/micro_ros_espidf_component/micro_ros_dev/install/ament_pep257:/opt/rosmicropy/components/micro_ros_espidf_component/micro_ros_dev/install/ament_pclint:/opt/rosmicropy/components/micro_ros_espidf_component/micro_ros_dev/install/ament_package:/opt/rosmicropy/components/micro_ros_espidf_component/micro_ros_dev/install/ament_mypy:/opt/rosmicropy/components/micro_ros_espidf_component/micro_ros_dev/install/ament_lint_cmake:/opt/rosmicropy/components/micro_ros_espidf_component/micro_ros_dev/install/ament_flake8:/opt/rosmicropy/components/micro_ros_espidf_component/micro_ros_dev/install/ament_copyright:/opt/rosmicropy/components/micro_ros_espidf_component/micro_ros_dev/install/ament_lint:/opt/rosmicropy/components/micro_ros_espidf_component/micro_ros_dev/install/ament_index_python:/opt/rosmicropy/components/micro_ros_espidf_component/micro_ros_dev/install/ament_cpplint:/opt/rosmicropy/components/micro_ros_espidf_component/micro_ros_dev/install/ament_cppcheck:/opt/rosmicropy/components/micro_ros_espidf_component/micro_ros_dev/install/ament_clang_tidy:/opt/rosmicropy/components/micro_ros_espidf_component/micro_ros_dev/install/ament_clang_format X_CFLAGS=-mlongcalls X_CXXFLAGS=-mlongcalls /opt/esp/tools/cmake/3.24.0/bin/cmake --build /opt/rosmicropy/components/micro_ros_espidf_component/micro_ros_src/build/rcutils
[2.087s] make[1]: Entering directory '/opt/rosmicropy/components/micro_ros_espidf_component/micro_ros_src/build/rcutils'
[2.454s] make[2]: Entering directory '/opt/rosmicropy/components/micro_ros_espidf_component/micro_ros_src/build/rcutils'
[2.822s] make[3]: Entering directory '/opt/rosmicropy/components/micro_ros_espidf_component/micro_ros_src/build/rcutils'
[2.822s] make[3]: Entering directory '/opt/rosmicropy/components/micro_ros_espidf_component/micro_ros_src/build/rcutils'
[2.822s] make[3]: Leaving directory '/opt/rosmicropy/components/micro_ros_espidf_component/micro_ros_src/build/rcutils'
[2.823s] make[3]: Entering directory '/opt/rosmicropy/components/micro_ros_espidf_component/micro_ros_src/build/rcutils'
[2.823s] [  3%] Expanding logging_macros.h.em
[2.823s] make[3]: Leaving directory '/opt/rosmicropy/components/micro_ros_espidf_component/micro_ros_src/build/rcutils'
[2.823s] [  3%] Built target ament_cmake_python_copy_rcutils
[2.823s] make[3]: Entering directory '/opt/rosmicropy/components/micro_ros_espidf_component/micro_ros_src/build/rcutils'
[2.824s] make[3]: Leaving directory '/opt/rosmicropy/components/micro_ros_espidf_component/micro_ros_src/build/rcutils'
[2.824s] make[3]: Entering directory '/opt/rosmicropy/components/micro_ros_espidf_component/micro_ros_src/build/rcutils'
[2.824s] make[3]: Leaving directory '/opt/rosmicropy/components/micro_ros_espidf_component/micro_ros_src/build/rcutils'
[2.824s] make[3]: Entering directory '/opt/rosmicropy/components/micro_ros_espidf_component/micro_ros_src/build/rcutils'
[2.824s] [  6%] Building C object CMakeFiles/rcutils.dir/src/allocator.c.obj
[2.825s] [ 13%] Building C object CMakeFiles/rcutils.dir/src/array_list.c.obj
[2.825s] [ 13%] Building C object CMakeFiles/rcutils.dir/src/char_array.c.obj
[2.825s] [ 17%] Building C object CMakeFiles/rcutils.dir/src/cmdline_parser.c.obj
[2.825s] [ 20%] Building C object CMakeFiles/rcutils.dir/src/error_handling.c.obj
[2.826s] [ 24%] Building C object CMakeFiles/rcutils.dir/src/env.c.obj
[2.826s] [ 27%] Building C object CMakeFiles/rcutils.dir/src/find.c.obj
[2.826s] [ 31%] Building C object CMakeFiles/rcutils.dir/src/filesystem.c.obj
[2.826s] [ 34%] Building C object CMakeFiles/rcutils.dir/src/format_string.c.obj
[2.827s] [ 37%] Building C object CMakeFiles/rcutils.dir/src/hash_map.c.obj
[2.827s] [ 41%] Building C object CMakeFiles/rcutils.dir/src/process.c.obj
[2.827s] [ 44%] Building C object CMakeFiles/rcutils.dir/src/logging.c.obj
[2.827s] [ 48%] Building C object CMakeFiles/rcutils.dir/src/qsort.c.obj
[2.827s] [ 51%] Building C object CMakeFiles/rcutils.dir/src/repl_str.c.obj
[2.828s] [ 55%] Building C object CMakeFiles/rcutils.dir/src/shared_library.c.obj
[2.828s] [ 58%] Building C object CMakeFiles/rcutils.dir/src/split.c.obj
[2.828s] [ 62%] Building C object CMakeFiles/rcutils.dir/src/snprintf.c.obj
[2.828s] [ 65%] Building C object CMakeFiles/rcutils.dir/src/strdup.c.obj
[2.828s] [ 68%] Building C object CMakeFiles/rcutils.dir/src/strcasecmp.c.obj
[2.828s] [ 72%] Building C object CMakeFiles/rcutils.dir/src/string_array.c.obj
[2.829s] [ 75%] Building C object CMakeFiles/rcutils.dir/src/strerror.c.obj
[2.829s] [ 79%] Building C object CMakeFiles/rcutils.dir/src/string_map.c.obj
[2.830s] In file included from /opt/rosmicropy/components/micro_ros_espidf_component/micro_ros_src/src/rcutils/src/env.c:20:
[2.830s] /opt/esp/idf/components/newlib/platform_include/errno.h:10:2: warning: #include_next is a GCC extension
[2.831s]    10 | #include_next "errno.h"
[2.831s]       |  ^~~~~~~~~~~~
[2.831s] In file included from /opt/rosmicropy/components/micro_ros_espidf_component/micro_ros_src/src/rcutils/include/rcutils/error_handling.h:28,
[2.831s]                  from /opt/rosmicropy/components/micro_ros_espidf_component/micro_ros_src/src/rcutils/src/char_array.c:16:
[2.832s] /opt/esp/idf/components/newlib/platform_include/assert.h:16:2: warning: #include_next is a GCC extension
[2.832s]    16 | #include_next <assert.h>
[2.832s]       |  ^~~~~~~~~~~~
[2.832s] In file included from /opt/rosmicropy/components/micro_ros_espidf_component/micro_ros_src/src/rcutils/src/filesystem.c:21:
[2.832s] /opt/esp/idf/components/newlib/platform_include/errno.h:10:2: warning: #include_next is a GCC extension
[2.833s]    10 | #include_next "errno.h"
[2.833s]       |  ^~~~~~~~~~~~
[2.833s] In file included from /opt/rosmicropy/components/micro_ros_espidf_component/micro_ros_src/src/rcutils/include/rcutils/error_handling.h:28,
[2.833s]                  from /opt/rosmicropy/components/micro_ros_espidf_component/micro_ros_src/src/rcutils/src/error_handling.c:22:
[2.833s] /opt/esp/idf/components/newlib/platform_include/assert.h:16:2: warning: #include_next is a GCC extension
[2.834s]    16 | #include_next <assert.h>
[2.834s]       |  ^~~~~~~~~~~~
[2.834s] In file included from /opt/rosmicropy/components/micro_ros_espidf_component/micro_ros_src/src/rcutils/src/logging.c:21:
[2.834s] /opt/esp/idf/components/newlib/platform_include/errno.h:10:2: warning: #include_next is a GCC extension
[2.835s]    10 | #include_next "errno.h"
[2.835s]       |  ^~~~~~~~~~~~
[2.835s] In file included from /opt/rosmicropy/components/micro_ros_espidf_component/micro_ros_src/src/rcutils/src/process.c:20:
[2.835s] /opt/esp/idf/components/newlib/platform_include/errno.h:10:2: warning: #include_next is a GCC extension
[2.835s]    10 | #include_next "errno.h"
[2.836s]       |  ^~~~~~~~~~~~
[2.836s] In file included from /opt/rosmicropy/components/micro_ros_espidf_component/micro_ros_src/src/rcutils/src/error_handling.c:35:
[2.836s] /opt/rosmicropy/components/micro_ros_espidf_component/micro_ros_src/src/rcutils/src/./error_handling_helpers.h: In function '__rcutils_convert_uint64_t_into_c_str':
[2.836s] /opt/rosmicropy/components/micro_ros_espidf_component/micro_ros_src/src/rcutils/src/./error_handling_helpers.h:109:48: warning: unused parameter 'number' [-Wunused-parameter]
[2.836s]   109 | __rcutils_convert_uint64_t_into_c_str(uint64_t number, char * buffer, size_t buffer_size)
[2.837s]       |                                       ~~~~~~~~~^~~~~~
[2.837s] /opt/rosmicropy/components/micro_ros_espidf_component/micro_ros_src/src/rcutils/src/./error_handling_helpers.h:109:63: warning: unused parameter 'buffer' [-Wunused-parameter]
[2.837s]   109 | __rcutils_convert_uint64_t_into_c_str(uint64_t number, char * buffer, size_t buffer_size)
[2.837s]       |                                                        ~~~~~~~^~~~~~
[2.837s] /opt/rosmicropy/components/micro_ros_espidf_component/micro_ros_src/src/rcutils/src/./error_handling_helpers.h:109:78: warning: unused parameter 'buffer_size' [-Wunused-parameter]
[2.838s]   109 | __rcutils_convert_uint64_t_into_c_str(uint64_t number, char * buffer, size_t buffer_size)
[2.838s]       |                                                                       ~~~~~~~^~~~~~~~~~~
[2.838s] /opt/rosmicropy/components/micro_ros_espidf_component/micro_ros_src/src/rcutils/src/./error_handling_helpers.h: In function '__rcutils_format_error_string':
[2.838s] /opt/rosmicropy/components/micro_ros_espidf_component/micro_ros_src/src/rcutils/src/./error_handling_helpers.h:142:28: warning: unused parameter 'error_string' [-Wunused-parameter]
[2.838s]   142 |   rcutils_error_string_t * error_string,
[2.839s]       |   ~~~~~~~~~~~~~~~~~~~~~~~~~^~~~~~~~~~~~
[2.839s] /opt/rosmicropy/components/micro_ros_espidf_component/micro_ros_src/src/rcutils/src/./error_handling_helpers.h:143:33: warning: unused parameter 'error_state' [-Wunused-parameter]
[2.839s]   143 |   const rcutils_error_state_t * error_state)
[2.839s]       |   ~~~~~~~~~~~~~~~~~~~~~~~~~~~~~~^~~~~~~~~~~
[2.840s] /opt/rosmicropy/components/micro_ros_espidf_component/micro_ros_src/src/rcutils/src/error_handling.c: In function 'rcutils_get_error_string':
[2.840s] /opt/rosmicropy/components/micro_ros_espidf_component/micro_ros_src/src/rcutils/src/error_handling.c:240:38: warning: initializer-string for array of 'char' is too long
[2.840s]   240 |     return (rcutils_error_string_t) {"error not set"};  // NOLINT(readability/braces)
[2.840s]       |                                      ^~~~~~~~~~~~~~~
[2.840s] /opt/rosmicropy/components/micro_ros_espidf_component/micro_ros_src/src/rcutils/src/error_handling.c:240:38: note: (near initialization for '(anonymous).str')
[2.840s] /opt/rosmicropy/components/micro_ros_espidf_component/micro_ros_src/src/rcutils/src/./error_handling_helpers.h: At top level:
[2.841s] /opt/rosmicropy/components/micro_ros_espidf_component/micro_ros_src/src/rcutils/src/./error_handling_helpers.h:109:1: warning: '__rcutils_convert_uint64_t_into_c_str' defined but not used [-Wunused-function]
[2.841s]   109 | __rcutils_convert_uint64_t_into_c_str(uint64_t number, char * buffer, size_t buffer_size)
[2.841s]       | ^~~~~~~~~~~~~~~~~~~~~~~~~~~~~~~~~~~~~
[2.841s] /opt/rosmicropy/components/micro_ros_espidf_component/micro_ros_src/src/rcutils/src/./error_handling_helpers.h:91:1: warning: '__rcutils_reverse_str' defined but not used [-Wunused-function]
[2.842s]    91 | __rcutils_reverse_str(char * string_in, size_t string_len)
[2.842s]       | ^~~~~~~~~~~~~~~~~~~~~
[2.843s] /opt/rosmicropy/components/micro_ros_espidf_component/micro_ros_src/src/rcutils/src/logging.c: In function 'rcutils_get_env_var_zero_or_one':
[2.843s] /opt/rosmicropy/components/micro_ros_espidf_component/micro_ros_src/src/rcutils/src/logging.c:130:35: warning: unused parameter 'zero_semantic' [-Wunused-parameter]
[2.843s]   130 |   const char * name, const char * zero_semantic,
[2.844s]       |                      ~~~~~~~~~~~~~^~~~~~~~~~~~~
[2.845s] /opt/rosmicropy/components/micro_ros_espidf_component/micro_ros_src/src/rcutils/src/logging.c:131:16: warning: unused parameter 'one_semantic' [-Wunused-parameter]
[2.845s]   131 |   const char * one_semantic)
[2.846s]       |   ~~~~~~~~~~~~~^~~~~~~~~~~~
[2.846s] In file included from /opt/rosmicropy/components/micro_ros_espidf_component/micro_ros_src/src/rcutils/src/snprintf.c:22:
[2.847s] /opt/esp/idf/components/newlib/platform_include/errno.h:10:2: warning: #include_next is a GCC extension
[2.848s]    10 | #include_next "errno.h"
[2.848s]       |  ^~~~~~~~~~~~
[2.848s] [ 82%] Building C object CMakeFiles/rcutils.dir/src/testing/fault_injection.c.obj
[2.849s] [ 86%] Building C object CMakeFiles/rcutils.dir/src/time.c.obj
[2.997s] In file included from /opt/rosmicropy/components/micro_ros_espidf_component/micro_ros_src/src/rcutils/src/strcasecmp.c:20:
[2.998s] /opt/esp/idf/components/newlib/platform_include/errno.h:10:2: warning: #include_next is a GCC extension
[2.999s]    10 | #include_next "errno.h"
[3.000s]       |  ^~~~~~~~~~~~
[3.000s] In file included from /opt/rosmicropy/components/micro_ros_espidf_component/micro_ros_src/src/rcutils/src/strerror.c:20:
[3.002s] /opt/esp/idf/components/newlib/platform_include/errno.h:10:2: warning: #include_next is a GCC extension
[3.004s]    10 | #include_next "errno.h"
[3.005s]       |  ^~~~~~~~~~~~
[3.007s] /opt/rosmicropy/components/micro_ros_espidf_component/micro_ros_src/src/rcutils/src/atomic_64bits.c:53:10: warning: conflicting types for built-in function '__atomic_load_8'; expected 'long long unsigned int(const volatile void *, int)' [-Wbuiltin-declaration-mismatch]
[3.008s]    53 | uint64_t __atomic_load_8(uint64_t *mem, int model) {
[3.008s]       |          ^~~~~~~~~~~~~~~
[3.009s] /opt/rosmicropy/components/micro_ros_espidf_component/micro_ros_src/src/rcutils/src/atomic_64bits.c:62:6: warning: conflicting types for built-in function '__atomic_store_8'; expected 'void(volatile void *, long long unsigned int,  int)' [-Wbuiltin-declaration-mismatch]
[3.009s]    62 | void __atomic_store_8(uint64_t *mem, uint64_t val, int model) {
[3.010s]       |      ^~~~~~~~~~~~~~~~
[3.013s] /opt/rosmicropy/components/micro_ros_espidf_component/micro_ros_src/src/rcutils/src/atomic_64bits.c:70:10: warning: conflicting types for built-in function '__atomic_exchange_8'; expected 'long long unsigned int(volatile void *, long long unsigned int,  int)' [-Wbuiltin-declaration-mismatch]
[3.014s]    70 | uint64_t __atomic_exchange_8(uint64_t *mem, uint64_t val, int model) {
[3.015s]       |          ^~~~~~~~~~~~~~~~~~~
[3.017s] /opt/rosmicropy/components/micro_ros_espidf_component/micro_ros_src/src/rcutils/src/atomic_64bits.c:80:10: warning: conflicting types for built-in function '__atomic_fetch_add_8'; expected 'long long unsigned int(volatile void *, long long unsigned int,  int)' [-Wbuiltin-declaration-mismatch]
[3.018s]    80 | uint64_t __atomic_fetch_add_8(uint64_t *mem, uint64_t val, int model) {
[3.018s]       |          ^~~~~~~~~~~~~~~~~~~~
[3.019s] In file included from /opt/rosmicropy/components/micro_ros_espidf_component/micro_ros_src/src/rcutils/include/rcutils/error_handling.h:28,
[3.020s]                  from /opt/rosmicropy/components/micro_ros_espidf_component/micro_ros_src/src/rcutils/src/uint8_array.c:15:
[3.020s] /opt/esp/idf/components/newlib/platform_include/assert.h:16:2: warning: #include_next is a GCC extension
[3.020s]    16 | #include_next <assert.h>
[3.022s]       |  ^~~~~~~~~~~~
[3.023s] In file included from /opt/rosmicropy/components/micro_ros_espidf_component/micro_ros_src/src/rcutils/src/time_unix.c:40:
[3.025s] /opt/esp/idf/components/newlib/platform_include/time.h:11:2: warning: #include_next is a GCC extension
[3.026s]    11 | #include_next <time.h>
[3.027s]       |  ^~~~~~~~~~~~
[3.027s] [ 89%] Building C object CMakeFiles/rcutils.dir/src/uint8_array.c.obj
[3.027s] [ 93%] Building C object CMakeFiles/rcutils.dir/src/time_unix.c.obj
[3.027s] [ 96%] Building C object CMakeFiles/rcutils.dir/src/atomic_64bits.c.obj
[3.028s] running egg_info
[3.028s] creating rcutils.egg-info
[3.028s] writing rcutils.egg-info/PKG-INFO
[3.028s] writing dependency_links to rcutils.egg-info/dependency_links.txt
[3.028s] writing top-level names to rcutils.egg-info/top_level.txt
[3.029s] writing manifest file 'rcutils.egg-info/SOURCES.txt'
[3.029s] reading manifest file 'rcutils.egg-info/SOURCES.txt'
[3.029s] writing manifest file 'rcutils.egg-info/SOURCES.txt'
[3.029s] make[3]: Leaving directory '/opt/rosmicropy/components/micro_ros_espidf_component/micro_ros_src/build/rcutils'
[3.029s] [ 96%] Built target ament_cmake_python_build_rcutils_egg
[3.034s] [100%] Linking C static library librcutils.a
[3.041s] make[3]: Leaving directory '/opt/rosmicropy/components/micro_ros_espidf_component/micro_ros_src/build/rcutils'
[3.042s] [100%] Built target rcutils
[3.042s] make[2]: Leaving directory '/opt/rosmicropy/components/micro_ros_espidf_component/micro_ros_src/build/rcutils'
[3.042s] make[1]: Leaving directory '/opt/rosmicropy/components/micro_ros_espidf_component/micro_ros_src/build/rcutils'
[3.043s] Invoked command in '/opt/rosmicropy/components/micro_ros_espidf_component/micro_ros_src/build/rcutils' returned '0': CMAKE_PREFIX_PATH=${CMAKE_PREFIX_PATH}:/opt/rosmicropy/components/micro_ros_espidf_component/micro_ros_dev/install/domain_coordinator:/opt/rosmicropy/components/micro_ros_espidf_component/micro_ros_dev/install/ament_xmllint:/opt/rosmicropy/components/micro_ros_espidf_component/micro_ros_dev/install/ament_uncrustify:/opt/rosmicropy/components/micro_ros_espidf_component/micro_ros_dev/install/ament_pyflakes:/opt/rosmicropy/components/micro_ros_espidf_component/micro_ros_dev/install/ament_pycodestyle:/opt/rosmicropy/components/micro_ros_espidf_component/micro_ros_dev/install/ament_pep257:/opt/rosmicropy/components/micro_ros_espidf_component/micro_ros_dev/install/ament_pclint:/opt/rosmicropy/components/micro_ros_espidf_component/micro_ros_dev/install/ament_package:/opt/rosmicropy/components/micro_ros_espidf_component/micro_ros_dev/install/ament_mypy:/opt/rosmicropy/components/micro_ros_espidf_component/micro_ros_dev/install/ament_lint_cmake:/opt/rosmicropy/components/micro_ros_espidf_component/micro_ros_dev/install/ament_flake8:/opt/rosmicropy/components/micro_ros_espidf_component/micro_ros_dev/install/ament_copyright:/opt/rosmicropy/components/micro_ros_espidf_component/micro_ros_dev/install/ament_lint:/opt/rosmicropy/components/micro_ros_espidf_component/micro_ros_dev/install/ament_index_python:/opt/rosmicropy/components/micro_ros_espidf_component/micro_ros_dev/install/ament_cpplint:/opt/rosmicropy/components/micro_ros_espidf_component/micro_ros_dev/install/ament_cppcheck:/opt/rosmicropy/components/micro_ros_espidf_component/micro_ros_dev/install/ament_clang_tidy:/opt/rosmicropy/components/micro_ros_espidf_component/micro_ros_dev/install/ament_clang_format X_CFLAGS=-mlongcalls X_CXXFLAGS=-mlongcalls /opt/esp/tools/cmake/3.24.0/bin/cmake --build /opt/rosmicropy/components/micro_ros_espidf_component/micro_ros_src/build/rcutils
[3.358s] Invoking command in '/opt/rosmicropy/components/micro_ros_espidf_component/micro_ros_src/build/rcutils': CMAKE_PREFIX_PATH=${CMAKE_PREFIX_PATH}:/opt/rosmicropy/components/micro_ros_espidf_component/micro_ros_dev/install/domain_coordinator:/opt/rosmicropy/components/micro_ros_espidf_component/micro_ros_dev/install/ament_xmllint:/opt/rosmicropy/components/micro_ros_espidf_component/micro_ros_dev/install/ament_uncrustify:/opt/rosmicropy/components/micro_ros_espidf_component/micro_ros_dev/install/ament_pyflakes:/opt/rosmicropy/components/micro_ros_espidf_component/micro_ros_dev/install/ament_pycodestyle:/opt/rosmicropy/components/micro_ros_espidf_component/micro_ros_dev/install/ament_pep257:/opt/rosmicropy/components/micro_ros_espidf_component/micro_ros_dev/install/ament_pclint:/opt/rosmicropy/components/micro_ros_espidf_component/micro_ros_dev/install/ament_package:/opt/rosmicropy/components/micro_ros_espidf_component/micro_ros_dev/install/ament_mypy:/opt/rosmicropy/components/micro_ros_espidf_component/micro_ros_dev/install/ament_lint_cmake:/opt/rosmicropy/components/micro_ros_espidf_component/micro_ros_dev/install/ament_flake8:/opt/rosmicropy/components/micro_ros_espidf_component/micro_ros_dev/install/ament_copyright:/opt/rosmicropy/components/micro_ros_espidf_component/micro_ros_dev/install/ament_lint:/opt/rosmicropy/components/micro_ros_espidf_component/micro_ros_dev/install/ament_index_python:/opt/rosmicropy/components/micro_ros_espidf_component/micro_ros_dev/install/ament_cpplint:/opt/rosmicropy/components/micro_ros_espidf_component/micro_ros_dev/install/ament_cppcheck:/opt/rosmicropy/components/micro_ros_espidf_component/micro_ros_dev/install/ament_clang_tidy:/opt/rosmicropy/components/micro_ros_espidf_component/micro_ros_dev/install/ament_clang_format X_CFLAGS=-mlongcalls X_CXXFLAGS=-mlongcalls /opt/esp/tools/cmake/3.24.0/bin/cmake --install /opt/rosmicropy/components/micro_ros_espidf_component/micro_ros_src/build/rcutils
[3.362s] -- Install configuration: "Release"
[3.362s] -- Installing: /opt/rosmicropy/components/micro_ros_espidf_component/micro_ros_src/install/share/rcutils/environment/pythonpath.sh
[3.362s] -- Installing: /opt/rosmicropy/components/micro_ros_espidf_component/micro_ros_src/install/share/rcutils/environment/pythonpath.dsv
[3.579s] -- Installing: /opt/rosmicropy/components/micro_ros_espidf_component/micro_ros_src/install/lib/python3.8/site-packages/rcutils-5.1.5-py3.8.egg-info
[3.579s] -- Installing: /opt/rosmicropy/components/micro_ros_espidf_component/micro_ros_src/install/lib/python3.8/site-packages/rcutils-5.1.5-py3.8.egg-info/top_level.txt
[3.580s] -- Installing: /opt/rosmicropy/components/micro_ros_espidf_component/micro_ros_src/install/lib/python3.8/site-packages/rcutils-5.1.5-py3.8.egg-info/dependency_links.txt
[3.580s] -- Installing: /opt/rosmicropy/components/micro_ros_espidf_component/micro_ros_src/install/lib/python3.8/site-packages/rcutils-5.1.5-py3.8.egg-info/SOURCES.txt
[3.580s] -- Installing: /opt/rosmicropy/components/micro_ros_espidf_component/micro_ros_src/install/lib/python3.8/site-packages/rcutils-5.1.5-py3.8.egg-info/PKG-INFO
[3.746s] -- Installing: /opt/rosmicropy/components/micro_ros_espidf_component/micro_ros_src/install/lib/python3.8/site-packages/rcutils
[3.746s] -- Installing: /opt/rosmicropy/components/micro_ros_espidf_component/micro_ros_src/install/lib/python3.8/site-packages/rcutils/logging.py
[3.746s] -- Installing: /opt/rosmicropy/components/micro_ros_espidf_component/micro_ros_src/install/lib/python3.8/site-packages/rcutils/__init__.py
[3.746s] Listing '/opt/rosmicropy/components/micro_ros_espidf_component/micro_ros_src/install/lib/python3.8/site-packages/rcutils'...
[3.746s] Compiling '/opt/rosmicropy/components/micro_ros_espidf_component/micro_ros_src/install/lib/python3.8/site-packages/rcutils/__init__.py'...
[3.747s] Compiling '/opt/rosmicropy/components/micro_ros_espidf_component/micro_ros_src/install/lib/python3.8/site-packages/rcutils/logging.py'...
[3.747s] -- Installing: /opt/rosmicropy/components/micro_ros_espidf_component/micro_ros_src/install/lib/librcutils.a
[3.747s] -- Installing: /opt/rosmicropy/components/micro_ros_espidf_component/micro_ros_src/install/share/rcutils/environment/library_path.sh
[3.747s] -- Installing: /opt/rosmicropy/components/micro_ros_espidf_component/micro_ros_src/install/share/rcutils/environment/library_path.dsv
[3.748s] -- Installing: /opt/rosmicropy/components/micro_ros_espidf_component/micro_ros_src/install/share/ament_index/resource_index/package_run_dependencies/rcutils
[3.748s] -- Installing: /opt/rosmicropy/components/micro_ros_espidf_component/micro_ros_src/install/share/ament_index/resource_index/parent_prefix_path/rcutils
[3.748s] -- Installing: /opt/rosmicropy/components/micro_ros_espidf_component/micro_ros_src/install/share/rcutils/environment/ament_prefix_path.sh
[3.748s] -- Installing: /opt/rosmicropy/components/micro_ros_espidf_component/micro_ros_src/install/share/rcutils/environment/ament_prefix_path.dsv
[3.748s] -- Installing: /opt/rosmicropy/components/micro_ros_espidf_component/micro_ros_src/install/share/rcutils/environment/path.sh
[3.749s] -- Installing: /opt/rosmicropy/components/micro_ros_espidf_component/micro_ros_src/install/share/rcutils/environment/path.dsv
[3.749s] -- Installing: /opt/rosmicropy/components/micro_ros_espidf_component/micro_ros_src/install/share/rcutils/local_setup.bash
[3.749s] -- Installing: /opt/rosmicropy/components/micro_ros_espidf_component/micro_ros_src/install/share/rcutils/local_setup.sh
[3.749s] -- Installing: /opt/rosmicropy/components/micro_ros_espidf_component/micro_ros_src/install/share/rcutils/local_setup.zsh
[3.750s] -- Installing: /opt/rosmicropy/components/micro_ros_espidf_component/micro_ros_src/install/share/rcutils/local_setup.dsv
[3.750s] -- Installing: /opt/rosmicropy/components/micro_ros_espidf_component/micro_ros_src/install/share/rcutils/package.dsv
[3.750s] -- Installing: /opt/rosmicropy/components/micro_ros_espidf_component/micro_ros_src/install/share/ament_index/resource_index/packages/rcutils
[3.751s] -- Installing: /opt/rosmicropy/components/micro_ros_espidf_component/micro_ros_src/install/share/rcutils/cmake/rcutilsExport.cmake
[3.751s] -- Installing: /opt/rosmicropy/components/micro_ros_espidf_component/micro_ros_src/install/share/rcutils/cmake/rcutilsExport-release.cmake
[3.751s] -- Installing: /opt/rosmicropy/components/micro_ros_espidf_component/micro_ros_src/install/share/rcutils/cmake/ament_cmake_export_include_directories-extras.cmake
[3.751s] -- Installing: /opt/rosmicropy/components/micro_ros_espidf_component/micro_ros_src/install/share/rcutils/cmake/ament_cmake_export_libraries-extras.cmake
[3.753s] -- Installing: /opt/rosmicropy/components/micro_ros_espidf_component/micro_ros_src/install/share/rcutils/cmake/ament_cmake_export_targets-extras.cmake
[3.753s] -- Installing: /opt/rosmicropy/components/micro_ros_espidf_component/micro_ros_src/install/share/rcutils/cmake/ament_cmake_export_dependencies-extras.cmake
[3.753s] -- Installing: /opt/rosmicropy/components/micro_ros_espidf_component/micro_ros_src/install/share/rcutils/cmake/rcutilsConfig.cmake
[3.753s] -- Installing: /opt/rosmicropy/components/micro_ros_espidf_component/micro_ros_src/install/share/rcutils/cmake/rcutilsConfig-version.cmake
[3.754s] -- Installing: /opt/rosmicropy/components/micro_ros_espidf_component/micro_ros_src/install/share/rcutils/package.xml
[3.754s] -- Installing: /opt/rosmicropy/components/micro_ros_espidf_component/micro_ros_src/install/include/rcutils
[3.754s] -- Installing: /opt/rosmicropy/components/micro_ros_espidf_component/micro_ros_src/install/include/rcutils/rcutils
[3.755s] -- Installing: /opt/rosmicropy/components/micro_ros_espidf_component/micro_ros_src/install/include/rcutils/rcutils/qsort.h
[3.755s] -- Installing: /opt/rosmicropy/components/micro_ros_espidf_component/micro_ros_src/install/include/rcutils/rcutils/types.h
[3.756s] -- Installing: /opt/rosmicropy/components/micro_ros_espidf_component/micro_ros_src/install/include/rcutils/rcutils/env.h
[3.757s] -- Installing: /opt/rosmicropy/components/micro_ros_espidf_component/micro_ros_src/install/include/rcutils/rcutils/logging.h
[3.757s] -- Installing: /opt/rosmicropy/components/micro_ros_espidf_component/micro_ros_src/install/include/rcutils/rcutils/filesystem.h
[3.757s] -- Installing: /opt/rosmicropy/components/micro_ros_espidf_component/micro_ros_src/install/include/rcutils/rcutils/visibility_control_macros.h
[3.757s] -- Installing: /opt/rosmicropy/components/micro_ros_espidf_component/micro_ros_src/install/include/rcutils/rcutils/shared_library.h
[3.758s] -- Installing: /opt/rosmicropy/components/micro_ros_espidf_component/micro_ros_src/install/include/rcutils/rcutils/get_env.h
[3.758s] -- Installing: /opt/rosmicropy/components/micro_ros_espidf_component/micro_ros_src/install/include/rcutils/rcutils/isalnum_no_locale.h
[3.758s] -- Installing: /opt/rosmicropy/components/micro_ros_espidf_component/micro_ros_src/install/include/rcutils/rcutils/strcasecmp.h
[3.759s] -- Installing: /opt/rosmicropy/components/micro_ros_espidf_component/micro_ros_src/install/include/rcutils/rcutils/macros.h
[3.759s] -- Installing: /opt/rosmicropy/components/micro_ros_espidf_component/micro_ros_src/install/include/rcutils/rcutils/snprintf.h
[3.760s] -- Installing: /opt/rosmicropy/components/micro_ros_espidf_component/micro_ros_src/install/include/rcutils/rcutils/split.h
[3.763s] -- Installing: /opt/rosmicropy/components/micro_ros_espidf_component/micro_ros_src/install/include/rcutils/rcutils/testing
[3.764s] -- Installing: /opt/rosmicropy/components/micro_ros_espidf_component/micro_ros_src/install/include/rcutils/rcutils/testing/fault_injection.h
[3.765s] -- Installing: /opt/rosmicropy/components/micro_ros_espidf_component/micro_ros_src/install/include/rcutils/rcutils/repl_str.h
[3.765s] -- Installing: /opt/rosmicropy/components/micro_ros_espidf_component/micro_ros_src/install/include/rcutils/rcutils/configuration_flags.h.in
[3.765s] -- Installing: /opt/rosmicropy/components/micro_ros_espidf_component/micro_ros_src/install/include/rcutils/rcutils/strdup.h
[3.766s] -- Installing: /opt/rosmicropy/components/micro_ros_espidf_component/micro_ros_src/install/include/rcutils/rcutils/strerror.h
[3.766s] -- Installing: /opt/rosmicropy/components/micro_ros_espidf_component/micro_ros_src/install/include/rcutils/rcutils/security_directory.h
[3.766s] -- Installing: /opt/rosmicropy/components/micro_ros_espidf_component/micro_ros_src/install/include/rcutils/rcutils/cmdline_parser.h
[3.767s] -- Installing: /opt/rosmicropy/components/micro_ros_espidf_component/micro_ros_src/install/include/rcutils/rcutils/format_string.h
[3.767s] -- Installing: /opt/rosmicropy/components/micro_ros_espidf_component/micro_ros_src/install/include/rcutils/rcutils/stdatomic_helper.h
[3.767s] -- Installing: /opt/rosmicropy/components/micro_ros_espidf_component/micro_ros_src/install/include/rcutils/rcutils/find.h
[3.767s] -- Installing: /opt/rosmicropy/components/micro_ros_espidf_component/micro_ros_src/install/include/rcutils/rcutils/allocator.h
[3.767s] -- Installing: /opt/rosmicropy/components/micro_ros_espidf_component/micro_ros_src/install/include/rcutils/rcutils/process.h
[3.767s] -- Installing: /opt/rosmicropy/components/micro_ros_espidf_component/micro_ros_src/install/include/rcutils/rcutils/stdatomic_helper
[3.768s] -- Installing: /opt/rosmicropy/components/micro_ros_espidf_component/micro_ros_src/install/include/rcutils/rcutils/stdatomic_helper/win32
[3.768s] -- Installing: /opt/rosmicropy/components/micro_ros_espidf_component/micro_ros_src/install/include/rcutils/rcutils/stdatomic_helper/win32/stdatomic.h
[3.768s] -- Installing: /opt/rosmicropy/components/micro_ros_espidf_component/micro_ros_src/install/include/rcutils/rcutils/stdatomic_helper/gcc
[3.768s] -- Installing: /opt/rosmicropy/components/micro_ros_espidf_component/micro_ros_src/install/include/rcutils/rcutils/stdatomic_helper/gcc/stdatomic.h
[3.768s] -- Installing: /opt/rosmicropy/components/micro_ros_espidf_component/micro_ros_src/install/include/rcutils/rcutils/visibility_control.h
[3.768s] -- Installing: /opt/rosmicropy/components/micro_ros_espidf_component/micro_ros_src/install/include/rcutils/rcutils/error_handling.h
[3.768s] -- Installing: /opt/rosmicropy/components/micro_ros_espidf_component/micro_ros_src/install/include/rcutils/rcutils/types
[3.768s] -- Installing: /opt/rosmicropy/components/micro_ros_espidf_component/micro_ros_src/install/include/rcutils/rcutils/types/hash_map.h
[3.768s] -- Installing: /opt/rosmicropy/components/micro_ros_espidf_component/micro_ros_src/install/include/rcutils/rcutils/types/string_array.h
[3.768s] -- Installing: /opt/rosmicropy/components/micro_ros_espidf_component/micro_ros_src/install/include/rcutils/rcutils/types/string_map.h
[3.768s] -- Installing: /opt/rosmicropy/components/micro_ros_espidf_component/micro_ros_src/install/include/rcutils/rcutils/types/array_list.h
[3.769s] -- Installing: /opt/rosmicropy/components/micro_ros_espidf_component/micro_ros_src/install/include/rcutils/rcutils/types/uint8_array.h
[3.769s] -- Installing: /opt/rosmicropy/components/micro_ros_espidf_component/micro_ros_src/install/include/rcutils/rcutils/types/rcutils_ret.h
[3.769s] -- Installing: /opt/rosmicropy/components/micro_ros_espidf_component/micro_ros_src/install/include/rcutils/rcutils/types/char_array.h
[3.769s] -- Installing: /opt/rosmicropy/components/micro_ros_espidf_component/micro_ros_src/install/include/rcutils/rcutils/time.h
[3.769s] -- Up-to-date: /opt/rosmicropy/components/micro_ros_espidf_component/micro_ros_src/install/include/rcutils
[3.769s] -- Up-to-date: /opt/rosmicropy/components/micro_ros_espidf_component/micro_ros_src/install/include/rcutils/rcutils
[3.769s] -- Installing: /opt/rosmicropy/components/micro_ros_espidf_component/micro_ros_src/install/include/rcutils/rcutils/configuration_flags.h
[3.769s] -- Installing: /opt/rosmicropy/components/micro_ros_espidf_component/micro_ros_src/install/include/rcutils/rcutils/logging_macros.h
[4.033s] Invoked command in '/opt/rosmicropy/components/micro_ros_espidf_component/micro_ros_src/build/rcutils' returned '0': CMAKE_PREFIX_PATH=${CMAKE_PREFIX_PATH}:/opt/rosmicropy/components/micro_ros_espidf_component/micro_ros_dev/install/domain_coordinator:/opt/rosmicropy/components/micro_ros_espidf_component/micro_ros_dev/install/ament_xmllint:/opt/rosmicropy/components/micro_ros_espidf_component/micro_ros_dev/install/ament_uncrustify:/opt/rosmicropy/components/micro_ros_espidf_component/micro_ros_dev/install/ament_pyflakes:/opt/rosmicropy/components/micro_ros_espidf_component/micro_ros_dev/install/ament_pycodestyle:/opt/rosmicropy/components/micro_ros_espidf_component/micro_ros_dev/install/ament_pep257:/opt/rosmicropy/components/micro_ros_espidf_component/micro_ros_dev/install/ament_pclint:/opt/rosmicropy/components/micro_ros_espidf_component/micro_ros_dev/install/ament_package:/opt/rosmicropy/components/micro_ros_espidf_component/micro_ros_dev/install/ament_mypy:/opt/rosmicropy/components/micro_ros_espidf_component/micro_ros_dev/install/ament_lint_cmake:/opt/rosmicropy/components/micro_ros_espidf_component/micro_ros_dev/install/ament_flake8:/opt/rosmicropy/components/micro_ros_espidf_component/micro_ros_dev/install/ament_copyright:/opt/rosmicropy/components/micro_ros_espidf_component/micro_ros_dev/install/ament_lint:/opt/rosmicropy/components/micro_ros_espidf_component/micro_ros_dev/install/ament_index_python:/opt/rosmicropy/components/micro_ros_espidf_component/micro_ros_dev/install/ament_cpplint:/opt/rosmicropy/components/micro_ros_espidf_component/micro_ros_dev/install/ament_cppcheck:/opt/rosmicropy/components/micro_ros_espidf_component/micro_ros_dev/install/ament_clang_tidy:/opt/rosmicropy/components/micro_ros_espidf_component/micro_ros_dev/install/ament_clang_format X_CFLAGS=-mlongcalls X_CXXFLAGS=-mlongcalls /opt/esp/tools/cmake/3.24.0/bin/cmake --install /opt/rosmicropy/components/micro_ros_espidf_component/micro_ros_src/build/rcutils
