Not searching for unused variables given on the command line.
-- The C compiler identification is GNU 12.2.0
-- The CXX compiler identification is GNU 12.2.0
-- Detecting C compiler ABI info
-- Detecting C compiler ABI info - done
-- Check for working C compiler: /opt/esp/tools/xtensa-esp32s3-elf/esp-12.2.0_20230208/xtensa-esp32s3-elf/bin/xtensa-esp32s3-elf-gcc - skipped
-- Detecting C compile features
-- Detecting C compile features - done
-- Detecting CXX compiler ABI info
-- Detecting CXX compiler ABI info - done
-- Check for working CXX compiler: /opt/esp/tools/xtensa-esp32s3-elf/esp-12.2.0_20230208/xtensa-esp32s3-elf/bin/xtensa-esp32s3-elf-g++ - skipped
-- Detecting CXX compile features
-- Detecting CXX compile features - done
-- Found ament_cmake_ros: 0.10.0 (/opt/rosmicropy/components/micro_ros_espidf_component/micro_ros_dev/install/ament_cmake_ros/share/ament_cmake_ros/cmake)
-- Found Python3: /opt/esp/python_env/idf5.1_py3.8_env/bin/python3 (found version "3.8.10") found components: Interpreter 
-- Found rcl_interfaces: 1.2.1 (/opt/rosmicropy/components/micro_ros_espidf_component/micro_ros_src/install/share/rcl_interfaces/cmake)
-- Using all available rosidl_typesupport_c: rosidl_typesupport_introspection_c;rosidl_typesupport_microxrcedds_c
-- Found rosidl_adapter: 3.1.5 (/opt/rosmicropy/components/micro_ros_espidf_component/micro_ros_src/install/share/rosidl_adapter/cmake)
-- Found rcl_logging_interface: 2.3.1 (/opt/rosmicropy/components/micro_ros_espidf_component/micro_ros_src/install/share/rcl_logging_interface/cmake)
-- Found rmw_implementation: 2.8.2 (/opt/rosmicropy/components/micro_ros_espidf_component/micro_ros_src/install/share/rmw_implementation/cmake)
-- Found rmw_implementation_cmake: 6.1.1 (/opt/rosmicropy/components/micro_ros_espidf_component/micro_ros_src/install/share/rmw_implementation_cmake/cmake)
-- Found rmw_microxrcedds: 3.0.2 (/opt/rosmicropy/components/micro_ros_espidf_component/micro_ros_src/install/share/rmw_microxrcedds/cmake)
-- Using RMW implementation 'rmw_microxrcedds'
-- Found tracetools: 4.1.1 (/opt/rosmicropy/components/micro_ros_espidf_component/micro_ros_src/install/share/tracetools/cmake)
-- Configuring done
-- Generating done
-- Build files have been written to: /opt/rosmicropy/components/micro_ros_espidf_component/micro_ros_src/build/rcl
make[1]: Entering directory '/opt/rosmicropy/components/micro_ros_espidf_component/micro_ros_src/build/rcl'
make[2]: Entering directory '/opt/rosmicropy/components/micro_ros_espidf_component/micro_ros_src/build/rcl'
make[3]: Entering directory '/opt/rosmicropy/components/micro_ros_espidf_component/micro_ros_src/build/rcl'
make[3]: Leaving directory '/opt/rosmicropy/components/micro_ros_espidf_component/micro_ros_src/build/rcl'
make[3]: Entering directory '/opt/rosmicropy/components/micro_ros_espidf_component/micro_ros_src/build/rcl'
[  3%] Building C object CMakeFiles/rcl.dir/src/rcl/client.c.obj
[  6%] Building C object CMakeFiles/rcl.dir/src/rcl/common.c.obj
[ 10%] Building C object CMakeFiles/rcl.dir/src/rcl/context.c.obj
[ 13%] Building C object CMakeFiles/rcl.dir/src/rcl/domain_id.c.obj
[ 17%] Building C object CMakeFiles/rcl.dir/src/rcl/event.c.obj
[ 20%] Building C object CMakeFiles/rcl.dir/src/rcl/expand_topic_name.c.obj
[ 24%] Building C object CMakeFiles/rcl.dir/src/rcl/guard_condition.c.obj
[ 27%] Building C object CMakeFiles/rcl.dir/src/rcl/graph.c.obj
[ 31%] Building C object CMakeFiles/rcl.dir/src/rcl/init.c.obj
[ 34%] Building C object CMakeFiles/rcl.dir/src/rcl/init_options.c.obj
[ 37%] Building C object CMakeFiles/rcl.dir/src/rcl/lexer.c.obj
[ 41%] Building C object CMakeFiles/rcl.dir/src/rcl/lexer_lookahead.c.obj
[ 44%] Building C object CMakeFiles/rcl.dir/src/rcl/localhost.c.obj
[ 48%] Building C object CMakeFiles/rcl.dir/src/rcl/network_flow_endpoints.c.obj
[ 51%] Building C object CMakeFiles/rcl.dir/src/rcl/node.c.obj
[ 55%] Building C object CMakeFiles/rcl.dir/src/rcl/node_options.c.obj
[ 58%] Building C object CMakeFiles/rcl.dir/src/rcl/publisher.c.obj
[ 62%] Building C object CMakeFiles/rcl.dir/src/rcl/remap.c.obj
[ 65%] Building C object CMakeFiles/rcl.dir/src/rcl/node_resolve_name.c.obj
[ 68%] Building C object CMakeFiles/rcl.dir/src/rcl/rmw_implementation_identifier_check.c.obj
[ 72%] Building C object CMakeFiles/rcl.dir/src/rcl/security.c.obj
[ 75%] Building C object CMakeFiles/rcl.dir/src/rcl/service.c.obj
[ 79%] Building C object CMakeFiles/rcl.dir/src/rcl/subscription.c.obj
[ 82%] Building C object CMakeFiles/rcl.dir/src/rcl/time.c.obj
[ 86%] Building C object CMakeFiles/rcl.dir/src/rcl/timer.c.obj
[ 89%] Building C object CMakeFiles/rcl.dir/src/rcl/validate_enclave_name.c.obj
[ 93%] Building C object CMakeFiles/rcl.dir/src/rcl/validate_topic_name.c.obj
[ 96%] Building C object CMakeFiles/rcl.dir/src/rcl/wait.c.obj
[100%] Linking CXX static library librcl.a
make[3]: Leaving directory '/opt/rosmicropy/components/micro_ros_espidf_component/micro_ros_src/build/rcl'
[100%] Built target rcl
make[2]: Leaving directory '/opt/rosmicropy/components/micro_ros_espidf_component/micro_ros_src/build/rcl'
make[1]: Leaving directory '/opt/rosmicropy/components/micro_ros_espidf_component/micro_ros_src/build/rcl'
-- Install configuration: "Release"
-- Installing: /opt/rosmicropy/components/micro_ros_espidf_component/micro_ros_src/install/lib/librcl.a
-- Installing: /opt/rosmicropy/components/micro_ros_espidf_component/micro_ros_src/install/share/rcl/environment/library_path.sh
-- Installing: /opt/rosmicropy/components/micro_ros_espidf_component/micro_ros_src/install/share/rcl/environment/library_path.dsv
-- Installing: /opt/rosmicropy/components/micro_ros_espidf_component/micro_ros_src/install/share/ament_index/resource_index/package_run_dependencies/rcl
-- Installing: /opt/rosmicropy/components/micro_ros_espidf_component/micro_ros_src/install/share/ament_index/resource_index/parent_prefix_path/rcl
-- Installing: /opt/rosmicropy/components/micro_ros_espidf_component/micro_ros_src/install/share/rcl/environment/ament_prefix_path.sh
-- Installing: /opt/rosmicropy/components/micro_ros_espidf_component/micro_ros_src/install/share/rcl/environment/ament_prefix_path.dsv
-- Installing: /opt/rosmicropy/components/micro_ros_espidf_component/micro_ros_src/install/share/rcl/environment/path.sh
-- Installing: /opt/rosmicropy/components/micro_ros_espidf_component/micro_ros_src/install/share/rcl/environment/path.dsv
-- Installing: /opt/rosmicropy/components/micro_ros_espidf_component/micro_ros_src/install/share/rcl/local_setup.bash
-- Installing: /opt/rosmicropy/components/micro_ros_espidf_component/micro_ros_src/install/share/rcl/local_setup.sh
-- Installing: /opt/rosmicropy/components/micro_ros_espidf_component/micro_ros_src/install/share/rcl/local_setup.zsh
-- Installing: /opt/rosmicropy/components/micro_ros_espidf_component/micro_ros_src/install/share/rcl/local_setup.dsv
-- Installing: /opt/rosmicropy/components/micro_ros_espidf_component/micro_ros_src/install/share/rcl/package.dsv
-- Installing: /opt/rosmicropy/components/micro_ros_espidf_component/micro_ros_src/install/share/ament_index/resource_index/packages/rcl
-- Installing: /opt/rosmicropy/components/micro_ros_espidf_component/micro_ros_src/install/share/rcl/cmake/rclExport.cmake
-- Installing: /opt/rosmicropy/components/micro_ros_espidf_component/micro_ros_src/install/share/rcl/cmake/rclExport-release.cmake
-- Installing: /opt/rosmicropy/components/micro_ros_espidf_component/micro_ros_src/install/share/rcl/cmake/rcl-extras.cmake
-- Installing: /opt/rosmicropy/components/micro_ros_espidf_component/micro_ros_src/install/share/rcl/cmake/ament_cmake_export_include_directories-extras.cmake
-- Installing: /opt/rosmicropy/components/micro_ros_espidf_component/micro_ros_src/install/share/rcl/cmake/ament_cmake_export_libraries-extras.cmake
-- Installing: /opt/rosmicropy/components/micro_ros_espidf_component/micro_ros_src/install/share/rcl/cmake/ament_cmake_export_targets-extras.cmake
-- Installing: /opt/rosmicropy/components/micro_ros_espidf_component/micro_ros_src/install/share/rcl/cmake/ament_cmake_export_dependencies-extras.cmake
-- Installing: /opt/rosmicropy/components/micro_ros_espidf_component/micro_ros_src/install/share/rcl/cmake/rclConfig.cmake
-- Installing: /opt/rosmicropy/components/micro_ros_espidf_component/micro_ros_src/install/share/rcl/cmake/rclConfig-version.cmake
-- Installing: /opt/rosmicropy/components/micro_ros_espidf_component/micro_ros_src/install/share/rcl/package.xml
-- Up-to-date: /opt/rosmicropy/components/micro_ros_espidf_component/micro_ros_src/install/share/rcl/cmake
-- Installing: /opt/rosmicropy/components/micro_ros_espidf_component/micro_ros_src/install/share/rcl/cmake/rcl_set_symbol_visibility_hidden.cmake
-- Installing: /opt/rosmicropy/components/micro_ros_espidf_component/micro_ros_src/install/share/rcl/cmake/get_default_rcl_logging_implementation.cmake
-- Installing: /opt/rosmicropy/components/micro_ros_espidf_component/micro_ros_src/install/include/rcl
-- Installing: /opt/rosmicropy/components/micro_ros_espidf_component/micro_ros_src/install/include/rcl/rcl
-- Installing: /opt/rosmicropy/components/micro_ros_espidf_component/micro_ros_src/install/include/rcl/rcl/types.h
-- Installing: /opt/rosmicropy/components/micro_ros_espidf_component/micro_ros_src/install/include/rcl/rcl/validate_enclave_name.h
-- Installing: /opt/rosmicropy/components/micro_ros_espidf_component/micro_ros_src/install/include/rcl/rcl/publisher.h
-- Installing: /opt/rosmicropy/components/micro_ros_espidf_component/micro_ros_src/install/include/rcl/rcl/timer.h
-- Installing: /opt/rosmicropy/components/micro_ros_espidf_component/micro_ros_src/install/include/rcl/rcl/logging.h
-- Installing: /opt/rosmicropy/components/micro_ros_espidf_component/micro_ros_src/install/include/rcl/rcl/event.h
-- Installing: /opt/rosmicropy/components/micro_ros_espidf_component/micro_ros_src/install/include/rcl/rcl/localhost.h
-- Installing: /opt/rosmicropy/components/micro_ros_espidf_component/micro_ros_src/install/include/rcl/rcl/event_callback.h
-- Installing: /opt/rosmicropy/components/micro_ros_espidf_component/micro_ros_src/install/include/rcl/rcl/guard_condition.h
-- Installing: /opt/rosmicropy/components/micro_ros_espidf_component/micro_ros_src/install/include/rcl/rcl/lexer_lookahead.h
-- Installing: /opt/rosmicropy/components/micro_ros_espidf_component/micro_ros_src/install/include/rcl/rcl/init_options.h
-- Installing: /opt/rosmicropy/components/micro_ros_espidf_component/micro_ros_src/install/include/rcl/rcl/macros.h
-- Installing: /opt/rosmicropy/components/micro_ros_espidf_component/micro_ros_src/install/include/rcl/rcl/network_flow_endpoints.h
-- Installing: /opt/rosmicropy/components/micro_ros_espidf_component/micro_ros_src/install/include/rcl/rcl/expand_topic_name.h
-- Installing: /opt/rosmicropy/components/micro_ros_espidf_component/micro_ros_src/install/include/rcl/rcl/domain_id.h
-- Installing: /opt/rosmicropy/components/micro_ros_espidf_component/micro_ros_src/install/include/rcl/rcl/validate_topic_name.h
-- Installing: /opt/rosmicropy/components/micro_ros_espidf_component/micro_ros_src/install/include/rcl/rcl/graph.h
-- Installing: /opt/rosmicropy/components/micro_ros_espidf_component/micro_ros_src/install/include/rcl/rcl/context.h
-- Installing: /opt/rosmicropy/components/micro_ros_espidf_component/micro_ros_src/install/include/rcl/rcl/lexer.h
-- Installing: /opt/rosmicropy/components/micro_ros_espidf_component/micro_ros_src/install/include/rcl/rcl/log_level.h
-- Installing: /opt/rosmicropy/components/micro_ros_espidf_component/micro_ros_src/install/include/rcl/rcl/wait.h
-- Installing: /opt/rosmicropy/components/micro_ros_espidf_component/micro_ros_src/install/include/rcl/rcl/client.h
-- Installing: /opt/rosmicropy/components/micro_ros_espidf_component/micro_ros_src/install/include/rcl/rcl/logging_rosout.h
-- Installing: /opt/rosmicropy/components/micro_ros_espidf_component/micro_ros_src/install/include/rcl/rcl/remap.h
-- Installing: /opt/rosmicropy/components/micro_ros_espidf_component/micro_ros_src/install/include/rcl/rcl/init.h
-- Installing: /opt/rosmicropy/components/micro_ros_espidf_component/micro_ros_src/install/include/rcl/rcl/service.h
-- Installing: /opt/rosmicropy/components/micro_ros_espidf_component/micro_ros_src/install/include/rcl/rcl/allocator.h
-- Installing: /opt/rosmicropy/components/micro_ros_espidf_component/micro_ros_src/install/include/rcl/rcl/node_options.h
-- Installing: /opt/rosmicropy/components/micro_ros_espidf_component/micro_ros_src/install/include/rcl/rcl/node.h
-- Installing: /opt/rosmicropy/components/micro_ros_espidf_component/micro_ros_src/install/include/rcl/rcl/rmw_implementation_identifier_check.h
-- Installing: /opt/rosmicropy/components/micro_ros_espidf_component/micro_ros_src/install/include/rcl/rcl/visibility_control.h
-- Installing: /opt/rosmicropy/components/micro_ros_espidf_component/micro_ros_src/install/include/rcl/rcl/error_handling.h
-- Installing: /opt/rosmicropy/components/micro_ros_espidf_component/micro_ros_src/install/include/rcl/rcl/security.h
-- Installing: /opt/rosmicropy/components/micro_ros_espidf_component/micro_ros_src/install/include/rcl/rcl/arguments.h
-- Installing: /opt/rosmicropy/components/micro_ros_espidf_component/micro_ros_src/install/include/rcl/rcl/rcl.h
-- Installing: /opt/rosmicropy/components/micro_ros_espidf_component/micro_ros_src/install/include/rcl/rcl/time.h
-- Installing: /opt/rosmicropy/components/micro_ros_espidf_component/micro_ros_src/install/include/rcl/rcl/subscription.h
