Not searching for unused variables given on the command line.
-- The C compiler identification is GNU 12.2.0
-- The CXX compiler identification is GNU 12.2.0
-- Detecting C compiler ABI info
-- Detecting C compiler ABI info - done
-- Check for working C compiler: /opt/esp/tools/xtensa-esp32s3-elf/esp-12.2.0_20230208/xtensa-esp32s3-elf/bin/xtensa-esp32s3-elf-gcc - skipped
-- Detecting C compile features
-- Detecting C compile features - done
-- Detecting CXX compiler ABI info
-- Detecting CXX compiler ABI info - done
-- Check for working CXX compiler: /opt/esp/tools/xtensa-esp32s3-elf/esp-12.2.0_20230208/xtensa-esp32s3-elf/bin/xtensa-esp32s3-elf-g++ - skipped
-- Detecting CXX compile features
-- Detecting CXX compile features - done
-- Found ament_cmake_ros: 0.10.0 (/opt/rosmicropy/components/micro_ros_espidf_component/micro_ros_dev/install/ament_cmake_ros/share/ament_cmake_ros/cmake)
-- Found Python3: /opt/esp/python_env/idf5.1_py3.8_env/bin/python3 (found version "3.8.10") found components: Interpreter 
-- Found rcl_interfaces: 1.2.1 (/opt/rosmicropy/components/micro_ros_espidf_component/micro_ros_src/install/share/rcl_interfaces/cmake)
-- Using all available rosidl_typesupport_c: rosidl_typesupport_introspection_c;rosidl_typesupport_microxrcedds_c
-- Found rosidl_adapter: 3.1.5 (/opt/rosmicropy/components/micro_ros_espidf_component/micro_ros_src/install/share/rosidl_adapter/cmake)
-- Found rcl_logging_interface: 2.3.1 (/opt/rosmicropy/components/micro_ros_espidf_component/micro_ros_src/install/share/rcl_logging_interface/cmake)
-- Found rmw_implementation: 2.8.2 (/opt/rosmicropy/components/micro_ros_espidf_component/micro_ros_src/install/share/rmw_implementation/cmake)
-- Found rmw_implementation_cmake: 6.1.1 (/opt/rosmicropy/components/micro_ros_espidf_component/micro_ros_src/install/share/rmw_implementation_cmake/cmake)
-- Found rmw_microxrcedds: 3.0.2 (/opt/rosmicropy/components/micro_ros_espidf_component/micro_ros_src/install/share/rmw_microxrcedds/cmake)
-- Using RMW implementation 'rmw_microxrcedds'
-- Found tracetools: 4.1.1 (/opt/rosmicropy/components/micro_ros_espidf_component/micro_ros_src/install/share/tracetools/cmake)
CMake Warning at /opt/rosmicropy/components/micro_ros_espidf_component/micro_ros_src/install/share/rcutils/cmake/ament_cmake_export_libraries-extras.cmake:116 (message):
  Package 'rcutils' exports library 'dl' which couldn't be found
Call Stack (most recent call first):
  /opt/rosmicropy/components/micro_ros_espidf_component/micro_ros_src/install/share/rcutils/cmake/rcutilsConfig.cmake:41 (include)
  /opt/rosmicropy/components/micro_ros_espidf_component/micro_ros_src/install/share/rosidl_runtime_c/cmake/ament_cmake_export_dependencies-extras.cmake:21 (find_package)
  /opt/rosmicropy/components/micro_ros_espidf_component/micro_ros_src/install/share/rosidl_runtime_c/cmake/rosidl_runtime_cConfig.cmake:41 (include)
  /opt/rosmicropy/components/micro_ros_espidf_component/micro_ros_src/install/share/builtin_interfaces/cmake/ament_cmake_export_dependencies-extras.cmake:21 (find_package)
  /opt/rosmicropy/components/micro_ros_espidf_component/micro_ros_src/install/share/builtin_interfaces/cmake/builtin_interfacesConfig.cmake:41 (include)
  /opt/rosmicropy/components/micro_ros_espidf_component/micro_ros_src/install/share/rcl_interfaces/cmake/ament_cmake_export_dependencies-extras.cmake:21 (find_package)
  /opt/rosmicropy/components/micro_ros_espidf_component/micro_ros_src/install/share/rcl_interfaces/cmake/rcl_interfacesConfig.cmake:41 (include)
  CMakeLists.txt:10 (find_package)


-- Configuring done
-- Generating done
-- Build files have been written to: /opt/rosmicropy/components/micro_ros_espidf_component/micro_ros_src/build/rcl
make[1]: Entering directory '/opt/rosmicropy/components/micro_ros_espidf_component/micro_ros_src/build/rcl'
make[2]: Entering directory '/opt/rosmicropy/components/micro_ros_espidf_component/micro_ros_src/build/rcl'
make[3]: Entering directory '/opt/rosmicropy/components/micro_ros_espidf_component/micro_ros_src/build/rcl'
make[3]: Leaving directory '/opt/rosmicropy/components/micro_ros_espidf_component/micro_ros_src/build/rcl'
make[3]: Entering directory '/opt/rosmicropy/components/micro_ros_espidf_component/micro_ros_src/build/rcl'
[  3%] Building C object CMakeFiles/rcl.dir/src/rcl/client.c.obj
[  6%] Building C object CMakeFiles/rcl.dir/src/rcl/common.c.obj
[ 10%] Building C object CMakeFiles/rcl.dir/src/rcl/context.c.obj
[ 13%] Building C object CMakeFiles/rcl.dir/src/rcl/domain_id.c.obj
[ 17%] Building C object CMakeFiles/rcl.dir/src/rcl/event.c.obj
[ 20%] Building C object CMakeFiles/rcl.dir/src/rcl/expand_topic_name.c.obj
[ 24%] Building C object CMakeFiles/rcl.dir/src/rcl/guard_condition.c.obj
[ 27%] Building C object CMakeFiles/rcl.dir/src/rcl/graph.c.obj
[ 31%] Building C object CMakeFiles/rcl.dir/src/rcl/init.c.obj
[ 34%] Building C object CMakeFiles/rcl.dir/src/rcl/init_options.c.obj
[ 37%] Building C object CMakeFiles/rcl.dir/src/rcl/lexer.c.obj
[ 41%] Building C object CMakeFiles/rcl.dir/src/rcl/lexer_lookahead.c.obj
[ 44%] Building C object CMakeFiles/rcl.dir/src/rcl/localhost.c.obj
[ 48%] Building C object CMakeFiles/rcl.dir/src/rcl/network_flow_endpoints.c.obj
[ 51%] Building C object CMakeFiles/rcl.dir/src/rcl/node.c.obj
[ 55%] Building C object CMakeFiles/rcl.dir/src/rcl/node_options.c.obj
[ 58%] Building C object CMakeFiles/rcl.dir/src/rcl/publisher.c.obj
[ 62%] Building C object CMakeFiles/rcl.dir/src/rcl/remap.c.obj
[ 65%] Building C object CMakeFiles/rcl.dir/src/rcl/node_resolve_name.c.obj
[ 68%] Building C object CMakeFiles/rcl.dir/src/rcl/rmw_implementation_identifier_check.c.obj
[ 72%] Building C object CMakeFiles/rcl.dir/src/rcl/security.c.obj
[ 75%] Building C object CMakeFiles/rcl.dir/src/rcl/service.c.obj
[ 79%] Building C object CMakeFiles/rcl.dir/src/rcl/subscription.c.obj
[ 82%] Building C object CMakeFiles/rcl.dir/src/rcl/time.c.obj
[ 86%] Building C object CMakeFiles/rcl.dir/src/rcl/timer.c.obj
[ 89%] Building C object CMakeFiles/rcl.dir/src/rcl/validate_enclave_name.c.obj
[ 93%] Building C object CMakeFiles/rcl.dir/src/rcl/validate_topic_name.c.obj
In file included from /opt/rosmicropy/components/micro_ros_espidf_component/micro_ros_src/src/rcl/rcl/src/rcl/domain_id.c:17:
/opt/esp/idf/components/newlib/platform_include/errno.h:10:2: warning: #include_next is a GCC extension
   10 | #include_next "errno.h"
      |  ^~~~~~~~~~~~
/opt/rosmicropy/components/micro_ros_espidf_component/micro_ros_src/src/rcl/rcl/src/rcl/graph.c: In function '__validate_node_name_and_namespace':
/opt/rosmicropy/components/micro_ros_espidf_component/micro_ros_src/src/rcl/rcl/src/rcl/graph.c:56:18: warning: unused variable 'msg' [-Wunused-variable]
   56 |     const char * msg = rmw_namespace_validation_result_string(validation_result);
      |                  ^~~
/opt/rosmicropy/components/micro_ros_espidf_component/micro_ros_src/src/rcl/rcl/src/rcl/graph.c:68:18: warning: unused variable 'msg' [-Wunused-variable]
   68 |     const char * msg = rmw_node_name_validation_result_string(validation_result);
      |                  ^~~
/opt/rosmicropy/components/micro_ros_espidf_component/micro_ros_src/src/rcl/rcl/src/rcl/graph.c: In function '_rcl_wait_for_entities':
/opt/rosmicropy/components/micro_ros_espidf_component/micro_ros_src/src/rcl/rcl/src/rcl/graph.c:524:28: warning: unused variable 'error' [-Wunused-variable]
  524 |     rcutils_error_string_t error = rcutils_get_error_string();
      |                            ^~~~~
/opt/rosmicropy/components/micro_ros_espidf_component/micro_ros_src/src/rcl/rcl/src/rcl/graph.c:558:32: warning: unused variable 'error' [-Wunused-variable]
  558 |         rcutils_error_string_t error = rcutils_get_error_string();
      |                                ^~~~~
/opt/rosmicropy/components/micro_ros_espidf_component/micro_ros_src/src/rcl/rcl/src/rcl/graph.c: In function '__rcl_get_info_by_topic':
/opt/rosmicropy/components/micro_ros_espidf_component/micro_ros_src/src/rcl/rcl/src/rcl/graph.c:657:22: warning: variable 'error_string' set but not used [-Wunused-but-set-variable]
  657 |   rmw_error_string_t error_string;
      |                      ^~~~~~~~~~~~
/opt/rosmicropy/components/micro_ros_espidf_component/micro_ros_src/src/rcl/rcl/src/rcl/node.c: In function 'rcl_node_init':
/opt/rosmicropy/components/micro_ros_espidf_component/micro_ros_src/src/rcl/rcl/src/rcl/node.c:166:18: warning: unused variable 'msg' [-Wunused-variable]
  166 |     const char * msg = rmw_node_name_validation_result_string(validation_result);
      |                  ^~~
/opt/rosmicropy/components/micro_ros_espidf_component/micro_ros_src/src/rcl/rcl/src/rcl/node.c:198:18: warning: unused variable 'msg' [-Wunused-variable]
  198 |     const char * msg = rmw_namespace_validation_result_string(validation_result);
      |                  ^~~
/opt/rosmicropy/components/micro_ros_espidf_component/micro_ros_src/src/rcl/rcl/src/rcl/init_options.c: In function 'rcl_init_options_copy':
/opt/rosmicropy/components/micro_ros_espidf_component/micro_ros_src/src/rcl/rcl/src/rcl/init_options.c:108:24: warning: unused variable 'error_string' [-Wunused-variable]
  108 |     rmw_error_string_t error_string = rmw_get_error_string();
      |                        ^~~~~~~~~~~~
/opt/rosmicropy/components/micro_ros_espidf_component/micro_ros_src/src/rcl/rcl/src/rcl/network_flow_endpoints.c: In function '__validate_network_flow_endpoint_array':
/opt/rosmicropy/components/micro_ros_espidf_component/micro_ros_src/src/rcl/rcl/src/rcl/network_flow_endpoints.c:43:22: warning: variable 'error_string' set but not used [-Wunused-but-set-variable]
   43 |   rmw_error_string_t error_string;
      |                      ^~~~~~~~~~~~
/opt/rosmicropy/components/micro_ros_espidf_component/micro_ros_src/src/rcl/rcl/src/rcl/network_flow_endpoints.c: In function 'rcl_publisher_get_network_flow_endpoints':
/opt/rosmicropy/components/micro_ros_espidf_component/micro_ros_src/src/rcl/rcl/src/rcl/network_flow_endpoints.c:75:22: warning: variable 'error_string' set but not used [-Wunused-but-set-variable]
   75 |   rmw_error_string_t error_string;
      |                      ^~~~~~~~~~~~
/opt/rosmicropy/components/micro_ros_espidf_component/micro_ros_src/src/rcl/rcl/src/rcl/network_flow_endpoints.c: In function 'rcl_subscription_get_network_flow_endpoints':
/opt/rosmicropy/components/micro_ros_espidf_component/micro_ros_src/src/rcl/rcl/src/rcl/network_flow_endpoints.c:106:22: warning: variable 'error_string' set but not used [-Wunused-but-set-variable]
  106 |   rmw_error_string_t error_string;
      |                      ^~~~~~~~~~~~
[ 96%] Building C object CMakeFiles/rcl.dir/src/rcl/wait.c.obj
In file included from /opt/rosmicropy/components/micro_ros_espidf_component/micro_ros_src/src/rcl/rcl/src/rcl/validate_topic_name.c:22:
/opt/rosmicropy/components/micro_ros_espidf_component/micro_ros_src/src/rcl/rcl/src/rcl/validate_topic_name.c: In function 'rcl_validate_topic_name_with_size':
/opt/rosmicropy/components/micro_ros_espidf_component/micro_ros_src/src/rcl/rcl/src/rcl/validate_topic_name.c:58:25: warning: array subscript has type 'char' [-Wchar-subscripts]
   58 |   if (isdigit(topic_name[0]) != 0) {
      |               ~~~~~~~~~~^~~
/opt/rosmicropy/components/micro_ros_espidf_component/micro_ros_src/src/rcl/rcl/src/rcl/validate_topic_name.c:84:27: warning: array subscript has type 'char' [-Wchar-subscripts]
   84 |         isdigit(topic_name[i]) != 0 &&
      |                 ~~~~~~~~~~^~~
/opt/rosmicropy/components/micro_ros_espidf_component/micro_ros_src/src/rcl/rcl/src/rcl/validate_topic_name.c:179:29: warning: array subscript has type 'char' [-Wchar-subscripts]
  179 |       if (isdigit(topic_name[i + 1]) != 0) {
      |                   ~~~~~~~~~~^~~~~~~
/opt/rosmicropy/components/micro_ros_espidf_component/micro_ros_src/src/rcl/rcl/src/rcl/node_resolve_name.c: In function 'rcl_resolve_name':
/opt/rosmicropy/components/micro_ros_espidf_component/micro_ros_src/src/rcl/rcl/src/rcl/node_resolve_name.c:49:28: warning: unused variable 'error' [-Wunused-variable]
   49 |     rcutils_error_string_t error = rcutils_get_error_string();
      |                            ^~~~~
/opt/rosmicropy/components/micro_ros_espidf_component/micro_ros_src/src/rcl/rcl/src/rcl/node_resolve_name.c:97:18: warning: unused variable 'error' [-Wunused-variable]
   97 |     const char * error = rmw_get_error_string().str;
      |                  ^~~~~
/opt/rosmicropy/components/micro_ros_espidf_component/micro_ros_src/src/rcl/rcl/src/rcl/node_resolve_name.c:114:28: warning: unused variable 'error' [-Wunused-variable]
  114 |     rcutils_error_string_t error = rcutils_get_error_string();
      |                            ^~~~~
/opt/rosmicropy/components/micro_ros_espidf_component/micro_ros_src/src/rcl/rcl/src/rcl/node_resolve_name.c:33:27: warning: unused parameter 'local_args' [-Wunused-parameter]
   33 |   const rcl_arguments_t * local_args,
      |   ~~~~~~~~~~~~~~~~~~~~~~~~^~~~~~~~~~
/opt/rosmicropy/components/micro_ros_espidf_component/micro_ros_src/src/rcl/rcl/src/rcl/node_resolve_name.c:34:27: warning: unused parameter 'global_args' [-Wunused-parameter]
   34 |   const rcl_arguments_t * global_args,
      |   ~~~~~~~~~~~~~~~~~~~~~~~~^~~~~~~~~~~
/opt/rosmicropy/components/micro_ros_espidf_component/micro_ros_src/src/rcl/rcl/src/rcl/node_resolve_name.c:40:8: warning: unused parameter 'only_expand' [-Wunused-parameter]
   40 |   bool only_expand,
      |        ^
/opt/rosmicropy/components/micro_ros_espidf_component/micro_ros_src/src/rcl/rcl/src/rcl/rmw_implementation_identifier_check.c: In function 'rcl_rmw_implementation_identifier_check':
/opt/rosmicropy/components/micro_ros_espidf_component/micro_ros_src/src/rcl/rcl/src/rcl/rmw_implementation_identifier_check.c:136:34: warning: unused variable 'rmw_error_msg' [-Wunused-variable]
  136 |     const rcutils_error_string_t rmw_error_msg = rcl_get_error_string();
      |                                  ^~~~~~~~~~~~~
[100%] Linking CXX static library librcl.a
make[3]: Leaving directory '/opt/rosmicropy/components/micro_ros_espidf_component/micro_ros_src/build/rcl'
[100%] Built target rcl
make[2]: Leaving directory '/opt/rosmicropy/components/micro_ros_espidf_component/micro_ros_src/build/rcl'
make[1]: Leaving directory '/opt/rosmicropy/components/micro_ros_espidf_component/micro_ros_src/build/rcl'
-- Install configuration: "Release"
-- Installing: /opt/rosmicropy/components/micro_ros_espidf_component/micro_ros_src/install/lib/librcl.a
-- Installing: /opt/rosmicropy/components/micro_ros_espidf_component/micro_ros_src/install/share/rcl/environment/library_path.sh
-- Installing: /opt/rosmicropy/components/micro_ros_espidf_component/micro_ros_src/install/share/rcl/environment/library_path.dsv
-- Installing: /opt/rosmicropy/components/micro_ros_espidf_component/micro_ros_src/install/share/ament_index/resource_index/package_run_dependencies/rcl
-- Installing: /opt/rosmicropy/components/micro_ros_espidf_component/micro_ros_src/install/share/ament_index/resource_index/parent_prefix_path/rcl
-- Installing: /opt/rosmicropy/components/micro_ros_espidf_component/micro_ros_src/install/share/rcl/environment/ament_prefix_path.sh
-- Installing: /opt/rosmicropy/components/micro_ros_espidf_component/micro_ros_src/install/share/rcl/environment/ament_prefix_path.dsv
-- Installing: /opt/rosmicropy/components/micro_ros_espidf_component/micro_ros_src/install/share/rcl/environment/path.sh
-- Installing: /opt/rosmicropy/components/micro_ros_espidf_component/micro_ros_src/install/share/rcl/environment/path.dsv
-- Installing: /opt/rosmicropy/components/micro_ros_espidf_component/micro_ros_src/install/share/rcl/local_setup.bash
-- Installing: /opt/rosmicropy/components/micro_ros_espidf_component/micro_ros_src/install/share/rcl/local_setup.sh
-- Installing: /opt/rosmicropy/components/micro_ros_espidf_component/micro_ros_src/install/share/rcl/local_setup.zsh
-- Installing: /opt/rosmicropy/components/micro_ros_espidf_component/micro_ros_src/install/share/rcl/local_setup.dsv
-- Installing: /opt/rosmicropy/components/micro_ros_espidf_component/micro_ros_src/install/share/rcl/package.dsv
-- Installing: /opt/rosmicropy/components/micro_ros_espidf_component/micro_ros_src/install/share/ament_index/resource_index/packages/rcl
-- Installing: /opt/rosmicropy/components/micro_ros_espidf_component/micro_ros_src/install/share/rcl/cmake/rclExport.cmake
-- Installing: /opt/rosmicropy/components/micro_ros_espidf_component/micro_ros_src/install/share/rcl/cmake/rclExport-release.cmake
-- Installing: /opt/rosmicropy/components/micro_ros_espidf_component/micro_ros_src/install/share/rcl/cmake/rcl-extras.cmake
-- Installing: /opt/rosmicropy/components/micro_ros_espidf_component/micro_ros_src/install/share/rcl/cmake/ament_cmake_export_include_directories-extras.cmake
-- Installing: /opt/rosmicropy/components/micro_ros_espidf_component/micro_ros_src/install/share/rcl/cmake/ament_cmake_export_libraries-extras.cmake
-- Installing: /opt/rosmicropy/components/micro_ros_espidf_component/micro_ros_src/install/share/rcl/cmake/ament_cmake_export_targets-extras.cmake
-- Installing: /opt/rosmicropy/components/micro_ros_espidf_component/micro_ros_src/install/share/rcl/cmake/ament_cmake_export_dependencies-extras.cmake
-- Installing: /opt/rosmicropy/components/micro_ros_espidf_component/micro_ros_src/install/share/rcl/cmake/rclConfig.cmake
-- Installing: /opt/rosmicropy/components/micro_ros_espidf_component/micro_ros_src/install/share/rcl/cmake/rclConfig-version.cmake
-- Installing: /opt/rosmicropy/components/micro_ros_espidf_component/micro_ros_src/install/share/rcl/package.xml
-- Up-to-date: /opt/rosmicropy/components/micro_ros_espidf_component/micro_ros_src/install/share/rcl/cmake
-- Installing: /opt/rosmicropy/components/micro_ros_espidf_component/micro_ros_src/install/share/rcl/cmake/rcl_set_symbol_visibility_hidden.cmake
-- Installing: /opt/rosmicropy/components/micro_ros_espidf_component/micro_ros_src/install/share/rcl/cmake/get_default_rcl_logging_implementation.cmake
-- Installing: /opt/rosmicropy/components/micro_ros_espidf_component/micro_ros_src/install/include/rcl
-- Installing: /opt/rosmicropy/components/micro_ros_espidf_component/micro_ros_src/install/include/rcl/rcl
-- Installing: /opt/rosmicropy/components/micro_ros_espidf_component/micro_ros_src/install/include/rcl/rcl/types.h
-- Installing: /opt/rosmicropy/components/micro_ros_espidf_component/micro_ros_src/install/include/rcl/rcl/validate_enclave_name.h
-- Installing: /opt/rosmicropy/components/micro_ros_espidf_component/micro_ros_src/install/include/rcl/rcl/publisher.h
-- Installing: /opt/rosmicropy/components/micro_ros_espidf_component/micro_ros_src/install/include/rcl/rcl/timer.h
-- Installing: /opt/rosmicropy/components/micro_ros_espidf_component/micro_ros_src/install/include/rcl/rcl/logging.h
-- Installing: /opt/rosmicropy/components/micro_ros_espidf_component/micro_ros_src/install/include/rcl/rcl/event.h
-- Installing: /opt/rosmicropy/components/micro_ros_espidf_component/micro_ros_src/install/include/rcl/rcl/localhost.h
-- Installing: /opt/rosmicropy/components/micro_ros_espidf_component/micro_ros_src/install/include/rcl/rcl/event_callback.h
-- Installing: /opt/rosmicropy/components/micro_ros_espidf_component/micro_ros_src/install/include/rcl/rcl/guard_condition.h
-- Installing: /opt/rosmicropy/components/micro_ros_espidf_component/micro_ros_src/install/include/rcl/rcl/lexer_lookahead.h
-- Installing: /opt/rosmicropy/components/micro_ros_espidf_component/micro_ros_src/install/include/rcl/rcl/init_options.h
-- Installing: /opt/rosmicropy/components/micro_ros_espidf_component/micro_ros_src/install/include/rcl/rcl/macros.h
-- Installing: /opt/rosmicropy/components/micro_ros_espidf_component/micro_ros_src/install/include/rcl/rcl/network_flow_endpoints.h
-- Installing: /opt/rosmicropy/components/micro_ros_espidf_component/micro_ros_src/install/include/rcl/rcl/expand_topic_name.h
-- Installing: /opt/rosmicropy/components/micro_ros_espidf_component/micro_ros_src/install/include/rcl/rcl/domain_id.h
-- Installing: /opt/rosmicropy/components/micro_ros_espidf_component/micro_ros_src/install/include/rcl/rcl/validate_topic_name.h
-- Installing: /opt/rosmicropy/components/micro_ros_espidf_component/micro_ros_src/install/include/rcl/rcl/graph.h
-- Installing: /opt/rosmicropy/components/micro_ros_espidf_component/micro_ros_src/install/include/rcl/rcl/context.h
-- Installing: /opt/rosmicropy/components/micro_ros_espidf_component/micro_ros_src/install/include/rcl/rcl/lexer.h
-- Installing: /opt/rosmicropy/components/micro_ros_espidf_component/micro_ros_src/install/include/rcl/rcl/log_level.h
-- Installing: /opt/rosmicropy/components/micro_ros_espidf_component/micro_ros_src/install/include/rcl/rcl/wait.h
-- Installing: /opt/rosmicropy/components/micro_ros_espidf_component/micro_ros_src/install/include/rcl/rcl/client.h
-- Installing: /opt/rosmicropy/components/micro_ros_espidf_component/micro_ros_src/install/include/rcl/rcl/logging_rosout.h
-- Installing: /opt/rosmicropy/components/micro_ros_espidf_component/micro_ros_src/install/include/rcl/rcl/remap.h
-- Installing: /opt/rosmicropy/components/micro_ros_espidf_component/micro_ros_src/install/include/rcl/rcl/init.h
-- Installing: /opt/rosmicropy/components/micro_ros_espidf_component/micro_ros_src/install/include/rcl/rcl/service.h
-- Installing: /opt/rosmicropy/components/micro_ros_espidf_component/micro_ros_src/install/include/rcl/rcl/allocator.h
-- Installing: /opt/rosmicropy/components/micro_ros_espidf_component/micro_ros_src/install/include/rcl/rcl/node_options.h
-- Installing: /opt/rosmicropy/components/micro_ros_espidf_component/micro_ros_src/install/include/rcl/rcl/node.h
-- Installing: /opt/rosmicropy/components/micro_ros_espidf_component/micro_ros_src/install/include/rcl/rcl/rmw_implementation_identifier_check.h
-- Installing: /opt/rosmicropy/components/micro_ros_espidf_component/micro_ros_src/install/include/rcl/rcl/visibility_control.h
-- Installing: /opt/rosmicropy/components/micro_ros_espidf_component/micro_ros_src/install/include/rcl/rcl/error_handling.h
-- Installing: /opt/rosmicropy/components/micro_ros_espidf_component/micro_ros_src/install/include/rcl/rcl/security.h
-- Installing: /opt/rosmicropy/components/micro_ros_espidf_component/micro_ros_src/install/include/rcl/rcl/arguments.h
-- Installing: /opt/rosmicropy/components/micro_ros_espidf_component/micro_ros_src/install/include/rcl/rcl/rcl.h
-- Installing: /opt/rosmicropy/components/micro_ros_espidf_component/micro_ros_src/install/include/rcl/rcl/time.h
-- Installing: /opt/rosmicropy/components/micro_ros_espidf_component/micro_ros_src/install/include/rcl/rcl/subscription.h
