In file included from /opt/rosmicropy/components/micro_ros_espidf_component/micro_ros_src/src/Micro-XRCE-DDS-Client/src/c/util/time.c:3:
/opt/esp/idf/components/newlib/platform_include/time.h:11:2: warning: #include_next is a GCC extension
   11 | #include_next <time.h>
      |  ^~~~~~~~~~~~
In file included from /opt/esp/idf/components/lwip/port/esp32xx/include/sys/socket.h:15,
                 from /opt/rosmicropy/components/micro_ros_espidf_component/micro_ros_src/src/Micro-XRCE-DDS-Client/src/c/profile/transport/ip/udp/udp_transport_posix_nopoll.c:5:
/opt/esp/idf/components/lwip/include/lwip/sockets.h:8:2: warning: #include_next is a GCC extension
    8 | #include_next "lwip/sockets.h"
      |  ^~~~~~~~~~~~
In file included from /opt/esp/idf/components/lwip/port/esp32xx/include/sys/socket.h:15,
                 from /opt/rosmicropy/components/micro_ros_espidf_component/micro_ros_src/src/Micro-XRCE-DDS-Client/src/c/profile/discovery/transport/udp_transport_datagram_posix_nopoll.c:4:
/opt/esp/idf/components/lwip/include/lwip/sockets.h:8:2: warning: #include_next is a GCC extension
    8 | #include_next "lwip/sockets.h"
      |  ^~~~~~~~~~~~
In file included from /opt/esp/idf/components/freertos/FreeRTOS-Kernel/portable/xtensa/include/freertos/portmacro.h:74,
                 from /opt/esp/idf/components/freertos/FreeRTOS-Kernel/include/freertos/portable.h:59,
                 from /opt/esp/idf/components/freertos/FreeRTOS-Kernel/include/freertos/FreeRTOS.h:71,
                 from /opt/esp/idf/components/esp_system/include/esp_task.h:24,
                 from /opt/esp/idf/components/lwip/port/include/lwipopts.h:20,
                 from /opt/esp/idf/components/lwip/lwip/src/include/lwip/opt.h:51,
                 from /opt/esp/idf/components/lwip/lwip/src/include/lwip/inet.h:43,
                 from /opt/esp/idf/components/lwip/port/include/arpa/inet.h:10,
                 from /opt/rosmicropy/components/micro_ros_espidf_component/micro_ros_src/src/Micro-XRCE-DDS-Client/src/c/profile/transport/ip/ip_posix.c:18:
/opt/esp/idf/components/esp_hw_support/include/spinlock.h: In function 'spinlock_acquire':
/opt/esp/idf/components/esp_hw_support/include/spinlock.h:117:94: warning: comparison of integer expressions of different signedness: 'esp_cpu_cycle_count_t' {aka 'long unsigned int'} and 'int32_t' {aka 'long int'} [-Wsign-compare]
  117 |     } while ((timeout == SPINLOCK_WAIT_FOREVER) || (esp_cpu_get_cycle_count() - start_count) <= timeout);
      |                                                                                              ^~
In file included from /opt/esp/idf/components/lwip/port/esp32xx/include/arch/cc.h:12,
                 from /opt/esp/idf/components/lwip/lwip/src/include/lwip/arch.h:48,
                 from /opt/esp/idf/components/lwip/lwip/src/include/lwip/debug.h:40,
                 from /opt/esp/idf/components/lwip/lwip/src/include/lwip/opt.h:52:
/opt/esp/idf/components/newlib/platform_include/errno.h: At top level:
/opt/esp/idf/components/newlib/platform_include/errno.h:10:2: warning: #include_next is a GCC extension
   10 | #include_next "errno.h"
      |  ^~~~~~~~~~~~
In file included from /opt/esp/idf/components/freertos/FreeRTOS-Kernel/portable/xtensa/include/freertos/portmacro.h:74,
                 from /opt/esp/idf/components/freertos/FreeRTOS-Kernel/include/freertos/portable.h:59,
                 from /opt/esp/idf/components/freertos/FreeRTOS-Kernel/include/freertos/FreeRTOS.h:71,
                 from /opt/esp/idf/components/esp_system/include/esp_task.h:24,
                 from /opt/esp/idf/components/lwip/port/include/lwipopts.h:20,
                 from /opt/esp/idf/components/lwip/lwip/src/include/lwip/opt.h:51,
                 from /opt/esp/idf/components/lwip/lwip/src/include/lwip/sockets.h:42,
                 from /opt/esp/idf/components/lwip/include/lwip/sockets.h:8:
/opt/esp/idf/components/esp_hw_support/include/spinlock.h: In function 'spinlock_acquire':
/opt/esp/idf/components/esp_hw_support/include/spinlock.h:117:94: warning: comparison of integer expressions of different signedness: 'esp_cpu_cycle_count_t' {aka 'long unsigned int'} and 'int32_t' {aka 'long int'} [-Wsign-compare]
  117 |     } while ((timeout == SPINLOCK_WAIT_FOREVER) || (esp_cpu_get_cycle_count() - start_count) <= timeout);
      |                                                                                              ^~
In file included from /opt/esp/idf/components/freertos/FreeRTOS-Kernel/portable/xtensa/include/freertos/portmacro.h:74,
                 from /opt/esp/idf/components/freertos/FreeRTOS-Kernel/include/freertos/portable.h:59,
                 from /opt/esp/idf/components/freertos/FreeRTOS-Kernel/include/freertos/FreeRTOS.h:71,
                 from /opt/esp/idf/components/esp_system/include/esp_task.h:24,
                 from /opt/esp/idf/components/lwip/port/include/lwipopts.h:20,
                 from /opt/esp/idf/components/lwip/lwip/src/include/lwip/opt.h:51,
                 from /opt/esp/idf/components/lwip/lwip/src/include/lwip/sockets.h:42,
                 from /opt/esp/idf/components/lwip/include/lwip/sockets.h:8:
/opt/esp/idf/components/esp_hw_support/include/spinlock.h: In function 'spinlock_acquire':
/opt/esp/idf/components/esp_hw_support/include/spinlock.h:117:94: warning: comparison of integer expressions of different signedness: 'esp_cpu_cycle_count_t' {aka 'long unsigned int'} and 'int32_t' {aka 'long int'} [-Wsign-compare]
  117 |     } while ((timeout == SPINLOCK_WAIT_FOREVER) || (esp_cpu_get_cycle_count() - start_count) <= timeout);
      |                                                                                              ^~
In file included from /opt/esp/idf/components/lwip/port/esp32xx/include/sys/socket.h:15,
                 from /opt/rosmicropy/components/micro_ros_espidf_component/micro_ros_src/src/Micro-XRCE-DDS-Client/src/c/profile/transport/ip/ip_posix.c:20:
/opt/esp/idf/components/lwip/include/lwip/sockets.h:8:2: warning: #include_next is a GCC extension
    8 | #include_next "lwip/sockets.h"
      |  ^~~~~~~~~~~~
In file included from /opt/esp/idf/components/lwip/port/esp32xx/include/arch/cc.h:12,
                 from /opt/esp/idf/components/lwip/lwip/src/include/lwip/arch.h:48,
                 from /opt/esp/idf/components/lwip/lwip/src/include/lwip/debug.h:40,
                 from /opt/esp/idf/components/lwip/lwip/src/include/lwip/opt.h:52:
/opt/esp/idf/components/newlib/platform_include/errno.h: At top level:
/opt/esp/idf/components/newlib/platform_include/errno.h:10:2: warning: #include_next is a GCC extension
   10 | #include_next "errno.h"
      |  ^~~~~~~~~~~~
In file included from /opt/esp/idf/components/lwip/port/esp32xx/include/arch/cc.h:12,
                 from /opt/esp/idf/components/lwip/lwip/src/include/lwip/arch.h:48,
                 from /opt/esp/idf/components/lwip/lwip/src/include/lwip/debug.h:40,
                 from /opt/esp/idf/components/lwip/lwip/src/include/lwip/opt.h:52:
/opt/esp/idf/components/newlib/platform_include/errno.h: At top level:
/opt/esp/idf/components/newlib/platform_include/errno.h:10:2: warning: #include_next is a GCC extension
   10 | #include_next "errno.h"
      |  ^~~~~~~~~~~~
In file included from /opt/rosmicropy/components/micro_ros_espidf_component/micro_ros_src/src/Micro-XRCE-DDS-Client/src/c/profile/transport/ip/udp/udp_transport_posix_nopoll.c:6:
/opt/esp/idf/components/newlib/platform_include/sys/time.h:21:2: warning: #include_next is a GCC extension
   21 | #include_next <sys/time.h>
      |  ^~~~~~~~~~~~
In file included from /opt/esp/idf/components/lwip/port/include/netdb.h:14,
                 from /opt/rosmicropy/components/micro_ros_espidf_component/micro_ros_src/src/Micro-XRCE-DDS-Client/src/c/profile/transport/ip/udp/udp_transport_posix_nopoll.c:7:
/opt/esp/idf/components/lwip/include/lwip/netdb.h:9:2: warning: #include_next is a GCC extension
    9 | #include_next "lwip/netdb.h"
      |  ^~~~~~~~~~~~
In file included from /opt/esp/idf/components/lwip/port/include/netdb.h:14,
                 from /opt/rosmicropy/components/micro_ros_espidf_component/micro_ros_src/src/Micro-XRCE-DDS-Client/src/c/profile/discovery/transport/udp_transport_datagram_posix_nopoll.c:5:
/opt/esp/idf/components/lwip/include/lwip/netdb.h:9:2: warning: #include_next is a GCC extension
    9 | #include_next "lwip/netdb.h"
      |  ^~~~~~~~~~~~
