[1.246s] Invoking command in '/opt/rosmicropy/components/micro_ros_espidf_component/micro_ros_src/build/microxrcedds_client': CMAKE_PREFIX_PATH=/opt/rosmicropy/components/micro_ros_espidf_component/micro_ros_src/install:${CMAKE_PREFIX_PATH} PATH=/opt/rosmicropy/components/micro_ros_espidf_component/micro_ros_src/install/bin:${PATH} PYTHONPATH=/opt/rosmicropy/components/micro_ros_espidf_component/micro_ros_src/install/lib/python3.8/site-packages:${PYTHONPATH} X_CFLAGS=-mlongcalls X_CXXFLAGS=-mlongcalls /opt/esp/tools/cmake/3.24.0/bin/cmake /opt/rosmicropy/components/micro_ros_espidf_component/micro_ros_src/src/Micro-XRCE-DDS-Client --no-warn-unused-cli -DCMAKE_POSITION_INDEPENDENT_CODE:BOOL=OFF -DTHIRDPARTY=ON -DBUILD_SHARED_LIBS=OFF -DBUILD_TESTING=OFF -DCMAKE_BUILD_TYPE=Release -DCMAKE_TOOLCHAIN_FILE=/opt/rosmicropy/components/micro_ros_espidf_component/esp32_toolchain.cmake -DCMAKE_VERBOSE_MAKEFILE=OFF -DIDF_INCLUDES=-I/opt/esp/idf/components/xtensa/include -I/opt/esp/idf/components/xtensa/esp32s3/include -I/opt/esp/idf/components/esp_ringbuf/include -I/opt/esp/idf/components/efuse/include -I/opt/esp/idf/components/efuse/esp32s3/include -I/opt/esp/idf/components/driver/include -I/opt/esp/idf/components/driver/deprecated -I/opt/esp/idf/components/driver/analog_comparator/include -I/opt/esp/idf/components/driver/dac/include -I/opt/esp/idf/components/driver/gpio/include -I/opt/esp/idf/components/driver/gptimer/include -I/opt/esp/idf/components/driver/i2c/include -I/opt/esp/idf/components/driver/i2s/include -I/opt/esp/idf/components/driver/ledc/include -I/opt/esp/idf/components/driver/mcpwm/include -I/opt/esp/idf/components/driver/parlio/include -I/opt/esp/idf/components/driver/pcnt/include -I/opt/esp/idf/components/driver/rmt/include -I/opt/esp/idf/components/driver/sdio_slave/include -I/opt/esp/idf/components/driver/sdmmc/include -I/opt/esp/idf/components/driver/sigma_delta/include -I/opt/esp/idf/components/driver/spi/include -I/opt/esp/idf/components/driver/temperature_sensor/include -I/opt/esp/idf/components/driver/touch_sensor/include -I/opt/esp/idf/components/driver/twai/include -I/opt/esp/idf/components/driver/uart/include -I/opt/esp/idf/components/driver/usb_serial_jtag/include -I/opt/esp/idf/components/driver/touch_sensor/esp32s3/include -I/opt/esp/idf/components/esp_pm/include -I/opt/esp/idf/components/mbedtls/port/include -I/opt/esp/idf/components/mbedtls/mbedtls/include -I/opt/esp/idf/components/mbedtls/mbedtls/library -I/opt/esp/idf/components/esp_app_format/include -I/opt/esp/idf/components/bootloader_support/include -I/opt/esp/idf/components/bootloader_support/bootloader_flash/include -I/opt/esp/idf/components/esp_partition/include -I/opt/esp/idf/components/app_update/include -I/opt/esp/idf/components/esp_mm/include -I/opt/esp/idf/components/spi_flash/include -I/opt/esp/idf/components/pthread/include -I/opt/esp/idf/components/esp_system/include -I/opt/esp/idf/components/esp_rom/include -I/opt/esp/idf/components/esp_rom/include/esp32s3 -I/opt/esp/idf/components/esp_rom/esp32s3 -I/opt/esp/idf/components/hal/esp32s3/include -I/opt/esp/idf/components/hal/include -I/opt/esp/idf/components/hal/platform_port/include -I/opt/esp/idf/components/log/include -I/opt/esp/idf/components/heap/include -I/opt/esp/idf/components/soc/include -I/opt/esp/idf/components/soc/esp32s3 -I/opt/esp/idf/components/soc/esp32s3/include -I/opt/esp/idf/components/esp_hw_support/include -I/opt/esp/idf/components/esp_hw_support/include/soc -I/opt/esp/idf/components/esp_hw_support/include/soc/esp32s3 -I/opt/esp/idf/components/freertos/FreeRTOS-Kernel/include -I/opt/esp/idf/components/freertos/FreeRTOS-Kernel/portable/xtensa/include -I/opt/esp/idf/components/freertos/esp_additions/include/freertos -I/opt/esp/idf/components/freertos/esp_additions/include -I/opt/esp/idf/components/freertos/esp_additions/arch/xtensa/include -I/opt/esp/idf/components/newlib/platform_include -I/opt/esp/idf/components/esp_common/include -I/opt/esp/idf/components/esp_timer/include -I/opt/esp/idf/components/app_trace/include -I/opt/esp/idf/components/esp_event/include -I/opt/esp/idf/components/nvs_flash/include -I/opt/esp/idf/components/nvs_flash/../spi_flash/include -I/opt/esp/idf/components/esp_phy/include -I/opt/esp/idf/components/esp_phy/esp32s3/include -I/opt/esp/idf/components/vfs/include -I/opt/esp/idf/components/lwip/include -I/opt/esp/idf/components/lwip/include/apps -I/opt/esp/idf/components/lwip/include/apps/sntp -I/opt/esp/idf/components/lwip/lwip/src/include -I/opt/esp/idf/components/lwip/port/include -I/opt/esp/idf/components/lwip/port/freertos/include/ -I/opt/esp/idf/components/lwip/port/esp32xx/include -I/opt/esp/idf/components/lwip/port/esp32xx/include/arch -I/opt/esp/idf/components/esp_netif/include -I/opt/esp/idf/components/wpa_supplicant/include -I/opt/esp/idf/components/wpa_supplicant/port/include -I/opt/esp/idf/components/wpa_supplicant/esp_supplicant/include -I/opt/esp/idf/components/esp_coex/include -I/opt/esp/idf/components/esp_wifi/include -I/opt/esp/idf/components/esp_wifi/wifi_apps/include -I/opt/esp/idf/components/bt/include/esp32c3/include -I/opt/esp/idf/components/bt/common/osi/include -I/opt/esp/idf/components/bt/common/api/include/api -I/opt/esp/idf/components/bt/common/btc/profile/esp/blufi/include -I/opt/esp/idf/components/bt/common/btc/profile/esp/include -I/opt/esp/idf/components/bt/host/nimble/nimble/nimble/host/include -I/opt/esp/idf/components/bt/host/nimble/nimble/nimble/host/services/ans/include -I/opt/esp/idf/components/bt/host/nimble/nimble/nimble/host/services/bas/include -I/opt/esp/idf/components/bt/host/nimble/nimble/nimble/host/services/dis/include -I/opt/esp/idf/components/bt/host/nimble/nimble/nimble/host/services/gap/include -I/opt/esp/idf/components/bt/host/nimble/nimble/nimble/host/services/gatt/include -I/opt/esp/idf/components/bt/host/nimble/nimble/nimble/host/services/hr/include -I/opt/esp/idf/components/bt/host/nimble/nimble/nimble/host/services/htp/include -I/opt/esp/idf/components/bt/host/nimble/nimble/nimble/host/services/ias/include -I/opt/esp/idf/components/bt/host/nimble/nimble/nimble/host/services/ipss/include -I/opt/esp/idf/components/bt/host/nimble/nimble/nimble/host/services/lls/include -I/opt/esp/idf/components/bt/host/nimble/nimble/nimble/host/services/prox/include -I/opt/esp/idf/components/bt/host/nimble/nimble/nimble/host/services/cts/include -I/opt/esp/idf/components/bt/host/nimble/nimble/nimble/host/services/tps/include -I/opt/esp/idf/components/bt/host/nimble/nimble/nimble/host/services/hid/include -I/opt/esp/idf/components/bt/host/nimble/nimble/nimble/host/services/sps/include -I/opt/esp/idf/components/bt/host/nimble/nimble/nimble/host/util/include -I/opt/esp/idf/components/bt/host/nimble/nimble/nimble/host/store/ram/include -I/opt/esp/idf/components/bt/host/nimble/nimble/nimble/host/store/config/include -I/opt/esp/idf/components/bt/porting/include -I/opt/esp/idf/components/bt/host/nimble/nimble/porting/nimble/include -I/opt/esp/idf/components/bt/host/nimble/port/include -I/opt/esp/idf/components/bt/host/nimble/nimble/nimble/transport/include -I/opt/esp/idf/components/bt/host/nimble/nimble/porting/npl/freertos/include -I/opt/esp/idf/components/bt/host/nimble/nimble/porting/nimble/include -I/opt/esp/idf/components/bt/host/nimble/nimble/nimble/include -I/opt/esp/idf/components/bt/host/nimble/esp-hci/include -I/opt/esp/idf/components/unity/include -I/opt/esp/idf/components/unity/unity/src -I/opt/esp/idf/components/cmock/CMock/src -I/opt/esp/idf/components/console/. -I/opt/esp/idf/components/http_parser/. -I/opt/esp/idf/components/esp-tls/. -I/opt/esp/idf/components/esp-tls/esp-tls-crypto -I/opt/esp/idf/components/esp_adc/include -I/opt/esp/idf/components/esp_adc/interface -I/opt/esp/idf/components/esp_adc/esp32s3/include -I/opt/esp/idf/components/esp_adc/deprecated/include -I/opt/esp/idf/components/esp_eth/include -I/opt/esp/idf/components/esp_gdbstub/include -I/opt/esp/idf/components/esp_hid/include -I/opt/esp/idf/components/tcp_transport/include -I/opt/esp/idf/components/esp_http_client/include -I/opt/esp/idf/components/esp_http_server/include -I/opt/esp/idf/components/esp_https_ota/include -I/opt/esp/idf/components/esp_psram/include -I/opt/esp/idf/components/esp_lcd/include -I/opt/esp/idf/components/esp_lcd/interface -I/opt/esp/idf/components/protobuf-c/protobuf-c -I/opt/esp/idf/components/protocomm/include/common -I/opt/esp/idf/components/protocomm/include/security -I/opt/esp/idf/components/protocomm/include/transports -I/opt/esp/idf/components/protocomm/include/crypto/srp6a -I/opt/esp/idf/components/esp_local_ctrl/include -I/opt/esp/idf/components/espcoredump/include -I/opt/esp/idf/components/espcoredump/include/port/xtensa -I/opt/esp/idf/components/wear_levelling/include -I/opt/esp/idf/components/sdmmc/include -I/opt/esp/idf/components/fatfs/diskio -I/opt/esp/idf/components/fatfs/vfs -I/opt/esp/idf/components/fatfs/src -I/opt/esp/idf/components/idf_test/include -I/opt/esp/idf/components/idf_test/include/esp32s3 -I/opt/esp/idf/components/ieee802154/include -I/opt/esp/idf/components/json/cJSON -I/opt/esp/idf/components/mqtt//opt/esp/idf/components/mqtt/esp-mqtt/include -I/opt/esp/idf/components/perfmon/include -I/opt/esp/idf/components/spiffs/include -I/opt/esp/idf/components/touch_element/include -I/opt/esp/idf/components/ulp/ulp_common/include -I/opt/esp/idf/components/ulp/ulp_common/include/esp32s3 -I/opt/esp/idf/components/ulp/ulp_fsm/include -I/opt/esp/idf/components/ulp/ulp_fsm/include/esp32s3 -I/opt/esp/idf/components/usb/include -I/opt/esp/idf/components/wifi_provisioning/include -I/opt/rosmicropy/micropython/ports/esp32/managed_components/espressif__esp_lcd_touch/include -I/opt/rosmicropy/micropython/ports/esp32/managed_components/espressif__esp_lcd_touch_gt911/include -I/opt/rosmicropy/micropython/ports/esp32/managed_components/espressif__tinyusb/src/ -I/opt/rosmicropy/micropython/ports/esp32/managed_components/espressif__tinyusb//opt/esp/idf/components/freertos/FreeRTOS-Kernel/include/freertos/ -I/opt/rosmicropy/micropython/ports/esp32/managed_components/espressif__esp_tinyusb/include -I/opt/rosmicropy/micropython/ports/esp32/managed_components/espressif__mdns/include -I/opt/rosmicropy/micropython/ports/esp32/managed_components/lvgl__lvgl//opt/rosmicropy/micropython/ports/esp32/managed_components/lvgl__lvgl -I/opt/rosmicropy/micropython/ports/esp32/managed_components/lvgl__lvgl//opt/rosmicropy/micropython/ports/esp32/managed_components/lvgl__lvgl/src -I/opt/rosmicropy/micropython/ports/esp32/managed_components/lvgl__lvgl//opt/rosmicropy/micropython/ports/esp32/managed_components/lvgl__lvgl/../ -I/opt/rosmicropy/micropython/ports/esp32/managed_components/lvgl__lvgl//opt/rosmicropy/micropython/ports/esp32/managed_components/lvgl__lvgl/examples -I/opt/rosmicropy/micropython/ports/esp32/managed_components/lvgl__lvgl//opt/rosmicropy/micropython/ports/esp32/managed_components/lvgl__lvgl/demos -I/opt/rosmicropy/components/micro_ros_espidf_component/network_interfaces -DCMAKE_C_STANDARD=17 -DUCLIENT_C_STANDARD=17 -DUCLIENT_ISOLATED_INSTALL=OFF -DUCLIENT_SUPERBUILD=OFF -DUCLIENT_PIC=OFF -DUCLIENT_PROFILE_DISCOVERY=ON -DUCLIENT_PROFILE_UDP=ON -DUCLIENT_PROFILE_CUSTOM_TRANSPORT=ON -DUCLIENT_PROFILE_SERIAL=OFF -DUCLIENT_PROFILE_TCP=OFF -DUCLIENT_MIN_HEARTBEAT_TIME_INTERVAL=1 -DCMAKE_INSTALL_PREFIX=/opt/rosmicropy/components/micro_ros_espidf_component/micro_ros_src/install
[2.090s] Not searching for unused variables given on the command line.
[2.093s] -- The C compiler identification is GNU 12.2.0
[2.094s] -- Detecting C compiler ABI info
[2.094s] -- Detecting C compiler ABI info - done
[2.094s] -- Check for working C compiler: /opt/esp/tools/xtensa-esp32s3-elf/esp-12.2.0_20230208/xtensa-esp32s3-elf/bin/xtensa-esp32s3-elf-gcc - skipped
[2.094s] -- Detecting C compile features
[2.094s] -- Detecting C compile features - done
[2.094s] -- Configuring done
[2.095s] -- Generating done
[2.095s] -- Build files have been written to: /opt/rosmicropy/components/micro_ros_espidf_component/micro_ros_src/build/microxrcedds_client
[2.097s] Invoked command in '/opt/rosmicropy/components/micro_ros_espidf_component/micro_ros_src/build/microxrcedds_client' returned '0': CMAKE_PREFIX_PATH=/opt/rosmicropy/components/micro_ros_espidf_component/micro_ros_src/install:${CMAKE_PREFIX_PATH} PATH=/opt/rosmicropy/components/micro_ros_espidf_component/micro_ros_src/install/bin:${PATH} PYTHONPATH=/opt/rosmicropy/components/micro_ros_espidf_component/micro_ros_src/install/lib/python3.8/site-packages:${PYTHONPATH} X_CFLAGS=-mlongcalls X_CXXFLAGS=-mlongcalls /opt/esp/tools/cmake/3.24.0/bin/cmake /opt/rosmicropy/components/micro_ros_espidf_component/micro_ros_src/src/Micro-XRCE-DDS-Client --no-warn-unused-cli -DCMAKE_POSITION_INDEPENDENT_CODE:BOOL=OFF -DTHIRDPARTY=ON -DBUILD_SHARED_LIBS=OFF -DBUILD_TESTING=OFF -DCMAKE_BUILD_TYPE=Release -DCMAKE_TOOLCHAIN_FILE=/opt/rosmicropy/components/micro_ros_espidf_component/esp32_toolchain.cmake -DCMAKE_VERBOSE_MAKEFILE=OFF -DIDF_INCLUDES=-I/opt/esp/idf/components/xtensa/include -I/opt/esp/idf/components/xtensa/esp32s3/include -I/opt/esp/idf/components/esp_ringbuf/include -I/opt/esp/idf/components/efuse/include -I/opt/esp/idf/components/efuse/esp32s3/include -I/opt/esp/idf/components/driver/include -I/opt/esp/idf/components/driver/deprecated -I/opt/esp/idf/components/driver/analog_comparator/include -I/opt/esp/idf/components/driver/dac/include -I/opt/esp/idf/components/driver/gpio/include -I/opt/esp/idf/components/driver/gptimer/include -I/opt/esp/idf/components/driver/i2c/include -I/opt/esp/idf/components/driver/i2s/include -I/opt/esp/idf/components/driver/ledc/include -I/opt/esp/idf/components/driver/mcpwm/include -I/opt/esp/idf/components/driver/parlio/include -I/opt/esp/idf/components/driver/pcnt/include -I/opt/esp/idf/components/driver/rmt/include -I/opt/esp/idf/components/driver/sdio_slave/include -I/opt/esp/idf/components/driver/sdmmc/include -I/opt/esp/idf/components/driver/sigma_delta/include -I/opt/esp/idf/components/driver/spi/include -I/opt/esp/idf/components/driver/temperature_sensor/include -I/opt/esp/idf/components/driver/touch_sensor/include -I/opt/esp/idf/components/driver/twai/include -I/opt/esp/idf/components/driver/uart/include -I/opt/esp/idf/components/driver/usb_serial_jtag/include -I/opt/esp/idf/components/driver/touch_sensor/esp32s3/include -I/opt/esp/idf/components/esp_pm/include -I/opt/esp/idf/components/mbedtls/port/include -I/opt/esp/idf/components/mbedtls/mbedtls/include -I/opt/esp/idf/components/mbedtls/mbedtls/library -I/opt/esp/idf/components/esp_app_format/include -I/opt/esp/idf/components/bootloader_support/include -I/opt/esp/idf/components/bootloader_support/bootloader_flash/include -I/opt/esp/idf/components/esp_partition/include -I/opt/esp/idf/components/app_update/include -I/opt/esp/idf/components/esp_mm/include -I/opt/esp/idf/components/spi_flash/include -I/opt/esp/idf/components/pthread/include -I/opt/esp/idf/components/esp_system/include -I/opt/esp/idf/components/esp_rom/include -I/opt/esp/idf/components/esp_rom/include/esp32s3 -I/opt/esp/idf/components/esp_rom/esp32s3 -I/opt/esp/idf/components/hal/esp32s3/include -I/opt/esp/idf/components/hal/include -I/opt/esp/idf/components/hal/platform_port/include -I/opt/esp/idf/components/log/include -I/opt/esp/idf/components/heap/include -I/opt/esp/idf/components/soc/include -I/opt/esp/idf/components/soc/esp32s3 -I/opt/esp/idf/components/soc/esp32s3/include -I/opt/esp/idf/components/esp_hw_support/include -I/opt/esp/idf/components/esp_hw_support/include/soc -I/opt/esp/idf/components/esp_hw_support/include/soc/esp32s3 -I/opt/esp/idf/components/freertos/FreeRTOS-Kernel/include -I/opt/esp/idf/components/freertos/FreeRTOS-Kernel/portable/xtensa/include -I/opt/esp/idf/components/freertos/esp_additions/include/freertos -I/opt/esp/idf/components/freertos/esp_additions/include -I/opt/esp/idf/components/freertos/esp_additions/arch/xtensa/include -I/opt/esp/idf/components/newlib/platform_include -I/opt/esp/idf/components/esp_common/include -I/opt/esp/idf/components/esp_timer/include -I/opt/esp/idf/components/app_trace/include -I/opt/esp/idf/components/esp_event/include -I/opt/esp/idf/components/nvs_flash/include -I/opt/esp/idf/components/nvs_flash/../spi_flash/include -I/opt/esp/idf/components/esp_phy/include -I/opt/esp/idf/components/esp_phy/esp32s3/include -I/opt/esp/idf/components/vfs/include -I/opt/esp/idf/components/lwip/include -I/opt/esp/idf/components/lwip/include/apps -I/opt/esp/idf/components/lwip/include/apps/sntp -I/opt/esp/idf/components/lwip/lwip/src/include -I/opt/esp/idf/components/lwip/port/include -I/opt/esp/idf/components/lwip/port/freertos/include/ -I/opt/esp/idf/components/lwip/port/esp32xx/include -I/opt/esp/idf/components/lwip/port/esp32xx/include/arch -I/opt/esp/idf/components/esp_netif/include -I/opt/esp/idf/components/wpa_supplicant/include -I/opt/esp/idf/components/wpa_supplicant/port/include -I/opt/esp/idf/components/wpa_supplicant/esp_supplicant/include -I/opt/esp/idf/components/esp_coex/include -I/opt/esp/idf/components/esp_wifi/include -I/opt/esp/idf/components/esp_wifi/wifi_apps/include -I/opt/esp/idf/components/bt/include/esp32c3/include -I/opt/esp/idf/components/bt/common/osi/include -I/opt/esp/idf/components/bt/common/api/include/api -I/opt/esp/idf/components/bt/common/btc/profile/esp/blufi/include -I/opt/esp/idf/components/bt/common/btc/profile/esp/include -I/opt/esp/idf/components/bt/host/nimble/nimble/nimble/host/include -I/opt/esp/idf/components/bt/host/nimble/nimble/nimble/host/services/ans/include -I/opt/esp/idf/components/bt/host/nimble/nimble/nimble/host/services/bas/include -I/opt/esp/idf/components/bt/host/nimble/nimble/nimble/host/services/dis/include -I/opt/esp/idf/components/bt/host/nimble/nimble/nimble/host/services/gap/include -I/opt/esp/idf/components/bt/host/nimble/nimble/nimble/host/services/gatt/include -I/opt/esp/idf/components/bt/host/nimble/nimble/nimble/host/services/hr/include -I/opt/esp/idf/components/bt/host/nimble/nimble/nimble/host/services/htp/include -I/opt/esp/idf/components/bt/host/nimble/nimble/nimble/host/services/ias/include -I/opt/esp/idf/components/bt/host/nimble/nimble/nimble/host/services/ipss/include -I/opt/esp/idf/components/bt/host/nimble/nimble/nimble/host/services/lls/include -I/opt/esp/idf/components/bt/host/nimble/nimble/nimble/host/services/prox/include -I/opt/esp/idf/components/bt/host/nimble/nimble/nimble/host/services/cts/include -I/opt/esp/idf/components/bt/host/nimble/nimble/nimble/host/services/tps/include -I/opt/esp/idf/components/bt/host/nimble/nimble/nimble/host/services/hid/include -I/opt/esp/idf/components/bt/host/nimble/nimble/nimble/host/services/sps/include -I/opt/esp/idf/components/bt/host/nimble/nimble/nimble/host/util/include -I/opt/esp/idf/components/bt/host/nimble/nimble/nimble/host/store/ram/include -I/opt/esp/idf/components/bt/host/nimble/nimble/nimble/host/store/config/include -I/opt/esp/idf/components/bt/porting/include -I/opt/esp/idf/components/bt/host/nimble/nimble/porting/nimble/include -I/opt/esp/idf/components/bt/host/nimble/port/include -I/opt/esp/idf/components/bt/host/nimble/nimble/nimble/transport/include -I/opt/esp/idf/components/bt/host/nimble/nimble/porting/npl/freertos/include -I/opt/esp/idf/components/bt/host/nimble/nimble/porting/nimble/include -I/opt/esp/idf/components/bt/host/nimble/nimble/nimble/include -I/opt/esp/idf/components/bt/host/nimble/esp-hci/include -I/opt/esp/idf/components/unity/include -I/opt/esp/idf/components/unity/unity/src -I/opt/esp/idf/components/cmock/CMock/src -I/opt/esp/idf/components/console/. -I/opt/esp/idf/components/http_parser/. -I/opt/esp/idf/components/esp-tls/. -I/opt/esp/idf/components/esp-tls/esp-tls-crypto -I/opt/esp/idf/components/esp_adc/include -I/opt/esp/idf/components/esp_adc/interface -I/opt/esp/idf/components/esp_adc/esp32s3/include -I/opt/esp/idf/components/esp_adc/deprecated/include -I/opt/esp/idf/components/esp_eth/include -I/opt/esp/idf/components/esp_gdbstub/include -I/opt/esp/idf/components/esp_hid/include -I/opt/esp/idf/components/tcp_transport/include -I/opt/esp/idf/components/esp_http_client/include -I/opt/esp/idf/components/esp_http_server/include -I/opt/esp/idf/components/esp_https_ota/include -I/opt/esp/idf/components/esp_psram/include -I/opt/esp/idf/components/esp_lcd/include -I/opt/esp/idf/components/esp_lcd/interface -I/opt/esp/idf/components/protobuf-c/protobuf-c -I/opt/esp/idf/components/protocomm/include/common -I/opt/esp/idf/components/protocomm/include/security -I/opt/esp/idf/components/protocomm/include/transports -I/opt/esp/idf/components/protocomm/include/crypto/srp6a -I/opt/esp/idf/components/esp_local_ctrl/include -I/opt/esp/idf/components/espcoredump/include -I/opt/esp/idf/components/espcoredump/include/port/xtensa -I/opt/esp/idf/components/wear_levelling/include -I/opt/esp/idf/components/sdmmc/include -I/opt/esp/idf/components/fatfs/diskio -I/opt/esp/idf/components/fatfs/vfs -I/opt/esp/idf/components/fatfs/src -I/opt/esp/idf/components/idf_test/include -I/opt/esp/idf/components/idf_test/include/esp32s3 -I/opt/esp/idf/components/ieee802154/include -I/opt/esp/idf/components/json/cJSON -I/opt/esp/idf/components/mqtt//opt/esp/idf/components/mqtt/esp-mqtt/include -I/opt/esp/idf/components/perfmon/include -I/opt/esp/idf/components/spiffs/include -I/opt/esp/idf/components/touch_element/include -I/opt/esp/idf/components/ulp/ulp_common/include -I/opt/esp/idf/components/ulp/ulp_common/include/esp32s3 -I/opt/esp/idf/components/ulp/ulp_fsm/include -I/opt/esp/idf/components/ulp/ulp_fsm/include/esp32s3 -I/opt/esp/idf/components/usb/include -I/opt/esp/idf/components/wifi_provisioning/include -I/opt/rosmicropy/micropython/ports/esp32/managed_components/espressif__esp_lcd_touch/include -I/opt/rosmicropy/micropython/ports/esp32/managed_components/espressif__esp_lcd_touch_gt911/include -I/opt/rosmicropy/micropython/ports/esp32/managed_components/espressif__tinyusb/src/ -I/opt/rosmicropy/micropython/ports/esp32/managed_components/espressif__tinyusb//opt/esp/idf/components/freertos/FreeRTOS-Kernel/include/freertos/ -I/opt/rosmicropy/micropython/ports/esp32/managed_components/espressif__esp_tinyusb/include -I/opt/rosmicropy/micropython/ports/esp32/managed_components/espressif__mdns/include -I/opt/rosmicropy/micropython/ports/esp32/managed_components/lvgl__lvgl//opt/rosmicropy/micropython/ports/esp32/managed_components/lvgl__lvgl -I/opt/rosmicropy/micropython/ports/esp32/managed_components/lvgl__lvgl//opt/rosmicropy/micropython/ports/esp32/managed_components/lvgl__lvgl/src -I/opt/rosmicropy/micropython/ports/esp32/managed_components/lvgl__lvgl//opt/rosmicropy/micropython/ports/esp32/managed_components/lvgl__lvgl/../ -I/opt/rosmicropy/micropython/ports/esp32/managed_components/lvgl__lvgl//opt/rosmicropy/micropython/ports/esp32/managed_components/lvgl__lvgl/examples -I/opt/rosmicropy/micropython/ports/esp32/managed_components/lvgl__lvgl//opt/rosmicropy/micropython/ports/esp32/managed_components/lvgl__lvgl/demos -I/opt/rosmicropy/components/micro_ros_espidf_component/network_interfaces -DCMAKE_C_STANDARD=17 -DUCLIENT_C_STANDARD=17 -DUCLIENT_ISOLATED_INSTALL=OFF -DUCLIENT_SUPERBUILD=OFF -DUCLIENT_PIC=OFF -DUCLIENT_PROFILE_DISCOVERY=ON -DUCLIENT_PROFILE_UDP=ON -DUCLIENT_PROFILE_CUSTOM_TRANSPORT=ON -DUCLIENT_PROFILE_SERIAL=OFF -DUCLIENT_PROFILE_TCP=OFF -DUCLIENT_MIN_HEARTBEAT_TIME_INTERVAL=1 -DCMAKE_INSTALL_PREFIX=/opt/rosmicropy/components/micro_ros_espidf_component/micro_ros_src/install
[2.099s] Invoking command in '/opt/rosmicropy/components/micro_ros_espidf_component/micro_ros_src/build/microxrcedds_client': CMAKE_PREFIX_PATH=/opt/rosmicropy/components/micro_ros_espidf_component/micro_ros_src/install:${CMAKE_PREFIX_PATH} PATH=/opt/rosmicropy/components/micro_ros_espidf_component/micro_ros_src/install/bin:${PATH} PYTHONPATH=/opt/rosmicropy/components/micro_ros_espidf_component/micro_ros_src/install/lib/python3.8/site-packages:${PYTHONPATH} X_CFLAGS=-mlongcalls X_CXXFLAGS=-mlongcalls /opt/esp/tools/cmake/3.24.0/bin/cmake --build /opt/rosmicropy/components/micro_ros_espidf_component/micro_ros_src/build/microxrcedds_client
[2.148s] make[1]: Entering directory '/opt/rosmicropy/components/micro_ros_espidf_component/micro_ros_src/build/microxrcedds_client'
[2.148s] make[2]: Entering directory '/opt/rosmicropy/components/micro_ros_espidf_component/micro_ros_src/build/microxrcedds_client'
[2.148s] make[3]: Entering directory '/opt/rosmicropy/components/micro_ros_espidf_component/micro_ros_src/build/microxrcedds_client'
[2.148s] make[3]: Leaving directory '/opt/rosmicropy/components/micro_ros_espidf_component/micro_ros_src/build/microxrcedds_client'
[2.148s] make[3]: Entering directory '/opt/rosmicropy/components/micro_ros_espidf_component/micro_ros_src/build/microxrcedds_client'
[2.148s] [  3%] Building C object CMakeFiles/microxrcedds_client.dir/src/c/core/session/stream/input_best_effort_stream.c.obj
[2.148s] [  6%] Building C object CMakeFiles/microxrcedds_client.dir/src/c/core/session/stream/input_reliable_stream.c.obj
[2.148s] [ 10%] Building C object CMakeFiles/microxrcedds_client.dir/src/c/core/session/stream/output_best_effort_stream.c.obj
[2.148s] [ 13%] Building C object CMakeFiles/microxrcedds_client.dir/src/c/core/session/stream/output_reliable_stream.c.obj
[2.148s] [ 16%] Building C object CMakeFiles/microxrcedds_client.dir/src/c/core/session/stream/stream_storage.c.obj
[2.148s] [ 20%] Building C object CMakeFiles/microxrcedds_client.dir/src/c/core/session/stream/seq_num.c.obj
[2.148s] [ 23%] Building C object CMakeFiles/microxrcedds_client.dir/src/c/core/session/stream/stream_id.c.obj
[2.148s] [ 26%] Building C object CMakeFiles/microxrcedds_client.dir/src/c/core/session/session.c.obj
[2.148s] [ 33%] Building C object CMakeFiles/microxrcedds_client.dir/src/c/core/session/submessage.c.obj
[2.149s] [ 33%] Building C object CMakeFiles/microxrcedds_client.dir/src/c/core/session/session_info.c.obj
[2.149s] [ 36%] Building C object CMakeFiles/microxrcedds_client.dir/src/c/core/session/object_id.c.obj
[2.149s] [ 40%] Building C object CMakeFiles/microxrcedds_client.dir/src/c/core/serialization/xrce_types.c.obj
[2.157s] [ 43%] Building C object CMakeFiles/microxrcedds_client.dir/src/c/core/serialization/xrce_header.c.obj
[2.185s] [ 46%] Building C object CMakeFiles/microxrcedds_client.dir/src/c/util/ping.c.obj
[2.186s] [ 50%] Building C object CMakeFiles/microxrcedds_client.dir/src/c/core/serialization/xrce_subheader.c.obj
[2.188s] [ 53%] Building C object CMakeFiles/microxrcedds_client.dir/src/c/util/time.c.obj
[2.194s] [ 56%] Building C object CMakeFiles/microxrcedds_client.dir/src/c/core/session/create_entities_ref.c.obj
[2.195s] [ 60%] Building C object CMakeFiles/microxrcedds_client.dir/src/c/core/session/create_entities_xml.c.obj
[2.199s] [ 63%] Building C object CMakeFiles/microxrcedds_client.dir/src/c/core/session/common_create_entities.c.obj
[2.240s] [ 66%] Building C object CMakeFiles/microxrcedds_client.dir/src/c/core/session/create_entities_bin.c.obj
[2.255s] In file included from /opt/rosmicropy/components/micro_ros_espidf_component/micro_ros_src/src/Micro-XRCE-DDS-Client/src/c/util/time.c:3:
[2.256s] /opt/esp/idf/components/newlib/platform_include/time.h:11:2: warning: #include_next is a GCC extension
[2.256s]    11 | #include_next <time.h>
[2.256s]       |  ^~~~~~~~~~~~
[2.257s] [ 70%] Building C object CMakeFiles/microxrcedds_client.dir/src/c/core/session/read_access.c.obj
[2.282s] [ 73%] Building C object CMakeFiles/microxrcedds_client.dir/src/c/profile/transport/stream_framing/stream_framing_protocol.c.obj
[2.283s] [ 76%] Building C object CMakeFiles/microxrcedds_client.dir/src/c/core/session/write_access.c.obj
[2.307s] [ 80%] Building C object CMakeFiles/microxrcedds_client.dir/src/c/profile/transport/ip/udp/udp_transport.c.obj
[2.370s] [ 83%] Building C object CMakeFiles/microxrcedds_client.dir/src/c/profile/transport/ip/udp/udp_transport_posix_nopoll.c.obj
[2.379s] [ 86%] Building C object CMakeFiles/microxrcedds_client.dir/src/c/profile/transport/ip/ip_posix.c.obj
[2.381s] [ 90%] Building C object CMakeFiles/microxrcedds_client.dir/src/c/profile/discovery/transport/udp_transport_datagram_posix_nopoll.c.obj
[2.390s] [ 93%] Building C object CMakeFiles/microxrcedds_client.dir/src/c/profile/discovery/discovery.c.obj
[2.427s] [ 96%] Building C object CMakeFiles/microxrcedds_client.dir/src/c/profile/transport/custom/custom_transport.c.obj
[2.477s] In file included from /opt/esp/idf/components/lwip/port/esp32xx/include/sys/socket.h:15,
[2.477s]                  from /opt/rosmicropy/components/micro_ros_espidf_component/micro_ros_src/src/Micro-XRCE-DDS-Client/src/c/profile/transport/ip/udp/udp_transport_posix_nopoll.c:5:
[2.477s] /opt/esp/idf/components/lwip/include/lwip/sockets.h:8:2: warning: #include_next is a GCC extension
[2.478s]     8 | #include_next "lwip/sockets.h"
[2.478s]       |  ^~~~~~~~~~~~
[2.489s] In file included from /opt/esp/idf/components/lwip/port/esp32xx/include/sys/socket.h:15,
[2.489s]                  from /opt/rosmicropy/components/micro_ros_espidf_component/micro_ros_src/src/Micro-XRCE-DDS-Client/src/c/profile/discovery/transport/udp_transport_datagram_posix_nopoll.c:4:
[2.489s] /opt/esp/idf/components/lwip/include/lwip/sockets.h:8:2: warning: #include_next is a GCC extension
[2.489s]     8 | #include_next "lwip/sockets.h"
[2.489s]       |  ^~~~~~~~~~~~
[2.534s] In file included from /opt/esp/idf/components/freertos/FreeRTOS-Kernel/portable/xtensa/include/freertos/portmacro.h:74,
[2.534s]                  from /opt/esp/idf/components/freertos/FreeRTOS-Kernel/include/freertos/portable.h:59,
[2.534s]                  from /opt/esp/idf/components/freertos/FreeRTOS-Kernel/include/freertos/FreeRTOS.h:71,
[2.534s]                  from /opt/esp/idf/components/esp_system/include/esp_task.h:24,
[2.535s]                  from /opt/esp/idf/components/lwip/port/include/lwipopts.h:20,
[2.535s]                  from /opt/esp/idf/components/lwip/lwip/src/include/lwip/opt.h:51,
[2.535s]                  from /opt/esp/idf/components/lwip/lwip/src/include/lwip/inet.h:43,
[2.535s]                  from /opt/esp/idf/components/lwip/port/include/arpa/inet.h:10,
[2.536s]                  from /opt/rosmicropy/components/micro_ros_espidf_component/micro_ros_src/src/Micro-XRCE-DDS-Client/src/c/profile/transport/ip/ip_posix.c:18:
[2.536s] /opt/esp/idf/components/esp_hw_support/include/spinlock.h: In function 'spinlock_acquire':
[2.536s] /opt/esp/idf/components/esp_hw_support/include/spinlock.h:117:94: warning: comparison of integer expressions of different signedness: 'esp_cpu_cycle_count_t' {aka 'long unsigned int'} and 'int32_t' {aka 'long int'} [-Wsign-compare]
[2.536s]   117 |     } while ((timeout == SPINLOCK_WAIT_FOREVER) || (esp_cpu_get_cycle_count() - start_count) <= timeout);
[2.536s]       |                                                                                              ^~
[2.558s] In file included from /opt/esp/idf/components/lwip/port/esp32xx/include/arch/cc.h:12,
[2.559s]                  from /opt/esp/idf/components/lwip/lwip/src/include/lwip/arch.h:48,
[2.559s]                  from /opt/esp/idf/components/lwip/lwip/src/include/lwip/debug.h:40,
[2.559s]                  from /opt/esp/idf/components/lwip/lwip/src/include/lwip/opt.h:52:
[2.559s] /opt/esp/idf/components/newlib/platform_include/errno.h: At top level:
[2.559s] /opt/esp/idf/components/newlib/platform_include/errno.h:10:2: warning: #include_next is a GCC extension
[2.559s]    10 | #include_next "errno.h"
[2.559s]       |  ^~~~~~~~~~~~
[2.560s] In file included from /opt/esp/idf/components/freertos/FreeRTOS-Kernel/portable/xtensa/include/freertos/portmacro.h:74,
[2.560s]                  from /opt/esp/idf/components/freertos/FreeRTOS-Kernel/include/freertos/portable.h:59,
[2.560s]                  from /opt/esp/idf/components/freertos/FreeRTOS-Kernel/include/freertos/FreeRTOS.h:71,
[2.561s]                  from /opt/esp/idf/components/esp_system/include/esp_task.h:24,
[2.561s]                  from /opt/esp/idf/components/lwip/port/include/lwipopts.h:20,
[2.561s]                  from /opt/esp/idf/components/lwip/lwip/src/include/lwip/opt.h:51,
[2.561s]                  from /opt/esp/idf/components/lwip/lwip/src/include/lwip/sockets.h:42,
[2.561s]                  from /opt/esp/idf/components/lwip/include/lwip/sockets.h:8:
[2.561s] /opt/esp/idf/components/esp_hw_support/include/spinlock.h: In function 'spinlock_acquire':
[2.562s] /opt/esp/idf/components/esp_hw_support/include/spinlock.h:117:94: warning: comparison of integer expressions of different signedness: 'esp_cpu_cycle_count_t' {aka 'long unsigned int'} and 'int32_t' {aka 'long int'} [-Wsign-compare]
[2.562s]   117 |     } while ((timeout == SPINLOCK_WAIT_FOREVER) || (esp_cpu_get_cycle_count() - start_count) <= timeout);
[2.562s]       |                                                                                              ^~
[2.573s] In file included from /opt/esp/idf/components/freertos/FreeRTOS-Kernel/portable/xtensa/include/freertos/portmacro.h:74,
[2.574s]                  from /opt/esp/idf/components/freertos/FreeRTOS-Kernel/include/freertos/portable.h:59,
[2.574s]                  from /opt/esp/idf/components/freertos/FreeRTOS-Kernel/include/freertos/FreeRTOS.h:71,
[2.574s]                  from /opt/esp/idf/components/esp_system/include/esp_task.h:24,
[2.574s]                  from /opt/esp/idf/components/lwip/port/include/lwipopts.h:20,
[2.574s]                  from /opt/esp/idf/components/lwip/lwip/src/include/lwip/opt.h:51,
[2.574s]                  from /opt/esp/idf/components/lwip/lwip/src/include/lwip/sockets.h:42,
[2.574s]                  from /opt/esp/idf/components/lwip/include/lwip/sockets.h:8:
[2.574s] /opt/esp/idf/components/esp_hw_support/include/spinlock.h: In function 'spinlock_acquire':
[2.575s] /opt/esp/idf/components/esp_hw_support/include/spinlock.h:117:94: warning: comparison of integer expressions of different signedness: 'esp_cpu_cycle_count_t' {aka 'long unsigned int'} and 'int32_t' {aka 'long int'} [-Wsign-compare]
[2.575s]   117 |     } while ((timeout == SPINLOCK_WAIT_FOREVER) || (esp_cpu_get_cycle_count() - start_count) <= timeout);
[2.575s]       |                                                                                              ^~
[2.577s] In file included from /opt/esp/idf/components/lwip/port/esp32xx/include/sys/socket.h:15,
[2.577s]                  from /opt/rosmicropy/components/micro_ros_espidf_component/micro_ros_src/src/Micro-XRCE-DDS-Client/src/c/profile/transport/ip/ip_posix.c:20:
[2.577s] /opt/esp/idf/components/lwip/include/lwip/sockets.h:8:2: warning: #include_next is a GCC extension
[2.577s]     8 | #include_next "lwip/sockets.h"
[2.577s]       |  ^~~~~~~~~~~~
[2.597s] In file included from /opt/esp/idf/components/lwip/port/esp32xx/include/arch/cc.h:12,
[2.597s]                  from /opt/esp/idf/components/lwip/lwip/src/include/lwip/arch.h:48,
[2.597s]                  from /opt/esp/idf/components/lwip/lwip/src/include/lwip/debug.h:40,
[2.597s]                  from /opt/esp/idf/components/lwip/lwip/src/include/lwip/opt.h:52:
[2.598s] /opt/esp/idf/components/newlib/platform_include/errno.h: At top level:
[2.598s] /opt/esp/idf/components/newlib/platform_include/errno.h:10:2: warning: #include_next is a GCC extension
[2.598s]    10 | #include_next "errno.h"
[2.598s]       |  ^~~~~~~~~~~~
[2.606s] In file included from /opt/esp/idf/components/lwip/port/esp32xx/include/arch/cc.h:12,
[2.606s]                  from /opt/esp/idf/components/lwip/lwip/src/include/lwip/arch.h:48,
[2.607s]                  from /opt/esp/idf/components/lwip/lwip/src/include/lwip/debug.h:40,
[2.607s]                  from /opt/esp/idf/components/lwip/lwip/src/include/lwip/opt.h:52:
[2.607s] /opt/esp/idf/components/newlib/platform_include/errno.h: At top level:
[2.607s] /opt/esp/idf/components/newlib/platform_include/errno.h:10:2: warning: #include_next is a GCC extension
[2.607s]    10 | #include_next "errno.h"
[2.608s]       |  ^~~~~~~~~~~~
[2.622s] In file included from /opt/rosmicropy/components/micro_ros_espidf_component/micro_ros_src/src/Micro-XRCE-DDS-Client/src/c/profile/transport/ip/udp/udp_transport_posix_nopoll.c:6:
[2.622s] /opt/esp/idf/components/newlib/platform_include/sys/time.h:21:2: warning: #include_next is a GCC extension
[2.622s]    21 | #include_next <sys/time.h>
[2.622s]       |  ^~~~~~~~~~~~
[2.627s] In file included from /opt/esp/idf/components/lwip/port/include/netdb.h:14,
[2.627s]                  from /opt/rosmicropy/components/micro_ros_espidf_component/micro_ros_src/src/Micro-XRCE-DDS-Client/src/c/profile/transport/ip/udp/udp_transport_posix_nopoll.c:7:
[2.627s] /opt/esp/idf/components/lwip/include/lwip/netdb.h:9:2: warning: #include_next is a GCC extension
[2.627s]     9 | #include_next "lwip/netdb.h"
[2.627s]       |  ^~~~~~~~~~~~
[2.638s] In file included from /opt/esp/idf/components/lwip/port/include/netdb.h:14,
[2.639s]                  from /opt/rosmicropy/components/micro_ros_espidf_component/micro_ros_src/src/Micro-XRCE-DDS-Client/src/c/profile/discovery/transport/udp_transport_datagram_posix_nopoll.c:5:
[2.639s] /opt/esp/idf/components/lwip/include/lwip/netdb.h:9:2: warning: #include_next is a GCC extension
[2.639s]     9 | #include_next "lwip/netdb.h"
[2.639s]       |  ^~~~~~~~~~~~
[3.800s] [100%] Linking C static library libmicroxrcedds_client.a
[3.801s] make[3]: Leaving directory '/opt/rosmicropy/components/micro_ros_espidf_component/micro_ros_src/build/microxrcedds_client'
[3.801s] [100%] Built target microxrcedds_client
[3.801s] make[2]: Leaving directory '/opt/rosmicropy/components/micro_ros_espidf_component/micro_ros_src/build/microxrcedds_client'
[3.801s] make[1]: Leaving directory '/opt/rosmicropy/components/micro_ros_espidf_component/micro_ros_src/build/microxrcedds_client'
[4.244s] Invoked command in '/opt/rosmicropy/components/micro_ros_espidf_component/micro_ros_src/build/microxrcedds_client' returned '0': CMAKE_PREFIX_PATH=/opt/rosmicropy/components/micro_ros_espidf_component/micro_ros_src/install:${CMAKE_PREFIX_PATH} PATH=/opt/rosmicropy/components/micro_ros_espidf_component/micro_ros_src/install/bin:${PATH} PYTHONPATH=/opt/rosmicropy/components/micro_ros_espidf_component/micro_ros_src/install/lib/python3.8/site-packages:${PYTHONPATH} X_CFLAGS=-mlongcalls X_CXXFLAGS=-mlongcalls /opt/esp/tools/cmake/3.24.0/bin/cmake --build /opt/rosmicropy/components/micro_ros_espidf_component/micro_ros_src/build/microxrcedds_client
[4.487s] Invoking command in '/opt/rosmicropy/components/micro_ros_espidf_component/micro_ros_src/build/microxrcedds_client': CMAKE_PREFIX_PATH=/opt/rosmicropy/components/micro_ros_espidf_component/micro_ros_src/install:${CMAKE_PREFIX_PATH} PATH=/opt/rosmicropy/components/micro_ros_espidf_component/micro_ros_src/install/bin:${PATH} PYTHONPATH=/opt/rosmicropy/components/micro_ros_espidf_component/micro_ros_src/install/lib/python3.8/site-packages:${PYTHONPATH} X_CFLAGS=-mlongcalls X_CXXFLAGS=-mlongcalls /opt/esp/tools/cmake/3.24.0/bin/cmake --install /opt/rosmicropy/components/micro_ros_espidf_component/micro_ros_src/build/microxrcedds_client
[4.500s] -- Install configuration: "Release"
[4.500s] -- Installing: /opt/rosmicropy/components/micro_ros_espidf_component/micro_ros_src/install/lib/libmicroxrcedds_client.a
[4.500s] -- Installing: /opt/rosmicropy/components/micro_ros_espidf_component/micro_ros_src/install/include/uxr/client
[4.501s] -- Installing: /opt/rosmicropy/components/micro_ros_espidf_component/micro_ros_src/install/include/uxr/client/visibility.h
[4.501s] -- Installing: /opt/rosmicropy/components/micro_ros_espidf_component/micro_ros_src/install/include/uxr/client/profile
[4.501s] -- Installing: /opt/rosmicropy/components/micro_ros_espidf_component/micro_ros_src/install/include/uxr/client/profile/discovery
[4.503s] -- Installing: /opt/rosmicropy/components/micro_ros_espidf_component/micro_ros_src/install/include/uxr/client/profile/discovery/discovery.h
[4.503s] -- Installing: /opt/rosmicropy/components/micro_ros_espidf_component/micro_ros_src/install/include/uxr/client/profile/transport
[4.504s] -- Installing: /opt/rosmicropy/components/micro_ros_espidf_component/micro_ros_src/install/include/uxr/client/profile/transport/stream_framing
[4.506s] -- Installing: /opt/rosmicropy/components/micro_ros_espidf_component/micro_ros_src/install/include/uxr/client/profile/transport/stream_framing/stream_framing_protocol.h
[4.506s] -- Installing: /opt/rosmicropy/components/micro_ros_espidf_component/micro_ros_src/install/include/uxr/client/profile/transport/serial
[4.506s] -- Installing: /opt/rosmicropy/components/micro_ros_espidf_component/micro_ros_src/install/include/uxr/client/profile/transport/serial/serial_transport.h
[4.506s] -- Installing: /opt/rosmicropy/components/micro_ros_espidf_component/micro_ros_src/install/include/uxr/client/profile/transport/serial/serial_transport_posix.h
[4.506s] -- Installing: /opt/rosmicropy/components/micro_ros_espidf_component/micro_ros_src/install/include/uxr/client/profile/transport/serial/serial_transport_rtems_bsd_net.h
[4.507s] -- Installing: /opt/rosmicropy/components/micro_ros_espidf_component/micro_ros_src/install/include/uxr/client/profile/transport/serial/serial_transport_platform.h
[4.507s] -- Installing: /opt/rosmicropy/components/micro_ros_espidf_component/micro_ros_src/install/include/uxr/client/profile/transport/can
[4.508s] -- Installing: /opt/rosmicropy/components/micro_ros_espidf_component/micro_ros_src/install/include/uxr/client/profile/transport/can/can_transport.h
[4.508s] -- Installing: /opt/rosmicropy/components/micro_ros_espidf_component/micro_ros_src/install/include/uxr/client/profile/transport/can/can_transport_posix.h
[4.508s] -- Installing: /opt/rosmicropy/components/micro_ros_espidf_component/micro_ros_src/install/include/uxr/client/profile/transport/custom
[4.509s] -- Installing: /opt/rosmicropy/components/micro_ros_espidf_component/micro_ros_src/install/include/uxr/client/profile/transport/custom/custom_transport.h
[4.509s] -- Installing: /opt/rosmicropy/components/micro_ros_espidf_component/micro_ros_src/install/include/uxr/client/profile/transport/ip
[4.509s] -- Installing: /opt/rosmicropy/components/micro_ros_espidf_component/micro_ros_src/install/include/uxr/client/profile/transport/ip/udp
[4.509s] -- Installing: /opt/rosmicropy/components/micro_ros_espidf_component/micro_ros_src/install/include/uxr/client/profile/transport/ip/udp/udp_transport_posix_nopoll.h
[4.510s] -- Installing: /opt/rosmicropy/components/micro_ros_espidf_component/micro_ros_src/install/include/uxr/client/profile/transport/ip/udp/udp_transport_posix.h
[4.510s] -- Installing: /opt/rosmicropy/components/micro_ros_espidf_component/micro_ros_src/install/include/uxr/client/profile/transport/ip/udp/udp_transport_freertos_plus_tcp.h
[4.510s] -- Installing: /opt/rosmicropy/components/micro_ros_espidf_component/micro_ros_src/install/include/uxr/client/profile/transport/ip/udp/udp_transport_rtems_bsd_net.h
[4.511s] -- Installing: /opt/rosmicropy/components/micro_ros_espidf_component/micro_ros_src/install/include/uxr/client/profile/transport/ip/udp/udp_transport_windows.h
[4.511s] -- Installing: /opt/rosmicropy/components/micro_ros_espidf_component/micro_ros_src/install/include/uxr/client/profile/transport/ip/udp/udp_transport.h
[4.511s] -- Installing: /opt/rosmicropy/components/micro_ros_espidf_component/micro_ros_src/install/include/uxr/client/profile/transport/ip/ip.h
[4.511s] -- Installing: /opt/rosmicropy/components/micro_ros_espidf_component/micro_ros_src/install/include/uxr/client/profile/transport/ip/tcp
[4.512s] -- Installing: /opt/rosmicropy/components/micro_ros_espidf_component/micro_ros_src/install/include/uxr/client/profile/transport/ip/tcp/tcp_transport.h
[4.512s] -- Installing: /opt/rosmicropy/components/micro_ros_espidf_component/micro_ros_src/install/include/uxr/client/profile/transport/ip/tcp/tcp_transport_rtems_bsd_net.h
[4.512s] -- Installing: /opt/rosmicropy/components/micro_ros_espidf_component/micro_ros_src/install/include/uxr/client/profile/transport/ip/tcp/tcp_transport_windows.h
[4.513s] -- Installing: /opt/rosmicropy/components/micro_ros_espidf_component/micro_ros_src/install/include/uxr/client/profile/transport/ip/tcp/tcp_transport_posix_nopoll.h
[4.513s] -- Installing: /opt/rosmicropy/components/micro_ros_espidf_component/micro_ros_src/install/include/uxr/client/profile/transport/ip/tcp/tcp_transport_freertos_plus_tcp.h
[4.513s] -- Installing: /opt/rosmicropy/components/micro_ros_espidf_component/micro_ros_src/install/include/uxr/client/profile/transport/ip/tcp/tcp_transport_posix.h
[4.513s] -- Installing: /opt/rosmicropy/components/micro_ros_espidf_component/micro_ros_src/install/include/uxr/client/profile/multithread
[4.514s] -- Installing: /opt/rosmicropy/components/micro_ros_espidf_component/micro_ros_src/install/include/uxr/client/profile/multithread/multithread.h
[4.514s] -- Installing: /opt/rosmicropy/components/micro_ros_espidf_component/micro_ros_src/install/include/uxr/client/defines.h
[4.514s] -- Installing: /opt/rosmicropy/components/micro_ros_espidf_component/micro_ros_src/install/include/uxr/client/util
[4.515s] -- Installing: /opt/rosmicropy/components/micro_ros_espidf_component/micro_ros_src/install/include/uxr/client/util/ping.h
[4.515s] -- Installing: /opt/rosmicropy/components/micro_ros_espidf_component/micro_ros_src/install/include/uxr/client/util/time.h
[4.516s] -- Installing: /opt/rosmicropy/components/micro_ros_espidf_component/micro_ros_src/install/include/uxr/client/client.h
[4.516s] -- Installing: /opt/rosmicropy/components/micro_ros_espidf_component/micro_ros_src/install/include/uxr/client/core
[4.517s] -- Installing: /opt/rosmicropy/components/micro_ros_espidf_component/micro_ros_src/install/include/uxr/client/core/session
[4.517s] -- Installing: /opt/rosmicropy/components/micro_ros_espidf_component/micro_ros_src/install/include/uxr/client/core/session/session.h
[4.518s] -- Installing: /opt/rosmicropy/components/micro_ros_espidf_component/micro_ros_src/install/include/uxr/client/core/session/object_id.h
[4.518s] -- Installing: /opt/rosmicropy/components/micro_ros_espidf_component/micro_ros_src/install/include/uxr/client/core/session/create_entities_bin.h
[4.518s] -- Installing: /opt/rosmicropy/components/micro_ros_espidf_component/micro_ros_src/install/include/uxr/client/core/session/create_entities_ref.h
[4.518s] -- Installing: /opt/rosmicropy/components/micro_ros_espidf_component/micro_ros_src/install/include/uxr/client/core/session/common_create_entities.h
[4.519s] -- Installing: /opt/rosmicropy/components/micro_ros_espidf_component/micro_ros_src/install/include/uxr/client/core/session/session_info.h
[4.519s] -- Installing: /opt/rosmicropy/components/micro_ros_espidf_component/micro_ros_src/install/include/uxr/client/core/session/read_access.h
[4.519s] -- Installing: /opt/rosmicropy/components/micro_ros_espidf_component/micro_ros_src/install/include/uxr/client/core/session/create_entities_xml.h
[4.521s] -- Installing: /opt/rosmicropy/components/micro_ros_espidf_component/micro_ros_src/install/include/uxr/client/core/session/stream
[4.521s] -- Installing: /opt/rosmicropy/components/micro_ros_espidf_component/micro_ros_src/install/include/uxr/client/core/session/stream/output_best_effort_stream.h
[4.521s] -- Installing: /opt/rosmicropy/components/micro_ros_espidf_component/micro_ros_src/install/include/uxr/client/core/session/stream/input_reliable_stream.h
[4.522s] -- Installing: /opt/rosmicropy/components/micro_ros_espidf_component/micro_ros_src/install/include/uxr/client/core/session/stream/stream_id.h
[4.522s] -- Installing: /opt/rosmicropy/components/micro_ros_espidf_component/micro_ros_src/install/include/uxr/client/core/session/stream/reliable_stream.h
[4.522s] -- Installing: /opt/rosmicropy/components/micro_ros_espidf_component/micro_ros_src/install/include/uxr/client/core/session/stream/output_reliable_stream.h
[4.523s] -- Installing: /opt/rosmicropy/components/micro_ros_espidf_component/micro_ros_src/install/include/uxr/client/core/session/stream/input_best_effort_stream.h
[4.523s] -- Installing: /opt/rosmicropy/components/micro_ros_espidf_component/micro_ros_src/install/include/uxr/client/core/session/stream/stream_storage.h
[4.523s] -- Installing: /opt/rosmicropy/components/micro_ros_espidf_component/micro_ros_src/install/include/uxr/client/core/session/stream/seq_num.h
[4.524s] -- Installing: /opt/rosmicropy/components/micro_ros_espidf_component/micro_ros_src/install/include/uxr/client/core/session/time_sync.h
[4.525s] -- Installing: /opt/rosmicropy/components/micro_ros_espidf_component/micro_ros_src/install/include/uxr/client/core/session/write_access.h
[4.525s] -- Installing: /opt/rosmicropy/components/micro_ros_espidf_component/micro_ros_src/install/include/uxr/client/core/communication
[4.526s] -- Installing: /opt/rosmicropy/components/micro_ros_espidf_component/micro_ros_src/install/include/uxr/client/core/communication/communication.h
[4.527s] -- Installing: /opt/rosmicropy/components/micro_ros_espidf_component/micro_ros_src/install/include/uxr/client/core/type
[4.527s] -- Installing: /opt/rosmicropy/components/micro_ros_espidf_component/micro_ros_src/install/include/uxr/client/core/type/xrce_types.h
[4.527s] -- Installing: /opt/rosmicropy/components/micro_ros_espidf_component/micro_ros_src/install/include/uxr/client/transport.h
[4.528s] -- Installing: /opt/rosmicropy/components/micro_ros_espidf_component/micro_ros_src/install/include/uxr/client/config.h
[4.528s] -- Installing: /opt/rosmicropy/components/micro_ros_espidf_component/micro_ros_src/install/share/microxrcedds_client/cmake/microxrcedds_clientTargets.cmake
[4.529s] -- Installing: /opt/rosmicropy/components/micro_ros_espidf_component/micro_ros_src/install/share/microxrcedds_client/cmake/microxrcedds_clientTargets-release.cmake
[4.529s] -- Installing: /opt/rosmicropy/components/micro_ros_espidf_component/micro_ros_src/install/share/microxrcedds_client/cmake/microxrcedds_clientConfig.cmake
[4.530s] -- Installing: /opt/rosmicropy/components/micro_ros_espidf_component/micro_ros_src/install/share/microxrcedds_client/cmake/microxrcedds_clientConfigVersion.cmake
[4.542s] Invoked command in '/opt/rosmicropy/components/micro_ros_espidf_component/micro_ros_src/build/microxrcedds_client' returned '0': CMAKE_PREFIX_PATH=/opt/rosmicropy/components/micro_ros_espidf_component/micro_ros_src/install:${CMAKE_PREFIX_PATH} PATH=/opt/rosmicropy/components/micro_ros_espidf_component/micro_ros_src/install/bin:${PATH} PYTHONPATH=/opt/rosmicropy/components/micro_ros_espidf_component/micro_ros_src/install/lib/python3.8/site-packages:${PYTHONPATH} X_CFLAGS=-mlongcalls X_CXXFLAGS=-mlongcalls /opt/esp/tools/cmake/3.24.0/bin/cmake --install /opt/rosmicropy/components/micro_ros_espidf_component/micro_ros_src/build/microxrcedds_client
