Not searching for unused variables given on the command line.
-- The C compiler identification is GNU 12.2.0
-- The CXX compiler identification is GNU 12.2.0
-- Detecting C compiler ABI info
-- Detecting C compiler ABI info - done
-- Check for working C compiler: /opt/esp/tools/xtensa-esp32s3-elf/esp-12.2.0_20230208/xtensa-esp32s3-elf/bin/xtensa-esp32s3-elf-gcc - skipped
-- Detecting C compile features
-- Detecting C compile features - done
-- Detecting CXX compiler ABI info
-- Detecting CXX compiler ABI info - done
-- Check for working CXX compiler: /opt/esp/tools/xtensa-esp32s3-elf/esp-12.2.0_20230208/xtensa-esp32s3-elf/bin/xtensa-esp32s3-elf-g++ - skipped
-- Detecting CXX compile features
-- Detecting CXX compile features - done
-- Found ament_cmake: 1.3.8 (/opt/rosmicropy/components/micro_ros_espidf_component/micro_ros_dev/install/ament_cmake/share/ament_cmake/cmake)
-- Found Python3: /opt/esp/python_env/idf5.1_py3.8_env/bin/python3 (found version "3.8.10") found components: Interpreter 
-- Found rosidl_default_generators: 1.2.0 (/opt/rosmicropy/components/micro_ros_espidf_component/micro_ros_src/install/share/rosidl_default_generators/cmake)
-- Using all available rosidl_typesupport_c: rosidl_typesupport_introspection_c;rosidl_typesupport_microxrcedds_c
-- Found rosidl_adapter: 3.1.5 (/opt/rosmicropy/components/micro_ros_espidf_component/micro_ros_src/install/share/rosidl_adapter/cmake)
CMake Warning at /opt/rosmicropy/components/micro_ros_espidf_component/micro_ros_src/install/share/rcutils/cmake/ament_cmake_export_libraries-extras.cmake:116 (message):
  Package 'rcutils' exports library 'dl' which couldn't be found
Call Stack (most recent call first):
  /opt/rosmicropy/components/micro_ros_espidf_component/micro_ros_src/install/share/rcutils/cmake/rcutilsConfig.cmake:41 (include)
  /opt/rosmicropy/components/micro_ros_espidf_component/micro_ros_src/install/share/rosidl_runtime_c/cmake/ament_cmake_export_dependencies-extras.cmake:21 (find_package)
  /opt/rosmicropy/components/micro_ros_espidf_component/micro_ros_src/install/share/rosidl_runtime_c/cmake/rosidl_runtime_cConfig.cmake:41 (include)
  /opt/rosmicropy/components/micro_ros_espidf_component/micro_ros_src/install/share/rosidl_typesupport_introspection_c/cmake/ament_cmake_export_dependencies-extras.cmake:21 (find_package)
  /opt/rosmicropy/components/micro_ros_espidf_component/micro_ros_src/install/share/rosidl_typesupport_introspection_c/cmake/rosidl_typesupport_introspection_cConfig.cmake:41 (include)
  /opt/rosmicropy/components/micro_ros_espidf_component/micro_ros_src/install/share/rosidl_typesupport_c/cmake/rosidl_typesupport_c-extras.cmake:13 (find_package)
  /opt/rosmicropy/components/micro_ros_espidf_component/micro_ros_src/install/share/rosidl_typesupport_c/cmake/rosidl_typesupport_cConfig.cmake:41 (include)
  /opt/rosmicropy/components/micro_ros_espidf_component/micro_ros_src/install/share/rosidl_default_generators/cmake/rosidl_default_generators-extras.cmake:21 (find_package)
  /opt/rosmicropy/components/micro_ros_espidf_component/micro_ros_src/install/share/rosidl_default_generators/cmake/rosidl_default_generatorsConfig.cmake:41 (include)
  CMakeLists.txt:14 (find_package)


-- Found sensor_msgs: 4.2.3 (/opt/rosmicropy/components/micro_ros_espidf_component/micro_ros_src/install/share/sensor_msgs/cmake)
-- Found ament_cmake_ros: 0.10.0 (/opt/rosmicropy/components/micro_ros_espidf_component/micro_ros_dev/install/ament_cmake_ros/share/ament_cmake_ros/cmake)
-- Using all available rosidl_typesupport_c: rosidl_typesupport_introspection_c;rosidl_typesupport_microxrcedds_c
-- Configuring done
-- Generating done
-- Build files have been written to: /opt/rosmicropy/components/micro_ros_espidf_component/micro_ros_src/build/stereo_msgs
make[1]: Entering directory '/opt/rosmicropy/components/micro_ros_espidf_component/micro_ros_src/build/stereo_msgs'
make[2]: Entering directory '/opt/rosmicropy/components/micro_ros_espidf_component/micro_ros_src/build/stereo_msgs'
make[3]: Entering directory '/opt/rosmicropy/components/micro_ros_espidf_component/micro_ros_src/build/stereo_msgs'
[  8%] Generating C code for ROS interfaces
make[3]: Leaving directory '/opt/rosmicropy/components/micro_ros_espidf_component/micro_ros_src/build/stereo_msgs'
make[3]: Entering directory '/opt/rosmicropy/components/micro_ros_espidf_component/micro_ros_src/build/stereo_msgs'
[ 16%] Building C object CMakeFiles/stereo_msgs__rosidl_generator_c.dir/rosidl_generator_c/stereo_msgs/msg/detail/disparity_image__functions.c.obj
[ 25%] Linking C static library libstereo_msgs__rosidl_generator_c.a
make[3]: Leaving directory '/opt/rosmicropy/components/micro_ros_espidf_component/micro_ros_src/build/stereo_msgs'
[ 25%] Built target stereo_msgs__rosidl_generator_c
make[3]: Entering directory '/opt/rosmicropy/components/micro_ros_espidf_component/micro_ros_src/build/stereo_msgs'
make[3]: Entering directory '/opt/rosmicropy/components/micro_ros_espidf_component/micro_ros_src/build/stereo_msgs'
[ 33%] Generating C type support for eProsima Micro XRCE-DDS
make[3]: Entering directory '/opt/rosmicropy/components/micro_ros_espidf_component/micro_ros_src/build/stereo_msgs'
[ 41%] Generating C type support dispatch for ROS interfaces
[ 50%] Generating C introspection for ROS interfaces
make[3]: Leaving directory '/opt/rosmicropy/components/micro_ros_espidf_component/micro_ros_src/build/stereo_msgs'
make[3]: Entering directory '/opt/rosmicropy/components/micro_ros_espidf_component/micro_ros_src/build/stereo_msgs'
[ 58%] Building C object CMakeFiles/stereo_msgs__rosidl_typesupport_microxrcedds_c.dir/rosidl_typesupport_microxrcedds_c/stereo_msgs/msg/detail/microxrcedds/disparity_image__type_support_c.c.obj
[ 66%] Linking CXX static library libstereo_msgs__rosidl_typesupport_microxrcedds_c.a
make[3]: Leaving directory '/opt/rosmicropy/components/micro_ros_espidf_component/micro_ros_src/build/stereo_msgs'
[ 66%] Built target stereo_msgs__rosidl_typesupport_microxrcedds_c
make[3]: Leaving directory '/opt/rosmicropy/components/micro_ros_espidf_component/micro_ros_src/build/stereo_msgs'
make[3]: Entering directory '/opt/rosmicropy/components/micro_ros_espidf_component/micro_ros_src/build/stereo_msgs'
[ 75%] Building CXX object CMakeFiles/stereo_msgs__rosidl_typesupport_c.dir/rosidl_typesupport_c/stereo_msgs/msg/disparity_image__type_support.cpp.obj
[ 83%] Linking CXX static library libstereo_msgs__rosidl_typesupport_c.a
make[3]: Leaving directory '/opt/rosmicropy/components/micro_ros_espidf_component/micro_ros_src/build/stereo_msgs'
[ 83%] Built target stereo_msgs__rosidl_typesupport_c
make[3]: Leaving directory '/opt/rosmicropy/components/micro_ros_espidf_component/micro_ros_src/build/stereo_msgs'
make[3]: Entering directory '/opt/rosmicropy/components/micro_ros_espidf_component/micro_ros_src/build/stereo_msgs'
[ 91%] Building C object CMakeFiles/stereo_msgs__rosidl_typesupport_introspection_c.dir/rosidl_typesupport_introspection_c/stereo_msgs/msg/detail/disparity_image__type_support.c.obj
[100%] Linking C static library libstereo_msgs__rosidl_typesupport_introspection_c.a
make[3]: Leaving directory '/opt/rosmicropy/components/micro_ros_espidf_component/micro_ros_src/build/stereo_msgs'
[100%] Built target stereo_msgs__rosidl_typesupport_introspection_c
make[3]: Entering directory '/opt/rosmicropy/components/micro_ros_espidf_component/micro_ros_src/build/stereo_msgs'
make[3]: Leaving directory '/opt/rosmicropy/components/micro_ros_espidf_component/micro_ros_src/build/stereo_msgs'
[100%] Built target stereo_msgs
make[2]: Leaving directory '/opt/rosmicropy/components/micro_ros_espidf_component/micro_ros_src/build/stereo_msgs'
make[1]: Leaving directory '/opt/rosmicropy/components/micro_ros_espidf_component/micro_ros_src/build/stereo_msgs'
-- Install configuration: "Release"
-- Installing: /opt/rosmicropy/components/micro_ros_espidf_component/micro_ros_src/install/share/ament_index/resource_index/rosidl_interfaces/stereo_msgs
-- Installing: /opt/rosmicropy/components/micro_ros_espidf_component/micro_ros_src/install/include/stereo_msgs/stereo_msgs
-- Installing: /opt/rosmicropy/components/micro_ros_espidf_component/micro_ros_src/install/include/stereo_msgs/stereo_msgs/msg
-- Installing: /opt/rosmicropy/components/micro_ros_espidf_component/micro_ros_src/install/include/stereo_msgs/stereo_msgs/msg/disparity_image.h
-- Installing: /opt/rosmicropy/components/micro_ros_espidf_component/micro_ros_src/install/include/stereo_msgs/stereo_msgs/msg/rosidl_generator_c__visibility_control.h
-- Installing: /opt/rosmicropy/components/micro_ros_espidf_component/micro_ros_src/install/include/stereo_msgs/stereo_msgs/msg/detail
-- Installing: /opt/rosmicropy/components/micro_ros_espidf_component/micro_ros_src/install/include/stereo_msgs/stereo_msgs/msg/detail/disparity_image__type_support.h
-- Installing: /opt/rosmicropy/components/micro_ros_espidf_component/micro_ros_src/install/include/stereo_msgs/stereo_msgs/msg/detail/disparity_image__struct.h
-- Installing: /opt/rosmicropy/components/micro_ros_espidf_component/micro_ros_src/install/include/stereo_msgs/stereo_msgs/msg/detail/disparity_image__functions.h
-- Installing: /opt/rosmicropy/components/micro_ros_espidf_component/micro_ros_src/install/include/stereo_msgs/stereo_msgs/msg/detail/disparity_image__functions.c
-- Installing: /opt/rosmicropy/components/micro_ros_espidf_component/micro_ros_src/install/share/stereo_msgs/environment/library_path.sh
-- Installing: /opt/rosmicropy/components/micro_ros_espidf_component/micro_ros_src/install/share/stereo_msgs/environment/library_path.dsv
-- Installing: /opt/rosmicropy/components/micro_ros_espidf_component/micro_ros_src/install/lib/libstereo_msgs__rosidl_generator_c.a
-- Up-to-date: /opt/rosmicropy/components/micro_ros_espidf_component/micro_ros_src/install/include/stereo_msgs/stereo_msgs
-- Up-to-date: /opt/rosmicropy/components/micro_ros_espidf_component/micro_ros_src/install/include/stereo_msgs/stereo_msgs/msg
-- Installing: /opt/rosmicropy/components/micro_ros_espidf_component/micro_ros_src/install/include/stereo_msgs/stereo_msgs/msg/rosidl_typesupport_introspection_c__visibility_control.h
-- Up-to-date: /opt/rosmicropy/components/micro_ros_espidf_component/micro_ros_src/install/include/stereo_msgs/stereo_msgs/msg/detail
-- Installing: /opt/rosmicropy/components/micro_ros_espidf_component/micro_ros_src/install/include/stereo_msgs/stereo_msgs/msg/detail/disparity_image__type_support.c
-- Installing: /opt/rosmicropy/components/micro_ros_espidf_component/micro_ros_src/install/include/stereo_msgs/stereo_msgs/msg/detail/disparity_image__rosidl_typesupport_introspection_c.h
-- Installing: /opt/rosmicropy/components/micro_ros_espidf_component/micro_ros_src/install/lib/libstereo_msgs__rosidl_typesupport_introspection_c.a
-- Up-to-date: /opt/rosmicropy/components/micro_ros_espidf_component/micro_ros_src/install/include/stereo_msgs
-- Installing: /opt/rosmicropy/components/micro_ros_espidf_component/micro_ros_src/install/include/stereo_msgs/msg
-- Installing: /opt/rosmicropy/components/micro_ros_espidf_component/micro_ros_src/install/include/stereo_msgs/msg/rosidl_typesupport_microxrcedds_c__visibility_control.h
-- Installing: /opt/rosmicropy/components/micro_ros_espidf_component/micro_ros_src/install/include/stereo_msgs/msg/detail
-- Installing: /opt/rosmicropy/components/micro_ros_espidf_component/micro_ros_src/install/include/stereo_msgs/msg/detail/disparity_image__rosidl_typesupport_microxrcedds_c.h
-- Installing: /opt/rosmicropy/components/micro_ros_espidf_component/micro_ros_src/install/include/stereo_msgs/msg/detail/microxrcedds
-- Installing: /opt/rosmicropy/components/micro_ros_espidf_component/micro_ros_src/install/lib/libstereo_msgs__rosidl_typesupport_microxrcedds_c.a
-- Installing: /opt/rosmicropy/components/micro_ros_espidf_component/micro_ros_src/install/lib/libstereo_msgs__rosidl_typesupport_c.a
-- Installing: /opt/rosmicropy/components/micro_ros_espidf_component/micro_ros_src/install/share/stereo_msgs/msg/DisparityImage.idl
-- Installing: /opt/rosmicropy/components/micro_ros_espidf_component/micro_ros_src/install/share/stereo_msgs/msg/DisparityImage.msg
-- Installing: /opt/rosmicropy/components/micro_ros_espidf_component/micro_ros_src/install/share/ament_index/resource_index/package_run_dependencies/stereo_msgs
-- Installing: /opt/rosmicropy/components/micro_ros_espidf_component/micro_ros_src/install/share/ament_index/resource_index/parent_prefix_path/stereo_msgs
-- Installing: /opt/rosmicropy/components/micro_ros_espidf_component/micro_ros_src/install/share/stereo_msgs/environment/ament_prefix_path.sh
-- Installing: /opt/rosmicropy/components/micro_ros_espidf_component/micro_ros_src/install/share/stereo_msgs/environment/ament_prefix_path.dsv
-- Installing: /opt/rosmicropy/components/micro_ros_espidf_component/micro_ros_src/install/share/stereo_msgs/environment/path.sh
-- Installing: /opt/rosmicropy/components/micro_ros_espidf_component/micro_ros_src/install/share/stereo_msgs/environment/path.dsv
-- Installing: /opt/rosmicropy/components/micro_ros_espidf_component/micro_ros_src/install/share/stereo_msgs/local_setup.bash
-- Installing: /opt/rosmicropy/components/micro_ros_espidf_component/micro_ros_src/install/share/stereo_msgs/local_setup.sh
-- Installing: /opt/rosmicropy/components/micro_ros_espidf_component/micro_ros_src/install/share/stereo_msgs/local_setup.zsh
-- Installing: /opt/rosmicropy/components/micro_ros_espidf_component/micro_ros_src/install/share/stereo_msgs/local_setup.dsv
-- Installing: /opt/rosmicropy/components/micro_ros_espidf_component/micro_ros_src/install/share/stereo_msgs/package.dsv
-- Installing: /opt/rosmicropy/components/micro_ros_espidf_component/micro_ros_src/install/share/ament_index/resource_index/packages/stereo_msgs
-- Installing: /opt/rosmicropy/components/micro_ros_espidf_component/micro_ros_src/install/share/stereo_msgs/cmake/export_stereo_msgs__rosidl_generator_cExport.cmake
-- Installing: /opt/rosmicropy/components/micro_ros_espidf_component/micro_ros_src/install/share/stereo_msgs/cmake/export_stereo_msgs__rosidl_generator_cExport-release.cmake
-- Installing: /opt/rosmicropy/components/micro_ros_espidf_component/micro_ros_src/install/share/stereo_msgs/cmake/stereo_msgs__rosidl_typesupport_introspection_cExport.cmake
-- Installing: /opt/rosmicropy/components/micro_ros_espidf_component/micro_ros_src/install/share/stereo_msgs/cmake/stereo_msgs__rosidl_typesupport_introspection_cExport-release.cmake
-- Installing: /opt/rosmicropy/components/micro_ros_espidf_component/micro_ros_src/install/share/stereo_msgs/cmake/stereo_msgs__rosidl_typesupport_cExport.cmake
-- Installing: /opt/rosmicropy/components/micro_ros_espidf_component/micro_ros_src/install/share/stereo_msgs/cmake/stereo_msgs__rosidl_typesupport_cExport-release.cmake
-- Installing: /opt/rosmicropy/components/micro_ros_espidf_component/micro_ros_src/install/share/stereo_msgs/cmake/rosidl_cmake-extras.cmake
-- Installing: /opt/rosmicropy/components/micro_ros_espidf_component/micro_ros_src/install/share/stereo_msgs/cmake/ament_cmake_export_dependencies-extras.cmake
-- Installing: /opt/rosmicropy/components/micro_ros_espidf_component/micro_ros_src/install/share/stereo_msgs/cmake/ament_cmake_export_include_directories-extras.cmake
-- Installing: /opt/rosmicropy/components/micro_ros_espidf_component/micro_ros_src/install/share/stereo_msgs/cmake/ament_cmake_export_libraries-extras.cmake
-- Installing: /opt/rosmicropy/components/micro_ros_espidf_component/micro_ros_src/install/share/stereo_msgs/cmake/ament_cmake_export_targets-extras.cmake
-- Installing: /opt/rosmicropy/components/micro_ros_espidf_component/micro_ros_src/install/share/stereo_msgs/cmake/rosidl_cmake_export_typesupport_targets-extras.cmake
-- Installing: /opt/rosmicropy/components/micro_ros_espidf_component/micro_ros_src/install/share/stereo_msgs/cmake/rosidl_cmake_export_typesupport_libraries-extras.cmake
-- Installing: /opt/rosmicropy/components/micro_ros_espidf_component/micro_ros_src/install/share/stereo_msgs/cmake/stereo_msgsConfig.cmake
-- Installing: /opt/rosmicropy/components/micro_ros_espidf_component/micro_ros_src/install/share/stereo_msgs/cmake/stereo_msgsConfig-version.cmake
-- Installing: /opt/rosmicropy/components/micro_ros_espidf_component/micro_ros_src/install/share/stereo_msgs/package.xml
