[0.910s] Invoking command in '/opt/rosmicropy/components/micro_ros_espidf_component/micro_ros_src/src/common_interfaces/sensor_msgs_py': AMENT_PREFIX_PATH=/opt/rosmicropy/components/micro_ros_espidf_component/micro_ros_src/install:${AMENT_PREFIX_PATH} CMAKE_PREFIX_PATH=/opt/rosmicropy/components/micro_ros_espidf_component/micro_ros_src/install:${CMAKE_PREFIX_PATH} LD_LIBRARY_PATH=/opt/rosmicropy/components/micro_ros_espidf_component/micro_ros_src/install/lib:${LD_LIBRARY_PATH} PATH=/opt/rosmicropy/components/micro_ros_espidf_component/micro_ros_src/install/bin:${PATH} PYTHONPATH=/opt/rosmicropy/components/micro_ros_espidf_component/micro_ros_src/build/sensor_msgs_py/prefix_override:/opt/rosmicropy/components/micro_ros_espidf_component/micro_ros_src/install/lib/python3.8/site-packages:/opt/rosmicropy/components/micro_ros_espidf_component/micro_ros_src/install/lib/python3.8/site-packages:${PYTHONPATH} X_CFLAGS=-mlongcalls X_CXXFLAGS=-mlongcalls /opt/esp/python_env/idf5.1_py3.8_env/bin/python setup.py egg_info --egg-base ../../../build/sensor_msgs_py build --build-base /opt/rosmicropy/components/micro_ros_espidf_component/micro_ros_src/build/sensor_msgs_py/build install --record /opt/rosmicropy/components/micro_ros_espidf_component/micro_ros_src/build/sensor_msgs_py/install.log --single-version-externally-managed
[1.046s] running egg_info
[1.047s] creating ../../../build/sensor_msgs_py/sensor_msgs_py.egg-info
[1.051s] writing ../../../build/sensor_msgs_py/sensor_msgs_py.egg-info/PKG-INFO
[1.052s] writing dependency_links to ../../../build/sensor_msgs_py/sensor_msgs_py.egg-info/dependency_links.txt
[1.052s] writing requirements to ../../../build/sensor_msgs_py/sensor_msgs_py.egg-info/requires.txt
[1.052s] writing top-level names to ../../../build/sensor_msgs_py/sensor_msgs_py.egg-info/top_level.txt
[1.052s] writing manifest file '../../../build/sensor_msgs_py/sensor_msgs_py.egg-info/SOURCES.txt'
[1.063s] reading manifest file '../../../build/sensor_msgs_py/sensor_msgs_py.egg-info/SOURCES.txt'
[1.063s] adding license file 'LICENSE'
[1.064s] writing manifest file '../../../build/sensor_msgs_py/sensor_msgs_py.egg-info/SOURCES.txt'
[1.064s] running build
[1.064s] running build_py
[1.065s] creating /opt/rosmicropy/components/micro_ros_espidf_component/micro_ros_src/build/sensor_msgs_py/build
[1.065s] creating /opt/rosmicropy/components/micro_ros_espidf_component/micro_ros_src/build/sensor_msgs_py/build/lib
[1.065s] creating /opt/rosmicropy/components/micro_ros_espidf_component/micro_ros_src/build/sensor_msgs_py/build/lib/sensor_msgs_py
[1.065s] copying sensor_msgs_py/numpy_compat.py -> /opt/rosmicropy/components/micro_ros_espidf_component/micro_ros_src/build/sensor_msgs_py/build/lib/sensor_msgs_py
[1.065s] copying sensor_msgs_py/__init__.py -> /opt/rosmicropy/components/micro_ros_espidf_component/micro_ros_src/build/sensor_msgs_py/build/lib/sensor_msgs_py
[1.065s] copying sensor_msgs_py/point_cloud2.py -> /opt/rosmicropy/components/micro_ros_espidf_component/micro_ros_src/build/sensor_msgs_py/build/lib/sensor_msgs_py
[1.065s] running install
[1.069s] running install_lib
[1.075s] creating /opt/rosmicropy/components/micro_ros_espidf_component/micro_ros_src/install/lib/python3.8/site-packages/sensor_msgs_py
[1.075s] copying /opt/rosmicropy/components/micro_ros_espidf_component/micro_ros_src/build/sensor_msgs_py/build/lib/sensor_msgs_py/numpy_compat.py -> /opt/rosmicropy/components/micro_ros_espidf_component/micro_ros_src/install/lib/python3.8/site-packages/sensor_msgs_py
[1.075s] copying /opt/rosmicropy/components/micro_ros_espidf_component/micro_ros_src/build/sensor_msgs_py/build/lib/sensor_msgs_py/__init__.py -> /opt/rosmicropy/components/micro_ros_espidf_component/micro_ros_src/install/lib/python3.8/site-packages/sensor_msgs_py
[1.075s] copying /opt/rosmicropy/components/micro_ros_espidf_component/micro_ros_src/build/sensor_msgs_py/build/lib/sensor_msgs_py/point_cloud2.py -> /opt/rosmicropy/components/micro_ros_espidf_component/micro_ros_src/install/lib/python3.8/site-packages/sensor_msgs_py
[1.075s] byte-compiling /opt/rosmicropy/components/micro_ros_espidf_component/micro_ros_src/install/lib/python3.8/site-packages/sensor_msgs_py/numpy_compat.py to numpy_compat.cpython-38.pyc
[1.076s] byte-compiling /opt/rosmicropy/components/micro_ros_espidf_component/micro_ros_src/install/lib/python3.8/site-packages/sensor_msgs_py/__init__.py to __init__.cpython-38.pyc
[1.076s] byte-compiling /opt/rosmicropy/components/micro_ros_espidf_component/micro_ros_src/install/lib/python3.8/site-packages/sensor_msgs_py/point_cloud2.py to point_cloud2.cpython-38.pyc
[1.077s] running install_data
[1.083s] copying resource/sensor_msgs_py -> /opt/rosmicropy/components/micro_ros_espidf_component/micro_ros_src/install/share/ament_index/resource_index/packages
[1.083s] copying package.xml -> /opt/rosmicropy/components/micro_ros_espidf_component/micro_ros_src/install/share/sensor_msgs_py
[1.083s] running install_egg_info
[1.089s] Copying ../../../build/sensor_msgs_py/sensor_msgs_py.egg-info to /opt/rosmicropy/components/micro_ros_espidf_component/micro_ros_src/install/lib/python3.8/site-packages/sensor_msgs_py-4.2.3-py3.8.egg-info
[1.089s] running install_scripts
[1.171s] writing list of installed files to '/opt/rosmicropy/components/micro_ros_espidf_component/micro_ros_src/build/sensor_msgs_py/install.log'
[1.171s] /opt/esp/python_env/idf5.1_py3.8_env/lib/python3.8/site-packages/setuptools/_distutils/cmd.py:66: SetuptoolsDeprecationWarning: setup.py install is deprecated.
[1.171s] !!
[1.171s] 
[1.172s]         ********************************************************************************
[1.172s]         Please avoid running ``setup.py`` directly.
[1.172s]         Instead, use pypa/build, pypa/installer or other
[1.172s]         standards-based tools.
[1.172s] 
[1.172s]         See https://blog.ganssle.io/articles/2021/10/setup-py-deprecated.html for details.
[1.172s]         ********************************************************************************
[1.172s] 
[1.172s] !!
[1.172s]   self.initialize_options()
[1.206s] Invoked command in '/opt/rosmicropy/components/micro_ros_espidf_component/micro_ros_src/src/common_interfaces/sensor_msgs_py' returned '0': AMENT_PREFIX_PATH=/opt/rosmicropy/components/micro_ros_espidf_component/micro_ros_src/install:${AMENT_PREFIX_PATH} CMAKE_PREFIX_PATH=/opt/rosmicropy/components/micro_ros_espidf_component/micro_ros_src/install:${CMAKE_PREFIX_PATH} LD_LIBRARY_PATH=/opt/rosmicropy/components/micro_ros_espidf_component/micro_ros_src/install/lib:${LD_LIBRARY_PATH} PATH=/opt/rosmicropy/components/micro_ros_espidf_component/micro_ros_src/install/bin:${PATH} PYTHONPATH=/opt/rosmicropy/components/micro_ros_espidf_component/micro_ros_src/build/sensor_msgs_py/prefix_override:/opt/rosmicropy/components/micro_ros_espidf_component/micro_ros_src/install/lib/python3.8/site-packages:/opt/rosmicropy/components/micro_ros_espidf_component/micro_ros_src/install/lib/python3.8/site-packages:${PYTHONPATH} X_CFLAGS=-mlongcalls X_CXXFLAGS=-mlongcalls /opt/esp/python_env/idf5.1_py3.8_env/bin/python setup.py egg_info --egg-base ../../../build/sensor_msgs_py build --build-base /opt/rosmicropy/components/micro_ros_espidf_component/micro_ros_src/build/sensor_msgs_py/build install --record /opt/rosmicropy/components/micro_ros_espidf_component/micro_ros_src/build/sensor_msgs_py/install.log --single-version-externally-managed
