Not searching for unused variables given on the command line.
-- The C compiler identification is GNU 12.2.0
-- The CXX compiler identification is GNU 12.2.0
-- Detecting C compiler ABI info
-- Detecting C compiler ABI info - done
-- Check for working C compiler: /opt/esp/tools/xtensa-esp32s3-elf/esp-12.2.0_20230208/xtensa-esp32s3-elf/bin/xtensa-esp32s3-elf-gcc - skipped
-- Detecting C compile features
-- Detecting C compile features - done
-- Detecting CXX compiler ABI info
-- Detecting CXX compiler ABI info - done
-- Check for working CXX compiler: /opt/esp/tools/xtensa-esp32s3-elf/esp-12.2.0_20230208/xtensa-esp32s3-elf/bin/xtensa-esp32s3-elf-g++ - skipped
-- Detecting CXX compile features
-- Detecting CXX compile features - done
-- Found ament_cmake: 1.3.8 (/opt/rosmicropy/components/micro_ros_espidf_component/micro_ros_dev/install/ament_cmake/share/ament_cmake/cmake)
-- Found Python3: /opt/esp/python_env/idf5.1_py3.8_env/bin/python3 (found version "3.8.10") found components: Interpreter 
-- Found builtin_interfaces: 1.2.1 (/opt/rosmicropy/components/micro_ros_espidf_component/micro_ros_src/install/share/builtin_interfaces/cmake)
CMake Warning at /opt/rosmicropy/components/micro_ros_espidf_component/micro_ros_src/install/share/rcutils/cmake/ament_cmake_export_libraries-extras.cmake:116 (message):
  Package 'rcutils' exports library 'dl' which couldn't be found
Call Stack (most recent call first):
  /opt/rosmicropy/components/micro_ros_espidf_component/micro_ros_src/install/share/rcutils/cmake/rcutilsConfig.cmake:41 (include)
  /opt/rosmicropy/components/micro_ros_espidf_component/micro_ros_src/install/share/rosidl_runtime_c/cmake/ament_cmake_export_dependencies-extras.cmake:21 (find_package)
  /opt/rosmicropy/components/micro_ros_espidf_component/micro_ros_src/install/share/rosidl_runtime_c/cmake/rosidl_runtime_cConfig.cmake:41 (include)
  /opt/rosmicropy/components/micro_ros_espidf_component/micro_ros_src/install/share/builtin_interfaces/cmake/ament_cmake_export_dependencies-extras.cmake:21 (find_package)
  /opt/rosmicropy/components/micro_ros_espidf_component/micro_ros_src/install/share/builtin_interfaces/cmake/builtin_interfacesConfig.cmake:41 (include)
  CMakeLists.txt:14 (find_package)


-- Using all available rosidl_typesupport_c: rosidl_typesupport_introspection_c;rosidl_typesupport_microxrcedds_c
-- Found rosidl_adapter: 3.1.5 (/opt/rosmicropy/components/micro_ros_espidf_component/micro_ros_src/install/share/rosidl_adapter/cmake)
-- Found geometry_msgs: 4.2.3 (/opt/rosmicropy/components/micro_ros_espidf_component/micro_ros_src/install/share/geometry_msgs/cmake)
-- Found rosidl_default_generators: 1.2.0 (/opt/rosmicropy/components/micro_ros_espidf_component/micro_ros_src/install/share/rosidl_default_generators/cmake)
-- Found sensor_msgs: 4.2.3 (/opt/rosmicropy/components/micro_ros_espidf_component/micro_ros_src/install/share/sensor_msgs/cmake)
-- Found ament_cmake_ros: 0.10.0 (/opt/rosmicropy/components/micro_ros_espidf_component/micro_ros_dev/install/ament_cmake_ros/share/ament_cmake_ros/cmake)
-- Using all available rosidl_typesupport_c: rosidl_typesupport_introspection_c;rosidl_typesupport_microxrcedds_c
-- Configuring done
-- Generating done
-- Build files have been written to: /opt/rosmicropy/components/micro_ros_espidf_component/micro_ros_src/build/visualization_msgs
make[1]: Entering directory '/opt/rosmicropy/components/micro_ros_espidf_component/micro_ros_src/build/visualization_msgs'
make[2]: Entering directory '/opt/rosmicropy/components/micro_ros_espidf_component/micro_ros_src/build/visualization_msgs'
make[3]: Entering directory '/opt/rosmicropy/components/micro_ros_espidf_component/micro_ros_src/build/visualization_msgs'
[  1%] Generating C code for ROS interfaces
make[3]: Leaving directory '/opt/rosmicropy/components/micro_ros_espidf_component/micro_ros_src/build/visualization_msgs'
make[3]: Entering directory '/opt/rosmicropy/components/micro_ros_espidf_component/micro_ros_src/build/visualization_msgs'
[  3%] Building C object CMakeFiles/visualization_msgs__rosidl_generator_c.dir/rosidl_generator_c/visualization_msgs/msg/detail/image_marker__functions.c.obj
[  5%] Building C object CMakeFiles/visualization_msgs__rosidl_generator_c.dir/rosidl_generator_c/visualization_msgs/msg/detail/interactive_marker__functions.c.obj
[  6%] Building C object CMakeFiles/visualization_msgs__rosidl_generator_c.dir/rosidl_generator_c/visualization_msgs/msg/detail/interactive_marker_control__functions.c.obj
[  8%] Building C object CMakeFiles/visualization_msgs__rosidl_generator_c.dir/rosidl_generator_c/visualization_msgs/msg/detail/interactive_marker_feedback__functions.c.obj
[ 11%] Building C object CMakeFiles/visualization_msgs__rosidl_generator_c.dir/rosidl_generator_c/visualization_msgs/msg/detail/marker__functions.c.obj
[ 13%] Building C object CMakeFiles/visualization_msgs__rosidl_generator_c.dir/rosidl_generator_c/visualization_msgs/msg/detail/interactive_marker_init__functions.c.obj
[ 13%] Building C object CMakeFiles/visualization_msgs__rosidl_generator_c.dir/rosidl_generator_c/visualization_msgs/msg/detail/interactive_marker_update__functions.c.obj
[ 15%] Building C object CMakeFiles/visualization_msgs__rosidl_generator_c.dir/rosidl_generator_c/visualization_msgs/msg/detail/interactive_marker_pose__functions.c.obj
[ 16%] Building C object CMakeFiles/visualization_msgs__rosidl_generator_c.dir/rosidl_generator_c/visualization_msgs/msg/detail/marker_array__functions.c.obj
[ 18%] Building C object CMakeFiles/visualization_msgs__rosidl_generator_c.dir/rosidl_generator_c/visualization_msgs/msg/detail/menu_entry__functions.c.obj
[ 20%] Building C object CMakeFiles/visualization_msgs__rosidl_generator_c.dir/rosidl_generator_c/visualization_msgs/msg/detail/mesh_file__functions.c.obj
[ 21%] Building C object CMakeFiles/visualization_msgs__rosidl_generator_c.dir/rosidl_generator_c/visualization_msgs/msg/detail/uv_coordinate__functions.c.obj
[ 23%] Building C object CMakeFiles/visualization_msgs__rosidl_generator_c.dir/rosidl_generator_c/visualization_msgs/srv/detail/get_interactive_markers__functions.c.obj
[ 25%] Linking C static library libvisualization_msgs__rosidl_generator_c.a
make[3]: Leaving directory '/opt/rosmicropy/components/micro_ros_espidf_component/micro_ros_src/build/visualization_msgs'
[ 25%] Built target visualization_msgs__rosidl_generator_c
make[3]: Entering directory '/opt/rosmicropy/components/micro_ros_espidf_component/micro_ros_src/build/visualization_msgs'
make[3]: Entering directory '/opt/rosmicropy/components/micro_ros_espidf_component/micro_ros_src/build/visualization_msgs'
make[3]: Entering directory '/opt/rosmicropy/components/micro_ros_espidf_component/micro_ros_src/build/visualization_msgs'
[ 26%] Generating C type support for eProsima Micro XRCE-DDS
[ 28%] Generating C type support dispatch for ROS interfaces
[ 30%] Generating C introspection for ROS interfaces
make[3]: Leaving directory '/opt/rosmicropy/components/micro_ros_espidf_component/micro_ros_src/build/visualization_msgs'
make[3]: Entering directory '/opt/rosmicropy/components/micro_ros_espidf_component/micro_ros_src/build/visualization_msgs'
[ 31%] Building CXX object CMakeFiles/visualization_msgs__rosidl_typesupport_c.dir/rosidl_typesupport_c/visualization_msgs/msg/image_marker__type_support.cpp.obj
[ 33%] Building CXX object CMakeFiles/visualization_msgs__rosidl_typesupport_c.dir/rosidl_typesupport_c/visualization_msgs/msg/interactive_marker__type_support.cpp.obj
[ 35%] Building CXX object CMakeFiles/visualization_msgs__rosidl_typesupport_c.dir/rosidl_typesupport_c/visualization_msgs/msg/interactive_marker_control__type_support.cpp.obj
[ 36%] Building CXX object CMakeFiles/visualization_msgs__rosidl_typesupport_c.dir/rosidl_typesupport_c/visualization_msgs/msg/interactive_marker_feedback__type_support.cpp.obj
[ 38%] Building CXX object CMakeFiles/visualization_msgs__rosidl_typesupport_c.dir/rosidl_typesupport_c/visualization_msgs/msg/interactive_marker_init__type_support.cpp.obj
[ 40%] Building CXX object CMakeFiles/visualization_msgs__rosidl_typesupport_c.dir/rosidl_typesupport_c/visualization_msgs/msg/interactive_marker_pose__type_support.cpp.obj
[ 41%] Building CXX object CMakeFiles/visualization_msgs__rosidl_typesupport_c.dir/rosidl_typesupport_c/visualization_msgs/msg/interactive_marker_update__type_support.cpp.obj
[ 43%] Building CXX object CMakeFiles/visualization_msgs__rosidl_typesupport_c.dir/rosidl_typesupport_c/visualization_msgs/msg/marker__type_support.cpp.obj
[ 45%] Building CXX object CMakeFiles/visualization_msgs__rosidl_typesupport_c.dir/rosidl_typesupport_c/visualization_msgs/msg/marker_array__type_support.cpp.obj
[ 46%] Building CXX object CMakeFiles/visualization_msgs__rosidl_typesupport_c.dir/rosidl_typesupport_c/visualization_msgs/msg/mesh_file__type_support.cpp.obj
[ 48%] Building CXX object CMakeFiles/visualization_msgs__rosidl_typesupport_c.dir/rosidl_typesupport_c/visualization_msgs/msg/menu_entry__type_support.cpp.obj
[ 50%] Building CXX object CMakeFiles/visualization_msgs__rosidl_typesupport_c.dir/rosidl_typesupport_c/visualization_msgs/msg/uv_coordinate__type_support.cpp.obj
[ 51%] Building CXX object CMakeFiles/visualization_msgs__rosidl_typesupport_c.dir/rosidl_typesupport_c/visualization_msgs/srv/get_interactive_markers__type_support.cpp.obj
[ 53%] Linking CXX static library libvisualization_msgs__rosidl_typesupport_c.a
make[3]: Leaving directory '/opt/rosmicropy/components/micro_ros_espidf_component/micro_ros_src/build/visualization_msgs'
[ 53%] Built target visualization_msgs__rosidl_typesupport_c
make[3]: Leaving directory '/opt/rosmicropy/components/micro_ros_espidf_component/micro_ros_src/build/visualization_msgs'
make[3]: Entering directory '/opt/rosmicropy/components/micro_ros_espidf_component/micro_ros_src/build/visualization_msgs'
[ 55%] Building C object CMakeFiles/visualization_msgs__rosidl_typesupport_microxrcedds_c.dir/rosidl_typesupport_microxrcedds_c/visualization_msgs/msg/detail/microxrcedds/image_marker__type_support_c.c.obj
[ 56%] Building C object CMakeFiles/visualization_msgs__rosidl_typesupport_microxrcedds_c.dir/rosidl_typesupport_microxrcedds_c/visualization_msgs/msg/detail/microxrcedds/interactive_marker__type_support_c.c.obj
[ 58%] Building C object CMakeFiles/visualization_msgs__rosidl_typesupport_microxrcedds_c.dir/rosidl_typesupport_microxrcedds_c/visualization_msgs/msg/detail/microxrcedds/interactive_marker_control__type_support_c.c.obj
[ 60%] Building C object CMakeFiles/visualization_msgs__rosidl_typesupport_microxrcedds_c.dir/rosidl_typesupport_microxrcedds_c/visualization_msgs/msg/detail/microxrcedds/interactive_marker_feedback__type_support_c.c.obj
[ 61%] Building C object CMakeFiles/visualization_msgs__rosidl_typesupport_microxrcedds_c.dir/rosidl_typesupport_microxrcedds_c/visualization_msgs/msg/detail/microxrcedds/interactive_marker_pose__type_support_c.c.obj
[ 63%] Building C object CMakeFiles/visualization_msgs__rosidl_typesupport_microxrcedds_c.dir/rosidl_typesupport_microxrcedds_c/visualization_msgs/msg/detail/microxrcedds/interactive_marker_init__type_support_c.c.obj
[ 65%] Building C object CMakeFiles/visualization_msgs__rosidl_typesupport_microxrcedds_c.dir/rosidl_typesupport_microxrcedds_c/visualization_msgs/msg/detail/microxrcedds/marker__type_support_c.c.obj
[ 66%] Building C object CMakeFiles/visualization_msgs__rosidl_typesupport_microxrcedds_c.dir/rosidl_typesupport_microxrcedds_c/visualization_msgs/msg/detail/microxrcedds/interactive_marker_update__type_support_c.c.obj
[ 68%] Building C object CMakeFiles/visualization_msgs__rosidl_typesupport_microxrcedds_c.dir/rosidl_typesupport_microxrcedds_c/visualization_msgs/msg/detail/microxrcedds/marker_array__type_support_c.c.obj
[ 70%] Building C object CMakeFiles/visualization_msgs__rosidl_typesupport_microxrcedds_c.dir/rosidl_typesupport_microxrcedds_c/visualization_msgs/msg/detail/microxrcedds/menu_entry__type_support_c.c.obj
[ 71%] Building C object CMakeFiles/visualization_msgs__rosidl_typesupport_microxrcedds_c.dir/rosidl_typesupport_microxrcedds_c/visualization_msgs/msg/detail/microxrcedds/mesh_file__type_support_c.c.obj
[ 73%] Building C object CMakeFiles/visualization_msgs__rosidl_typesupport_microxrcedds_c.dir/rosidl_typesupport_microxrcedds_c/visualization_msgs/msg/detail/microxrcedds/uv_coordinate__type_support_c.c.obj
[ 75%] Building C object CMakeFiles/visualization_msgs__rosidl_typesupport_microxrcedds_c.dir/rosidl_typesupport_microxrcedds_c/visualization_msgs/srv/detail/microxrcedds/get_interactive_markers__type_support_c.c.obj
[ 76%] Linking CXX static library libvisualization_msgs__rosidl_typesupport_microxrcedds_c.a
make[3]: Leaving directory '/opt/rosmicropy/components/micro_ros_espidf_component/micro_ros_src/build/visualization_msgs'
[ 76%] Built target visualization_msgs__rosidl_typesupport_microxrcedds_c
make[3]: Leaving directory '/opt/rosmicropy/components/micro_ros_espidf_component/micro_ros_src/build/visualization_msgs'
make[3]: Entering directory '/opt/rosmicropy/components/micro_ros_espidf_component/micro_ros_src/build/visualization_msgs'
[ 80%] Building C object CMakeFiles/visualization_msgs__rosidl_typesupport_introspection_c.dir/rosidl_typesupport_introspection_c/visualization_msgs/msg/detail/interactive_marker_control__type_support.c.obj
[ 80%] Building C object CMakeFiles/visualization_msgs__rosidl_typesupport_introspection_c.dir/rosidl_typesupport_introspection_c/visualization_msgs/msg/detail/image_marker__type_support.c.obj
[ 83%] Building C object CMakeFiles/visualization_msgs__rosidl_typesupport_introspection_c.dir/rosidl_typesupport_introspection_c/visualization_msgs/msg/detail/interactive_marker__type_support.c.obj
[ 83%] Building C object CMakeFiles/visualization_msgs__rosidl_typesupport_introspection_c.dir/rosidl_typesupport_introspection_c/visualization_msgs/msg/detail/interactive_marker_feedback__type_support.c.obj
[ 86%] Building C object CMakeFiles/visualization_msgs__rosidl_typesupport_introspection_c.dir/rosidl_typesupport_introspection_c/visualization_msgs/msg/detail/interactive_marker_init__type_support.c.obj
[ 86%] Building C object CMakeFiles/visualization_msgs__rosidl_typesupport_introspection_c.dir/rosidl_typesupport_introspection_c/visualization_msgs/msg/detail/interactive_marker_pose__type_support.c.obj
[ 88%] Building C object CMakeFiles/visualization_msgs__rosidl_typesupport_introspection_c.dir/rosidl_typesupport_introspection_c/visualization_msgs/msg/detail/interactive_marker_update__type_support.c.obj
[ 90%] Building C object CMakeFiles/visualization_msgs__rosidl_typesupport_introspection_c.dir/rosidl_typesupport_introspection_c/visualization_msgs/msg/detail/marker__type_support.c.obj
[ 91%] Building C object CMakeFiles/visualization_msgs__rosidl_typesupport_introspection_c.dir/rosidl_typesupport_introspection_c/visualization_msgs/msg/detail/marker_array__type_support.c.obj
[ 93%] Building C object CMakeFiles/visualization_msgs__rosidl_typesupport_introspection_c.dir/rosidl_typesupport_introspection_c/visualization_msgs/msg/detail/menu_entry__type_support.c.obj
[ 95%] Building C object CMakeFiles/visualization_msgs__rosidl_typesupport_introspection_c.dir/rosidl_typesupport_introspection_c/visualization_msgs/srv/detail/get_interactive_markers__type_support.c.obj
[ 96%] Building C object CMakeFiles/visualization_msgs__rosidl_typesupport_introspection_c.dir/rosidl_typesupport_introspection_c/visualization_msgs/msg/detail/mesh_file__type_support.c.obj
[ 98%] Building C object CMakeFiles/visualization_msgs__rosidl_typesupport_introspection_c.dir/rosidl_typesupport_introspection_c/visualization_msgs/msg/detail/uv_coordinate__type_support.c.obj
[100%] Linking C static library libvisualization_msgs__rosidl_typesupport_introspection_c.a
make[3]: Leaving directory '/opt/rosmicropy/components/micro_ros_espidf_component/micro_ros_src/build/visualization_msgs'
[100%] Built target visualization_msgs__rosidl_typesupport_introspection_c
make[3]: Entering directory '/opt/rosmicropy/components/micro_ros_espidf_component/micro_ros_src/build/visualization_msgs'
make[3]: Leaving directory '/opt/rosmicropy/components/micro_ros_espidf_component/micro_ros_src/build/visualization_msgs'
[100%] Built target visualization_msgs
make[2]: Leaving directory '/opt/rosmicropy/components/micro_ros_espidf_component/micro_ros_src/build/visualization_msgs'
make[1]: Leaving directory '/opt/rosmicropy/components/micro_ros_espidf_component/micro_ros_src/build/visualization_msgs'
-- Install configuration: "Release"
-- Installing: /opt/rosmicropy/components/micro_ros_espidf_component/micro_ros_src/install/share/ament_index/resource_index/rosidl_interfaces/visualization_msgs
-- Installing: /opt/rosmicropy/components/micro_ros_espidf_component/micro_ros_src/install/include/visualization_msgs/visualization_msgs
-- Installing: /opt/rosmicropy/components/micro_ros_espidf_component/micro_ros_src/install/include/visualization_msgs/visualization_msgs/msg
-- Installing: /opt/rosmicropy/components/micro_ros_espidf_component/micro_ros_src/install/include/visualization_msgs/visualization_msgs/msg/uv_coordinate.h
-- Installing: /opt/rosmicropy/components/micro_ros_espidf_component/micro_ros_src/install/include/visualization_msgs/visualization_msgs/msg/rosidl_generator_c__visibility_control.h
-- Installing: /opt/rosmicropy/components/micro_ros_espidf_component/micro_ros_src/install/include/visualization_msgs/visualization_msgs/msg/image_marker.h
-- Installing: /opt/rosmicropy/components/micro_ros_espidf_component/micro_ros_src/install/include/visualization_msgs/visualization_msgs/msg/interactive_marker_pose.h
-- Installing: /opt/rosmicropy/components/micro_ros_espidf_component/micro_ros_src/install/include/visualization_msgs/visualization_msgs/msg/marker.h
-- Installing: /opt/rosmicropy/components/micro_ros_espidf_component/micro_ros_src/install/include/visualization_msgs/visualization_msgs/msg/interactive_marker_update.h
-- Installing: /opt/rosmicropy/components/micro_ros_espidf_component/micro_ros_src/install/include/visualization_msgs/visualization_msgs/msg/interactive_marker.h
-- Installing: /opt/rosmicropy/components/micro_ros_espidf_component/micro_ros_src/install/include/visualization_msgs/visualization_msgs/msg/marker_array.h
-- Installing: /opt/rosmicropy/components/micro_ros_espidf_component/micro_ros_src/install/include/visualization_msgs/visualization_msgs/msg/interactive_marker_control.h
-- Installing: /opt/rosmicropy/components/micro_ros_espidf_component/micro_ros_src/install/include/visualization_msgs/visualization_msgs/msg/interactive_marker_init.h
-- Installing: /opt/rosmicropy/components/micro_ros_espidf_component/micro_ros_src/install/include/visualization_msgs/visualization_msgs/msg/detail
-- Installing: /opt/rosmicropy/components/micro_ros_espidf_component/micro_ros_src/install/include/visualization_msgs/visualization_msgs/msg/detail/interactive_marker_pose__type_support.h
-- Installing: /opt/rosmicropy/components/micro_ros_espidf_component/micro_ros_src/install/include/visualization_msgs/visualization_msgs/msg/detail/interactive_marker_feedback__struct.h
-- Installing: /opt/rosmicropy/components/micro_ros_espidf_component/micro_ros_src/install/include/visualization_msgs/visualization_msgs/msg/detail/interactive_marker__type_support.h
-- Installing: /opt/rosmicropy/components/micro_ros_espidf_component/micro_ros_src/install/include/visualization_msgs/visualization_msgs/msg/detail/interactive_marker_control__functions.h
-- Installing: /opt/rosmicropy/components/micro_ros_espidf_component/micro_ros_src/install/include/visualization_msgs/visualization_msgs/msg/detail/interactive_marker_update__type_support.h
-- Installing: /opt/rosmicropy/components/micro_ros_espidf_component/micro_ros_src/install/include/visualization_msgs/visualization_msgs/msg/detail/interactive_marker_pose__functions.h
-- Installing: /opt/rosmicropy/components/micro_ros_espidf_component/micro_ros_src/install/include/visualization_msgs/visualization_msgs/msg/detail/menu_entry__struct.h
-- Installing: /opt/rosmicropy/components/micro_ros_espidf_component/micro_ros_src/install/include/visualization_msgs/visualization_msgs/msg/detail/interactive_marker_feedback__functions.c
-- Installing: /opt/rosmicropy/components/micro_ros_espidf_component/micro_ros_src/install/include/visualization_msgs/visualization_msgs/msg/detail/interactive_marker_init__struct.h
-- Installing: /opt/rosmicropy/components/micro_ros_espidf_component/micro_ros_src/install/include/visualization_msgs/visualization_msgs/msg/detail/interactive_marker__struct.h
-- Installing: /opt/rosmicropy/components/micro_ros_espidf_component/micro_ros_src/install/include/visualization_msgs/visualization_msgs/msg/detail/image_marker__type_support.h
-- Installing: /opt/rosmicropy/components/micro_ros_espidf_component/micro_ros_src/install/include/visualization_msgs/visualization_msgs/msg/detail/menu_entry__functions.c
-- Installing: /opt/rosmicropy/components/micro_ros_espidf_component/micro_ros_src/install/include/visualization_msgs/visualization_msgs/msg/detail/menu_entry__type_support.h
-- Installing: /opt/rosmicropy/components/micro_ros_espidf_component/micro_ros_src/install/include/visualization_msgs/visualization_msgs/msg/detail/interactive_marker_init__functions.h
-- Installing: /opt/rosmicropy/components/micro_ros_espidf_component/micro_ros_src/install/include/visualization_msgs/visualization_msgs/msg/detail/interactive_marker__functions.h
-- Installing: /opt/rosmicropy/components/micro_ros_espidf_component/micro_ros_src/install/include/visualization_msgs/visualization_msgs/msg/detail/interactive_marker_feedback__functions.h
-- Installing: /opt/rosmicropy/components/micro_ros_espidf_component/micro_ros_src/install/include/visualization_msgs/visualization_msgs/msg/detail/mesh_file__struct.h
-- Installing: /opt/rosmicropy/components/micro_ros_espidf_component/micro_ros_src/install/include/visualization_msgs/visualization_msgs/msg/detail/marker__type_support.h
-- Installing: /opt/rosmicropy/components/micro_ros_espidf_component/micro_ros_src/install/include/visualization_msgs/visualization_msgs/msg/detail/interactive_marker_pose__struct.h
-- Installing: /opt/rosmicropy/components/micro_ros_espidf_component/micro_ros_src/install/include/visualization_msgs/visualization_msgs/msg/detail/interactive_marker_feedback__type_support.h
-- Installing: /opt/rosmicropy/components/micro_ros_espidf_component/micro_ros_src/install/include/visualization_msgs/visualization_msgs/msg/detail/mesh_file__functions.c
-- Installing: /opt/rosmicropy/components/micro_ros_espidf_component/micro_ros_src/install/include/visualization_msgs/visualization_msgs/msg/detail/uv_coordinate__struct.h
-- Installing: /opt/rosmicropy/components/micro_ros_espidf_component/micro_ros_src/install/include/visualization_msgs/visualization_msgs/msg/detail/menu_entry__functions.h
-- Installing: /opt/rosmicropy/components/micro_ros_espidf_component/micro_ros_src/install/include/visualization_msgs/visualization_msgs/msg/detail/interactive_marker__functions.c
-- Installing: /opt/rosmicropy/components/micro_ros_espidf_component/micro_ros_src/install/include/visualization_msgs/visualization_msgs/msg/detail/interactive_marker_pose__functions.c
-- Installing: /opt/rosmicropy/components/micro_ros_espidf_component/micro_ros_src/install/include/visualization_msgs/visualization_msgs/msg/detail/image_marker__functions.c
-- Installing: /opt/rosmicropy/components/micro_ros_espidf_component/micro_ros_src/install/include/visualization_msgs/visualization_msgs/msg/detail/interactive_marker_update__functions.c
-- Installing: /opt/rosmicropy/components/micro_ros_espidf_component/micro_ros_src/install/include/visualization_msgs/visualization_msgs/msg/detail/image_marker__struct.h
-- Installing: /opt/rosmicropy/components/micro_ros_espidf_component/micro_ros_src/install/include/visualization_msgs/visualization_msgs/msg/detail/interactive_marker_update__functions.h
-- Installing: /opt/rosmicropy/components/micro_ros_espidf_component/micro_ros_src/install/include/visualization_msgs/visualization_msgs/msg/detail/interactive_marker_control__type_support.h
-- Installing: /opt/rosmicropy/components/micro_ros_espidf_component/micro_ros_src/install/include/visualization_msgs/visualization_msgs/msg/detail/uv_coordinate__functions.c
-- Installing: /opt/rosmicropy/components/micro_ros_espidf_component/micro_ros_src/install/include/visualization_msgs/visualization_msgs/msg/detail/uv_coordinate__type_support.h
-- Installing: /opt/rosmicropy/components/micro_ros_espidf_component/micro_ros_src/install/include/visualization_msgs/visualization_msgs/msg/detail/marker__functions.c
-- Installing: /opt/rosmicropy/components/micro_ros_espidf_component/micro_ros_src/install/include/visualization_msgs/visualization_msgs/msg/detail/interactive_marker_control__struct.h
-- Installing: /opt/rosmicropy/components/micro_ros_espidf_component/micro_ros_src/install/include/visualization_msgs/visualization_msgs/msg/detail/mesh_file__functions.h
-- Installing: /opt/rosmicropy/components/micro_ros_espidf_component/micro_ros_src/install/include/visualization_msgs/visualization_msgs/msg/detail/interactive_marker_init__type_support.h
-- Installing: /opt/rosmicropy/components/micro_ros_espidf_component/micro_ros_src/install/include/visualization_msgs/visualization_msgs/msg/detail/marker__functions.h
-- Installing: /opt/rosmicropy/components/micro_ros_espidf_component/micro_ros_src/install/include/visualization_msgs/visualization_msgs/msg/detail/marker__struct.h
-- Installing: /opt/rosmicropy/components/micro_ros_espidf_component/micro_ros_src/install/include/visualization_msgs/visualization_msgs/msg/detail/interactive_marker_init__functions.c
-- Installing: /opt/rosmicropy/components/micro_ros_espidf_component/micro_ros_src/install/include/visualization_msgs/visualization_msgs/msg/detail/mesh_file__type_support.h
-- Installing: /opt/rosmicropy/components/micro_ros_espidf_component/micro_ros_src/install/include/visualization_msgs/visualization_msgs/msg/detail/image_marker__functions.h
-- Installing: /opt/rosmicropy/components/micro_ros_espidf_component/micro_ros_src/install/include/visualization_msgs/visualization_msgs/msg/detail/interactive_marker_update__struct.h
-- Installing: /opt/rosmicropy/components/micro_ros_espidf_component/micro_ros_src/install/include/visualization_msgs/visualization_msgs/msg/detail/marker_array__type_support.h
-- Installing: /opt/rosmicropy/components/micro_ros_espidf_component/micro_ros_src/install/include/visualization_msgs/visualization_msgs/msg/detail/marker_array__functions.c
-- Installing: /opt/rosmicropy/components/micro_ros_espidf_component/micro_ros_src/install/include/visualization_msgs/visualization_msgs/msg/detail/marker_array__struct.h
-- Installing: /opt/rosmicropy/components/micro_ros_espidf_component/micro_ros_src/install/include/visualization_msgs/visualization_msgs/msg/detail/marker_array__functions.h
-- Installing: /opt/rosmicropy/components/micro_ros_espidf_component/micro_ros_src/install/include/visualization_msgs/visualization_msgs/msg/detail/interactive_marker_control__functions.c
-- Installing: /opt/rosmicropy/components/micro_ros_espidf_component/micro_ros_src/install/include/visualization_msgs/visualization_msgs/msg/detail/uv_coordinate__functions.h
-- Installing: /opt/rosmicropy/components/micro_ros_espidf_component/micro_ros_src/install/include/visualization_msgs/visualization_msgs/msg/interactive_marker_feedback.h
-- Installing: /opt/rosmicropy/components/micro_ros_espidf_component/micro_ros_src/install/include/visualization_msgs/visualization_msgs/msg/menu_entry.h
-- Installing: /opt/rosmicropy/components/micro_ros_espidf_component/micro_ros_src/install/include/visualization_msgs/visualization_msgs/msg/mesh_file.h
-- Installing: /opt/rosmicropy/components/micro_ros_espidf_component/micro_ros_src/install/include/visualization_msgs/visualization_msgs/srv
-- Installing: /opt/rosmicropy/components/micro_ros_espidf_component/micro_ros_src/install/include/visualization_msgs/visualization_msgs/srv/get_interactive_markers.h
-- Installing: /opt/rosmicropy/components/micro_ros_espidf_component/micro_ros_src/install/include/visualization_msgs/visualization_msgs/srv/detail
-- Installing: /opt/rosmicropy/components/micro_ros_espidf_component/micro_ros_src/install/include/visualization_msgs/visualization_msgs/srv/detail/get_interactive_markers__functions.c
-- Installing: /opt/rosmicropy/components/micro_ros_espidf_component/micro_ros_src/install/include/visualization_msgs/visualization_msgs/srv/detail/get_interactive_markers__type_support.h
-- Installing: /opt/rosmicropy/components/micro_ros_espidf_component/micro_ros_src/install/include/visualization_msgs/visualization_msgs/srv/detail/get_interactive_markers__struct.h
-- Installing: /opt/rosmicropy/components/micro_ros_espidf_component/micro_ros_src/install/include/visualization_msgs/visualization_msgs/srv/detail/get_interactive_markers__functions.h
-- Installing: /opt/rosmicropy/components/micro_ros_espidf_component/micro_ros_src/install/share/visualization_msgs/environment/library_path.sh
-- Installing: /opt/rosmicropy/components/micro_ros_espidf_component/micro_ros_src/install/share/visualization_msgs/environment/library_path.dsv
-- Installing: /opt/rosmicropy/components/micro_ros_espidf_component/micro_ros_src/install/lib/libvisualization_msgs__rosidl_generator_c.a
-- Up-to-date: /opt/rosmicropy/components/micro_ros_espidf_component/micro_ros_src/install/include/visualization_msgs/visualization_msgs
-- Up-to-date: /opt/rosmicropy/components/micro_ros_espidf_component/micro_ros_src/install/include/visualization_msgs/visualization_msgs/msg
-- Installing: /opt/rosmicropy/components/micro_ros_espidf_component/micro_ros_src/install/include/visualization_msgs/visualization_msgs/msg/rosidl_typesupport_introspection_c__visibility_control.h
-- Up-to-date: /opt/rosmicropy/components/micro_ros_espidf_component/micro_ros_src/install/include/visualization_msgs/visualization_msgs/msg/detail
-- Installing: /opt/rosmicropy/components/micro_ros_espidf_component/micro_ros_src/install/include/visualization_msgs/visualization_msgs/msg/detail/image_marker__rosidl_typesupport_introspection_c.h
-- Installing: /opt/rosmicropy/components/micro_ros_espidf_component/micro_ros_src/install/include/visualization_msgs/visualization_msgs/msg/detail/interactive_marker_control__rosidl_typesupport_introspection_c.h
-- Installing: /opt/rosmicropy/components/micro_ros_espidf_component/micro_ros_src/install/include/visualization_msgs/visualization_msgs/msg/detail/marker_array__rosidl_typesupport_introspection_c.h
-- Installing: /opt/rosmicropy/components/micro_ros_espidf_component/micro_ros_src/install/include/visualization_msgs/visualization_msgs/msg/detail/interactive_marker_pose__type_support.c
-- Installing: /opt/rosmicropy/components/micro_ros_espidf_component/micro_ros_src/install/include/visualization_msgs/visualization_msgs/msg/detail/interactive_marker_update__type_support.c
-- Installing: /opt/rosmicropy/components/micro_ros_espidf_component/micro_ros_src/install/include/visualization_msgs/visualization_msgs/msg/detail/uv_coordinate__rosidl_typesupport_introspection_c.h
-- Installing: /opt/rosmicropy/components/micro_ros_espidf_component/micro_ros_src/install/include/visualization_msgs/visualization_msgs/msg/detail/menu_entry__rosidl_typesupport_introspection_c.h
-- Installing: /opt/rosmicropy/components/micro_ros_espidf_component/micro_ros_src/install/include/visualization_msgs/visualization_msgs/msg/detail/mesh_file__type_support.c
-- Installing: /opt/rosmicropy/components/micro_ros_espidf_component/micro_ros_src/install/include/visualization_msgs/visualization_msgs/msg/detail/mesh_file__rosidl_typesupport_introspection_c.h
-- Installing: /opt/rosmicropy/components/micro_ros_espidf_component/micro_ros_src/install/include/visualization_msgs/visualization_msgs/msg/detail/interactive_marker__type_support.c
-- Installing: /opt/rosmicropy/components/micro_ros_espidf_component/micro_ros_src/install/include/visualization_msgs/visualization_msgs/msg/detail/interactive_marker_init__rosidl_typesupport_introspection_c.h
-- Installing: /opt/rosmicropy/components/micro_ros_espidf_component/micro_ros_src/install/include/visualization_msgs/visualization_msgs/msg/detail/uv_coordinate__type_support.c
-- Installing: /opt/rosmicropy/components/micro_ros_espidf_component/micro_ros_src/install/include/visualization_msgs/visualization_msgs/msg/detail/interactive_marker_init__type_support.c
-- Installing: /opt/rosmicropy/components/micro_ros_espidf_component/micro_ros_src/install/include/visualization_msgs/visualization_msgs/msg/detail/menu_entry__type_support.c
-- Installing: /opt/rosmicropy/components/micro_ros_espidf_component/micro_ros_src/install/include/visualization_msgs/visualization_msgs/msg/detail/interactive_marker_feedback__type_support.c
-- Installing: /opt/rosmicropy/components/micro_ros_espidf_component/micro_ros_src/install/include/visualization_msgs/visualization_msgs/msg/detail/marker__rosidl_typesupport_introspection_c.h
-- Installing: /opt/rosmicropy/components/micro_ros_espidf_component/micro_ros_src/install/include/visualization_msgs/visualization_msgs/msg/detail/interactive_marker_control__type_support.c
-- Installing: /opt/rosmicropy/components/micro_ros_espidf_component/micro_ros_src/install/include/visualization_msgs/visualization_msgs/msg/detail/image_marker__type_support.c
-- Installing: /opt/rosmicropy/components/micro_ros_espidf_component/micro_ros_src/install/include/visualization_msgs/visualization_msgs/msg/detail/interactive_marker_feedback__rosidl_typesupport_introspection_c.h
-- Installing: /opt/rosmicropy/components/micro_ros_espidf_component/micro_ros_src/install/include/visualization_msgs/visualization_msgs/msg/detail/interactive_marker_pose__rosidl_typesupport_introspection_c.h
-- Installing: /opt/rosmicropy/components/micro_ros_espidf_component/micro_ros_src/install/include/visualization_msgs/visualization_msgs/msg/detail/marker_array__type_support.c
-- Installing: /opt/rosmicropy/components/micro_ros_espidf_component/micro_ros_src/install/include/visualization_msgs/visualization_msgs/msg/detail/marker__type_support.c
-- Installing: /opt/rosmicropy/components/micro_ros_espidf_component/micro_ros_src/install/include/visualization_msgs/visualization_msgs/msg/detail/interactive_marker__rosidl_typesupport_introspection_c.h
-- Installing: /opt/rosmicropy/components/micro_ros_espidf_component/micro_ros_src/install/include/visualization_msgs/visualization_msgs/msg/detail/interactive_marker_update__rosidl_typesupport_introspection_c.h
-- Up-to-date: /opt/rosmicropy/components/micro_ros_espidf_component/micro_ros_src/install/include/visualization_msgs/visualization_msgs/srv
-- Up-to-date: /opt/rosmicropy/components/micro_ros_espidf_component/micro_ros_src/install/include/visualization_msgs/visualization_msgs/srv/detail
-- Installing: /opt/rosmicropy/components/micro_ros_espidf_component/micro_ros_src/install/include/visualization_msgs/visualization_msgs/srv/detail/get_interactive_markers__type_support.c
-- Installing: /opt/rosmicropy/components/micro_ros_espidf_component/micro_ros_src/install/include/visualization_msgs/visualization_msgs/srv/detail/get_interactive_markers__rosidl_typesupport_introspection_c.h
-- Installing: /opt/rosmicropy/components/micro_ros_espidf_component/micro_ros_src/install/lib/libvisualization_msgs__rosidl_typesupport_introspection_c.a
-- Up-to-date: /opt/rosmicropy/components/micro_ros_espidf_component/micro_ros_src/install/include/visualization_msgs
-- Installing: /opt/rosmicropy/components/micro_ros_espidf_component/micro_ros_src/install/include/visualization_msgs/msg
-- Installing: /opt/rosmicropy/components/micro_ros_espidf_component/micro_ros_src/install/include/visualization_msgs/msg/rosidl_typesupport_microxrcedds_c__visibility_control.h
-- Installing: /opt/rosmicropy/components/micro_ros_espidf_component/micro_ros_src/install/include/visualization_msgs/msg/detail
-- Installing: /opt/rosmicropy/components/micro_ros_espidf_component/micro_ros_src/install/include/visualization_msgs/msg/detail/marker__rosidl_typesupport_microxrcedds_c.h
-- Installing: /opt/rosmicropy/components/micro_ros_espidf_component/micro_ros_src/install/include/visualization_msgs/msg/detail/mesh_file__rosidl_typesupport_microxrcedds_c.h
-- Installing: /opt/rosmicropy/components/micro_ros_espidf_component/micro_ros_src/install/include/visualization_msgs/msg/detail/interactive_marker_control__rosidl_typesupport_microxrcedds_c.h
-- Installing: /opt/rosmicropy/components/micro_ros_espidf_component/micro_ros_src/install/include/visualization_msgs/msg/detail/interactive_marker_feedback__rosidl_typesupport_microxrcedds_c.h
-- Installing: /opt/rosmicropy/components/micro_ros_espidf_component/micro_ros_src/install/include/visualization_msgs/msg/detail/marker_array__rosidl_typesupport_microxrcedds_c.h
-- Installing: /opt/rosmicropy/components/micro_ros_espidf_component/micro_ros_src/install/include/visualization_msgs/msg/detail/interactive_marker_update__rosidl_typesupport_microxrcedds_c.h
-- Installing: /opt/rosmicropy/components/micro_ros_espidf_component/micro_ros_src/install/include/visualization_msgs/msg/detail/microxrcedds
-- Installing: /opt/rosmicropy/components/micro_ros_espidf_component/micro_ros_src/install/include/visualization_msgs/msg/detail/menu_entry__rosidl_typesupport_microxrcedds_c.h
-- Installing: /opt/rosmicropy/components/micro_ros_espidf_component/micro_ros_src/install/include/visualization_msgs/msg/detail/uv_coordinate__rosidl_typesupport_microxrcedds_c.h
-- Installing: /opt/rosmicropy/components/micro_ros_espidf_component/micro_ros_src/install/include/visualization_msgs/msg/detail/interactive_marker__rosidl_typesupport_microxrcedds_c.h
-- Installing: /opt/rosmicropy/components/micro_ros_espidf_component/micro_ros_src/install/include/visualization_msgs/msg/detail/interactive_marker_pose__rosidl_typesupport_microxrcedds_c.h
-- Installing: /opt/rosmicropy/components/micro_ros_espidf_component/micro_ros_src/install/include/visualization_msgs/msg/detail/image_marker__rosidl_typesupport_microxrcedds_c.h
-- Installing: /opt/rosmicropy/components/micro_ros_espidf_component/micro_ros_src/install/include/visualization_msgs/msg/detail/interactive_marker_init__rosidl_typesupport_microxrcedds_c.h
-- Installing: /opt/rosmicropy/components/micro_ros_espidf_component/micro_ros_src/install/include/visualization_msgs/srv
-- Installing: /opt/rosmicropy/components/micro_ros_espidf_component/micro_ros_src/install/include/visualization_msgs/srv/detail
-- Installing: /opt/rosmicropy/components/micro_ros_espidf_component/micro_ros_src/install/include/visualization_msgs/srv/detail/microxrcedds
-- Installing: /opt/rosmicropy/components/micro_ros_espidf_component/micro_ros_src/install/include/visualization_msgs/srv/detail/get_interactive_markers__rosidl_typesupport_microxrcedds_c.h
-- Installing: /opt/rosmicropy/components/micro_ros_espidf_component/micro_ros_src/install/lib/libvisualization_msgs__rosidl_typesupport_microxrcedds_c.a
-- Installing: /opt/rosmicropy/components/micro_ros_espidf_component/micro_ros_src/install/lib/libvisualization_msgs__rosidl_typesupport_c.a
-- Installing: /opt/rosmicropy/components/micro_ros_espidf_component/micro_ros_src/install/share/visualization_msgs/msg/ImageMarker.idl
-- Installing: /opt/rosmicropy/components/micro_ros_espidf_component/micro_ros_src/install/share/visualization_msgs/msg/InteractiveMarker.idl
-- Installing: /opt/rosmicropy/components/micro_ros_espidf_component/micro_ros_src/install/share/visualization_msgs/msg/InteractiveMarkerControl.idl
-- Installing: /opt/rosmicropy/components/micro_ros_espidf_component/micro_ros_src/install/share/visualization_msgs/msg/InteractiveMarkerFeedback.idl
-- Installing: /opt/rosmicropy/components/micro_ros_espidf_component/micro_ros_src/install/share/visualization_msgs/msg/InteractiveMarkerInit.idl
-- Installing: /opt/rosmicropy/components/micro_ros_espidf_component/micro_ros_src/install/share/visualization_msgs/msg/InteractiveMarkerPose.idl
-- Installing: /opt/rosmicropy/components/micro_ros_espidf_component/micro_ros_src/install/share/visualization_msgs/msg/InteractiveMarkerUpdate.idl
-- Installing: /opt/rosmicropy/components/micro_ros_espidf_component/micro_ros_src/install/share/visualization_msgs/msg/Marker.idl
-- Installing: /opt/rosmicropy/components/micro_ros_espidf_component/micro_ros_src/install/share/visualization_msgs/msg/MarkerArray.idl
-- Installing: /opt/rosmicropy/components/micro_ros_espidf_component/micro_ros_src/install/share/visualization_msgs/msg/MenuEntry.idl
-- Installing: /opt/rosmicropy/components/micro_ros_espidf_component/micro_ros_src/install/share/visualization_msgs/msg/MeshFile.idl
-- Installing: /opt/rosmicropy/components/micro_ros_espidf_component/micro_ros_src/install/share/visualization_msgs/msg/UVCoordinate.idl
-- Installing: /opt/rosmicropy/components/micro_ros_espidf_component/micro_ros_src/install/share/visualization_msgs/srv/GetInteractiveMarkers.idl
-- Installing: /opt/rosmicropy/components/micro_ros_espidf_component/micro_ros_src/install/share/visualization_msgs/msg/ImageMarker.msg
-- Installing: /opt/rosmicropy/components/micro_ros_espidf_component/micro_ros_src/install/share/visualization_msgs/msg/InteractiveMarker.msg
-- Installing: /opt/rosmicropy/components/micro_ros_espidf_component/micro_ros_src/install/share/visualization_msgs/msg/InteractiveMarkerControl.msg
-- Installing: /opt/rosmicropy/components/micro_ros_espidf_component/micro_ros_src/install/share/visualization_msgs/msg/InteractiveMarkerFeedback.msg
-- Installing: /opt/rosmicropy/components/micro_ros_espidf_component/micro_ros_src/install/share/visualization_msgs/msg/InteractiveMarkerInit.msg
-- Installing: /opt/rosmicropy/components/micro_ros_espidf_component/micro_ros_src/install/share/visualization_msgs/msg/InteractiveMarkerPose.msg
-- Installing: /opt/rosmicropy/components/micro_ros_espidf_component/micro_ros_src/install/share/visualization_msgs/msg/InteractiveMarkerUpdate.msg
-- Installing: /opt/rosmicropy/components/micro_ros_espidf_component/micro_ros_src/install/share/visualization_msgs/msg/Marker.msg
-- Installing: /opt/rosmicropy/components/micro_ros_espidf_component/micro_ros_src/install/share/visualization_msgs/msg/MarkerArray.msg
-- Installing: /opt/rosmicropy/components/micro_ros_espidf_component/micro_ros_src/install/share/visualization_msgs/msg/MenuEntry.msg
-- Installing: /opt/rosmicropy/components/micro_ros_espidf_component/micro_ros_src/install/share/visualization_msgs/msg/MeshFile.msg
-- Installing: /opt/rosmicropy/components/micro_ros_espidf_component/micro_ros_src/install/share/visualization_msgs/msg/UVCoordinate.msg
-- Installing: /opt/rosmicropy/components/micro_ros_espidf_component/micro_ros_src/install/share/visualization_msgs/srv/GetInteractiveMarkers.srv
-- Installing: /opt/rosmicropy/components/micro_ros_espidf_component/micro_ros_src/install/share/visualization_msgs/srv/GetInteractiveMarkers_Request.msg
-- Installing: /opt/rosmicropy/components/micro_ros_espidf_component/micro_ros_src/install/share/visualization_msgs/srv/GetInteractiveMarkers_Response.msg
-- Installing: /opt/rosmicropy/components/micro_ros_espidf_component/micro_ros_src/install/share/ament_index/resource_index/package_run_dependencies/visualization_msgs
-- Installing: /opt/rosmicropy/components/micro_ros_espidf_component/micro_ros_src/install/share/ament_index/resource_index/parent_prefix_path/visualization_msgs
-- Installing: /opt/rosmicropy/components/micro_ros_espidf_component/micro_ros_src/install/share/visualization_msgs/environment/ament_prefix_path.sh
-- Installing: /opt/rosmicropy/components/micro_ros_espidf_component/micro_ros_src/install/share/visualization_msgs/environment/ament_prefix_path.dsv
-- Installing: /opt/rosmicropy/components/micro_ros_espidf_component/micro_ros_src/install/share/visualization_msgs/environment/path.sh
-- Installing: /opt/rosmicropy/components/micro_ros_espidf_component/micro_ros_src/install/share/visualization_msgs/environment/path.dsv
-- Installing: /opt/rosmicropy/components/micro_ros_espidf_component/micro_ros_src/install/share/visualization_msgs/local_setup.bash
-- Installing: /opt/rosmicropy/components/micro_ros_espidf_component/micro_ros_src/install/share/visualization_msgs/local_setup.sh
-- Installing: /opt/rosmicropy/components/micro_ros_espidf_component/micro_ros_src/install/share/visualization_msgs/local_setup.zsh
-- Installing: /opt/rosmicropy/components/micro_ros_espidf_component/micro_ros_src/install/share/visualization_msgs/local_setup.dsv
-- Installing: /opt/rosmicropy/components/micro_ros_espidf_component/micro_ros_src/install/share/visualization_msgs/package.dsv
-- Installing: /opt/rosmicropy/components/micro_ros_espidf_component/micro_ros_src/install/share/ament_index/resource_index/packages/visualization_msgs
-- Installing: /opt/rosmicropy/components/micro_ros_espidf_component/micro_ros_src/install/share/visualization_msgs/cmake/export_visualization_msgs__rosidl_generator_cExport.cmake
-- Installing: /opt/rosmicropy/components/micro_ros_espidf_component/micro_ros_src/install/share/visualization_msgs/cmake/export_visualization_msgs__rosidl_generator_cExport-release.cmake
-- Installing: /opt/rosmicropy/components/micro_ros_espidf_component/micro_ros_src/install/share/visualization_msgs/cmake/visualization_msgs__rosidl_typesupport_introspection_cExport.cmake
-- Installing: /opt/rosmicropy/components/micro_ros_espidf_component/micro_ros_src/install/share/visualization_msgs/cmake/visualization_msgs__rosidl_typesupport_introspection_cExport-release.cmake
-- Installing: /opt/rosmicropy/components/micro_ros_espidf_component/micro_ros_src/install/share/visualization_msgs/cmake/visualization_msgs__rosidl_typesupport_cExport.cmake
-- Installing: /opt/rosmicropy/components/micro_ros_espidf_component/micro_ros_src/install/share/visualization_msgs/cmake/visualization_msgs__rosidl_typesupport_cExport-release.cmake
-- Installing: /opt/rosmicropy/components/micro_ros_espidf_component/micro_ros_src/install/share/visualization_msgs/cmake/rosidl_cmake-extras.cmake
-- Installing: /opt/rosmicropy/components/micro_ros_espidf_component/micro_ros_src/install/share/visualization_msgs/cmake/ament_cmake_export_dependencies-extras.cmake
-- Installing: /opt/rosmicropy/components/micro_ros_espidf_component/micro_ros_src/install/share/visualization_msgs/cmake/ament_cmake_export_include_directories-extras.cmake
-- Installing: /opt/rosmicropy/components/micro_ros_espidf_component/micro_ros_src/install/share/visualization_msgs/cmake/ament_cmake_export_libraries-extras.cmake
-- Installing: /opt/rosmicropy/components/micro_ros_espidf_component/micro_ros_src/install/share/visualization_msgs/cmake/ament_cmake_export_targets-extras.cmake
-- Installing: /opt/rosmicropy/components/micro_ros_espidf_component/micro_ros_src/install/share/visualization_msgs/cmake/rosidl_cmake_export_typesupport_targets-extras.cmake
-- Installing: /opt/rosmicropy/components/micro_ros_espidf_component/micro_ros_src/install/share/visualization_msgs/cmake/rosidl_cmake_export_typesupport_libraries-extras.cmake
-- Installing: /opt/rosmicropy/components/micro_ros_espidf_component/micro_ros_src/install/share/visualization_msgs/cmake/visualization_msgsConfig.cmake
-- Installing: /opt/rosmicropy/components/micro_ros_espidf_component/micro_ros_src/install/share/visualization_msgs/cmake/visualization_msgsConfig-version.cmake
-- Installing: /opt/rosmicropy/components/micro_ros_espidf_component/micro_ros_src/install/share/visualization_msgs/package.xml
