[2.042s] Invoking command in '/opt/rosmicropy/components/micro_ros_espidf_component/micro_ros_src/src/ros2_tracing/tracetools_launch': AMENT_PREFIX_PATH=/opt/rosmicropy/components/micro_ros_espidf_component/micro_ros_src/install:${AMENT_PREFIX_PATH} CMAKE_PREFIX_PATH=/opt/rosmicropy/components/micro_ros_espidf_component/micro_ros_src/install:${CMAKE_PREFIX_PATH} PATH=/opt/rosmicropy/components/micro_ros_espidf_component/micro_ros_src/install/bin:${PATH} PYTHONPATH=/opt/rosmicropy/components/micro_ros_espidf_component/micro_ros_src/build/tracetools_launch/prefix_override:/opt/rosmicropy/components/micro_ros_espidf_component/micro_ros_src/install/lib/python3.8/site-packages:/opt/rosmicropy/components/micro_ros_espidf_component/micro_ros_src/install/lib/python3.8/site-packages:${PYTHONPATH} X_CFLAGS=-mlongcalls X_CXXFLAGS=-mlongcalls /opt/esp/python_env/idf5.1_py3.8_env/bin/python setup.py egg_info --egg-base ../../../build/tracetools_launch build --build-base /opt/rosmicropy/components/micro_ros_espidf_component/micro_ros_src/build/tracetools_launch/build install --record /opt/rosmicropy/components/micro_ros_espidf_component/micro_ros_src/build/tracetools_launch/install.log --single-version-externally-managed
[2.402s] running egg_info
[2.402s] creating ../../../build/tracetools_launch/tracetools_launch.egg-info
[2.402s] writing ../../../build/tracetools_launch/tracetools_launch.egg-info/PKG-INFO
[2.402s] writing dependency_links to ../../../build/tracetools_launch/tracetools_launch.egg-info/dependency_links.txt
[2.402s] writing entry points to ../../../build/tracetools_launch/tracetools_launch.egg-info/entry_points.txt
[2.402s] writing requirements to ../../../build/tracetools_launch/tracetools_launch.egg-info/requires.txt
[2.402s] writing top-level names to ../../../build/tracetools_launch/tracetools_launch.egg-info/top_level.txt
[2.402s] writing manifest file '../../../build/tracetools_launch/tracetools_launch.egg-info/SOURCES.txt'
[2.402s] reading manifest file '../../../build/tracetools_launch/tracetools_launch.egg-info/SOURCES.txt'
[2.402s] writing manifest file '../../../build/tracetools_launch/tracetools_launch.egg-info/SOURCES.txt'
[2.402s] running build
[2.402s] running build_py
[2.402s] creating /opt/rosmicropy/components/micro_ros_espidf_component/micro_ros_src/build/tracetools_launch/build
[2.402s] creating /opt/rosmicropy/components/micro_ros_espidf_component/micro_ros_src/build/tracetools_launch/build/lib
[2.402s] creating /opt/rosmicropy/components/micro_ros_espidf_component/micro_ros_src/build/tracetools_launch/build/lib/tracetools_launch
[2.403s] copying tracetools_launch/__init__.py -> /opt/rosmicropy/components/micro_ros_espidf_component/micro_ros_src/build/tracetools_launch/build/lib/tracetools_launch
[2.403s] copying tracetools_launch/action.py -> /opt/rosmicropy/components/micro_ros_espidf_component/micro_ros_src/build/tracetools_launch/build/lib/tracetools_launch
[2.403s] creating /opt/rosmicropy/components/micro_ros_espidf_component/micro_ros_src/build/tracetools_launch/build/lib/tracetools_launch/actions
[2.403s] copying tracetools_launch/actions/ld_preload.py -> /opt/rosmicropy/components/micro_ros_espidf_component/micro_ros_src/build/tracetools_launch/build/lib/tracetools_launch/actions
[2.403s] copying tracetools_launch/actions/__init__.py -> /opt/rosmicropy/components/micro_ros_espidf_component/micro_ros_src/build/tracetools_launch/build/lib/tracetools_launch/actions
[2.403s] running install
[2.403s] running install_lib
[2.403s] creating /opt/rosmicropy/components/micro_ros_espidf_component/micro_ros_src/install/lib/python3.8/site-packages/tracetools_launch
[2.403s] creating /opt/rosmicropy/components/micro_ros_espidf_component/micro_ros_src/install/lib/python3.8/site-packages/tracetools_launch/actions
[2.403s] copying /opt/rosmicropy/components/micro_ros_espidf_component/micro_ros_src/build/tracetools_launch/build/lib/tracetools_launch/actions/ld_preload.py -> /opt/rosmicropy/components/micro_ros_espidf_component/micro_ros_src/install/lib/python3.8/site-packages/tracetools_launch/actions
[2.403s] copying /opt/rosmicropy/components/micro_ros_espidf_component/micro_ros_src/build/tracetools_launch/build/lib/tracetools_launch/actions/__init__.py -> /opt/rosmicropy/components/micro_ros_espidf_component/micro_ros_src/install/lib/python3.8/site-packages/tracetools_launch/actions
[2.405s] copying /opt/rosmicropy/components/micro_ros_espidf_component/micro_ros_src/build/tracetools_launch/build/lib/tracetools_launch/__init__.py -> /opt/rosmicropy/components/micro_ros_espidf_component/micro_ros_src/install/lib/python3.8/site-packages/tracetools_launch
[2.405s] copying /opt/rosmicropy/components/micro_ros_espidf_component/micro_ros_src/build/tracetools_launch/build/lib/tracetools_launch/action.py -> /opt/rosmicropy/components/micro_ros_espidf_component/micro_ros_src/install/lib/python3.8/site-packages/tracetools_launch
[2.406s] byte-compiling /opt/rosmicropy/components/micro_ros_espidf_component/micro_ros_src/install/lib/python3.8/site-packages/tracetools_launch/actions/ld_preload.py to ld_preload.cpython-38.pyc
[2.406s] byte-compiling /opt/rosmicropy/components/micro_ros_espidf_component/micro_ros_src/install/lib/python3.8/site-packages/tracetools_launch/actions/__init__.py to __init__.cpython-38.pyc
[2.407s] byte-compiling /opt/rosmicropy/components/micro_ros_espidf_component/micro_ros_src/install/lib/python3.8/site-packages/tracetools_launch/__init__.py to __init__.cpython-38.pyc
[2.407s] byte-compiling /opt/rosmicropy/components/micro_ros_espidf_component/micro_ros_src/install/lib/python3.8/site-packages/tracetools_launch/action.py to action.cpython-38.pyc
[2.407s] running install_data
[2.407s] copying package.xml -> /opt/rosmicropy/components/micro_ros_espidf_component/micro_ros_src/install/share/tracetools_launch
[2.407s] creating /opt/rosmicropy/components/micro_ros_espidf_component/micro_ros_src/install/share/tracetools_launch/launch
[2.408s] copying launch/example.launch.py -> /opt/rosmicropy/components/micro_ros_espidf_component/micro_ros_src/install/share/tracetools_launch/launch
[2.408s] copying launch/example.launch.xml -> /opt/rosmicropy/components/micro_ros_espidf_component/micro_ros_src/install/share/tracetools_launch/launch
[2.408s] copying launch/example.launch.yaml -> /opt/rosmicropy/components/micro_ros_espidf_component/micro_ros_src/install/share/tracetools_launch/launch
[2.408s] copying resource/tracetools_launch -> /opt/rosmicropy/components/micro_ros_espidf_component/micro_ros_src/install/share/ament_index/resource_index/packages
[2.409s] running install_egg_info
[2.409s] Copying ../../../build/tracetools_launch/tracetools_launch.egg-info to /opt/rosmicropy/components/micro_ros_espidf_component/micro_ros_src/install/lib/python3.8/site-packages/tracetools_launch-4.1.1-py3.8.egg-info
[2.409s] running install_scripts
[2.409s] writing list of installed files to '/opt/rosmicropy/components/micro_ros_espidf_component/micro_ros_src/build/tracetools_launch/install.log'
[2.412s] /opt/esp/python_env/idf5.1_py3.8_env/lib/python3.8/site-packages/setuptools/_distutils/cmd.py:66: SetuptoolsDeprecationWarning: setup.py install is deprecated.
[2.412s] !!
[2.412s] 
[2.412s]         ********************************************************************************
[2.412s]         Please avoid running ``setup.py`` directly.
[2.412s]         Instead, use pypa/build, pypa/installer or other
[2.412s]         standards-based tools.
[2.412s] 
[2.412s]         See https://blog.ganssle.io/articles/2021/10/setup-py-deprecated.html for details.
[2.413s]         ********************************************************************************
[2.413s] 
[2.413s] !!
[2.413s]   self.initialize_options()
[2.415s] Invoked command in '/opt/rosmicropy/components/micro_ros_espidf_component/micro_ros_src/src/ros2_tracing/tracetools_launch' returned '0': AMENT_PREFIX_PATH=/opt/rosmicropy/components/micro_ros_espidf_component/micro_ros_src/install:${AMENT_PREFIX_PATH} CMAKE_PREFIX_PATH=/opt/rosmicropy/components/micro_ros_espidf_component/micro_ros_src/install:${CMAKE_PREFIX_PATH} PATH=/opt/rosmicropy/components/micro_ros_espidf_component/micro_ros_src/install/bin:${PATH} PYTHONPATH=/opt/rosmicropy/components/micro_ros_espidf_component/micro_ros_src/build/tracetools_launch/prefix_override:/opt/rosmicropy/components/micro_ros_espidf_component/micro_ros_src/install/lib/python3.8/site-packages:/opt/rosmicropy/components/micro_ros_espidf_component/micro_ros_src/install/lib/python3.8/site-packages:${PYTHONPATH} X_CFLAGS=-mlongcalls X_CXXFLAGS=-mlongcalls /opt/esp/python_env/idf5.1_py3.8_env/bin/python setup.py egg_info --egg-base ../../../build/tracetools_launch build --build-base /opt/rosmicropy/components/micro_ros_espidf_component/micro_ros_src/build/tracetools_launch/build install --record /opt/rosmicropy/components/micro_ros_espidf_component/micro_ros_src/build/tracetools_launch/install.log --single-version-externally-managed
