[1.873s] Invoking command in '/opt/rosmicropy/components/micro_ros_espidf_component/micro_ros_src/src/ros2_tracing/ros2trace': AMENT_PREFIX_PATH=/opt/rosmicropy/components/micro_ros_espidf_component/micro_ros_src/install:${AMENT_PREFIX_PATH} CMAKE_PREFIX_PATH=/opt/rosmicropy/components/micro_ros_espidf_component/micro_ros_src/install:${CMAKE_PREFIX_PATH} PATH=/opt/rosmicropy/components/micro_ros_espidf_component/micro_ros_src/install/bin:${PATH} PYTHONPATH=/opt/rosmicropy/components/micro_ros_espidf_component/micro_ros_src/build/ros2trace/prefix_override:/opt/rosmicropy/components/micro_ros_espidf_component/micro_ros_src/install/lib/python3.8/site-packages:/opt/rosmicropy/components/micro_ros_espidf_component/micro_ros_src/install/lib/python3.8/site-packages:${PYTHONPATH} X_CFLAGS=-mlongcalls X_CXXFLAGS=-mlongcalls /opt/esp/python_env/idf5.1_py3.8_env/bin/python setup.py egg_info --egg-base ../../../build/ros2trace build --build-base /opt/rosmicropy/components/micro_ros_espidf_component/micro_ros_src/build/ros2trace/build install --record /opt/rosmicropy/components/micro_ros_espidf_component/micro_ros_src/build/ros2trace/install.log --single-version-externally-managed
[2.305s] running egg_info
[2.306s] creating ../../../build/ros2trace/ros2trace.egg-info
[2.306s] writing ../../../build/ros2trace/ros2trace.egg-info/PKG-INFO
[2.306s] writing dependency_links to ../../../build/ros2trace/ros2trace.egg-info/dependency_links.txt
[2.306s] writing entry points to ../../../build/ros2trace/ros2trace.egg-info/entry_points.txt
[2.306s] writing requirements to ../../../build/ros2trace/ros2trace.egg-info/requires.txt
[2.306s] writing top-level names to ../../../build/ros2trace/ros2trace.egg-info/top_level.txt
[2.306s] writing manifest file '../../../build/ros2trace/ros2trace.egg-info/SOURCES.txt'
[2.306s] reading manifest file '../../../build/ros2trace/ros2trace.egg-info/SOURCES.txt'
[2.306s] writing manifest file '../../../build/ros2trace/ros2trace.egg-info/SOURCES.txt'
[2.306s] running build
[2.306s] running build_py
[2.306s] creating /opt/rosmicropy/components/micro_ros_espidf_component/micro_ros_src/build/ros2trace/build
[2.306s] creating /opt/rosmicropy/components/micro_ros_espidf_component/micro_ros_src/build/ros2trace/build/lib
[2.306s] creating /opt/rosmicropy/components/micro_ros_espidf_component/micro_ros_src/build/ros2trace/build/lib/ros2trace
[2.306s] copying ros2trace/__init__.py -> /opt/rosmicropy/components/micro_ros_espidf_component/micro_ros_src/build/ros2trace/build/lib/ros2trace
[2.306s] creating /opt/rosmicropy/components/micro_ros_espidf_component/micro_ros_src/build/ros2trace/build/lib/ros2trace/api
[2.306s] copying ros2trace/api/__init__.py -> /opt/rosmicropy/components/micro_ros_espidf_component/micro_ros_src/build/ros2trace/build/lib/ros2trace/api
[2.306s] creating /opt/rosmicropy/components/micro_ros_espidf_component/micro_ros_src/build/ros2trace/build/lib/ros2trace/command
[2.306s] copying ros2trace/command/__init__.py -> /opt/rosmicropy/components/micro_ros_espidf_component/micro_ros_src/build/ros2trace/build/lib/ros2trace/command
[2.306s] copying ros2trace/command/trace.py -> /opt/rosmicropy/components/micro_ros_espidf_component/micro_ros_src/build/ros2trace/build/lib/ros2trace/command
[2.306s] running install
[2.306s] running install_lib
[2.306s] creating /opt/rosmicropy/components/micro_ros_espidf_component/micro_ros_src/install/lib/python3.8/site-packages/ros2trace
[2.307s] copying /opt/rosmicropy/components/micro_ros_espidf_component/micro_ros_src/build/ros2trace/build/lib/ros2trace/__init__.py -> /opt/rosmicropy/components/micro_ros_espidf_component/micro_ros_src/install/lib/python3.8/site-packages/ros2trace
[2.307s] creating /opt/rosmicropy/components/micro_ros_espidf_component/micro_ros_src/install/lib/python3.8/site-packages/ros2trace/api
[2.307s] copying /opt/rosmicropy/components/micro_ros_espidf_component/micro_ros_src/build/ros2trace/build/lib/ros2trace/api/__init__.py -> /opt/rosmicropy/components/micro_ros_espidf_component/micro_ros_src/install/lib/python3.8/site-packages/ros2trace/api
[2.307s] creating /opt/rosmicropy/components/micro_ros_espidf_component/micro_ros_src/install/lib/python3.8/site-packages/ros2trace/command
[2.307s] copying /opt/rosmicropy/components/micro_ros_espidf_component/micro_ros_src/build/ros2trace/build/lib/ros2trace/command/__init__.py -> /opt/rosmicropy/components/micro_ros_espidf_component/micro_ros_src/install/lib/python3.8/site-packages/ros2trace/command
[2.307s] copying /opt/rosmicropy/components/micro_ros_espidf_component/micro_ros_src/build/ros2trace/build/lib/ros2trace/command/trace.py -> /opt/rosmicropy/components/micro_ros_espidf_component/micro_ros_src/install/lib/python3.8/site-packages/ros2trace/command
[2.307s] byte-compiling /opt/rosmicropy/components/micro_ros_espidf_component/micro_ros_src/install/lib/python3.8/site-packages/ros2trace/__init__.py to __init__.cpython-38.pyc
[2.307s] byte-compiling /opt/rosmicropy/components/micro_ros_espidf_component/micro_ros_src/install/lib/python3.8/site-packages/ros2trace/api/__init__.py to __init__.cpython-38.pyc
[2.307s] byte-compiling /opt/rosmicropy/components/micro_ros_espidf_component/micro_ros_src/install/lib/python3.8/site-packages/ros2trace/command/__init__.py to __init__.cpython-38.pyc
[2.307s] byte-compiling /opt/rosmicropy/components/micro_ros_espidf_component/micro_ros_src/install/lib/python3.8/site-packages/ros2trace/command/trace.py to trace.cpython-38.pyc
[2.307s] running install_data
[2.307s] copying package.xml -> /opt/rosmicropy/components/micro_ros_espidf_component/micro_ros_src/install/share/ros2trace
[2.307s] copying resource/ros2trace -> /opt/rosmicropy/components/micro_ros_espidf_component/micro_ros_src/install/share/ament_index/resource_index/packages
[2.307s] running install_egg_info
[2.307s] Copying ../../../build/ros2trace/ros2trace.egg-info to /opt/rosmicropy/components/micro_ros_espidf_component/micro_ros_src/install/lib/python3.8/site-packages/ros2trace-4.1.1-py3.8.egg-info
[2.308s] running install_scripts
[2.835s] writing list of installed files to '/opt/rosmicropy/components/micro_ros_espidf_component/micro_ros_src/build/ros2trace/install.log'
[2.835s] /opt/esp/python_env/idf5.1_py3.8_env/lib/python3.8/site-packages/setuptools/_distutils/cmd.py:66: SetuptoolsDeprecationWarning: setup.py install is deprecated.
[2.835s] !!
[2.835s] 
[2.835s]         ********************************************************************************
[2.835s]         Please avoid running ``setup.py`` directly.
[2.835s]         Instead, use pypa/build, pypa/installer or other
[2.835s]         standards-based tools.
[2.835s] 
[2.835s]         See https://blog.ganssle.io/articles/2021/10/setup-py-deprecated.html for details.
[2.836s]         ********************************************************************************
[2.836s] 
[2.836s] !!
[2.836s]   self.initialize_options()
[2.838s] Invoked command in '/opt/rosmicropy/components/micro_ros_espidf_component/micro_ros_src/src/ros2_tracing/ros2trace' returned '0': AMENT_PREFIX_PATH=/opt/rosmicropy/components/micro_ros_espidf_component/micro_ros_src/install:${AMENT_PREFIX_PATH} CMAKE_PREFIX_PATH=/opt/rosmicropy/components/micro_ros_espidf_component/micro_ros_src/install:${CMAKE_PREFIX_PATH} PATH=/opt/rosmicropy/components/micro_ros_espidf_component/micro_ros_src/install/bin:${PATH} PYTHONPATH=/opt/rosmicropy/components/micro_ros_espidf_component/micro_ros_src/build/ros2trace/prefix_override:/opt/rosmicropy/components/micro_ros_espidf_component/micro_ros_src/install/lib/python3.8/site-packages:/opt/rosmicropy/components/micro_ros_espidf_component/micro_ros_src/install/lib/python3.8/site-packages:${PYTHONPATH} X_CFLAGS=-mlongcalls X_CXXFLAGS=-mlongcalls /opt/esp/python_env/idf5.1_py3.8_env/bin/python setup.py egg_info --egg-base ../../../build/ros2trace build --build-base /opt/rosmicropy/components/micro_ros_espidf_component/micro_ros_src/build/ros2trace/build install --record /opt/rosmicropy/components/micro_ros_espidf_component/micro_ros_src/build/ros2trace/install.log --single-version-externally-managed
